Log file open, 01/20/19 19:21:06
LogWindows: Failed to load 'aqProf.dll' (GetLastError=126)
LogWindows: File 'aqProf.dll' does not exist
LogWindows: Failed to load 'VtuneApi.dll' (GetLastError=126)
LogWindows: File 'VtuneApi.dll' does not exist
LogWindows: Failed to load 'VtuneApi32e.dll' (GetLastError=126)
LogWindows: File 'VtuneApi32e.dll' does not exist
LogConsoleResponse: Display: Failed to find resolution value strings in scalability ini. Falling back to default.
LogInit: Display: Running engine for game: GravRacer
LogPakFile: Registered encryption key '00000000000000000000000000000000': 0 pak files mounted, 0 remain pending
LogPlatformFile: Not using cached read wrapper
LogTaskGraph: Started task graph with 5 named threads and 17 total threads with 3 sets of task threads.
LogStats: Stats thread started at 0.254736
LogD3D11RHI: Loaded GFSDK_Aftermath_Lib.x64.dll
LogICUInternationalization: ICU TimeZone Detection - Raw Offset: +1:00, Platform Override: ''
LogPluginManager: Mounting plugin Paper2D
LogPluginManager: Mounting plugin AISupport
LogPluginManager: Mounting plugin LightPropagationVolume
LogPluginManager: Mounting plugin ActorLayerUtilities
LogPluginManager: Mounting plugin CLionSourceCodeAccess
LogPluginManager: Mounting plugin CodeLiteSourceCodeAccess
LogPluginManager: Mounting plugin GitSourceControl
LogPluginManager: Mounting plugin KDevelopSourceCodeAccess
LogPluginManager: Mounting plugin NullSourceCodeAccess
LogPluginManager: Mounting plugin PerforceSourceControl
LogPluginManager: Mounting plugin SubversionSourceControl
LogPluginManager: Mounting plugin UObjectPlugin
LogPluginManager: Mounting plugin VisualStudioCodeSourceCodeAccess
LogPluginManager: Mounting plugin VisualStudioSourceCodeAccess
LogPluginManager: Mounting plugin XCodeSourceCodeAccess
LogPluginManager: Mounting plugin AssetManagerEditor
LogPluginManager: Mounting plugin CryptoKeys
LogPluginManager: Mounting plugin DataValidation
LogPluginManager: Mounting plugin FacialAnimation
LogPluginManager: Mounting plugin GameplayTagsEditor
LogPluginManager: Mounting plugin MacGraphicsSwitching
LogPluginManager: Mounting plugin MeshEditor
LogPluginManager: Mounting plugin MobileLauncherProfileWizard
LogPluginManager: Mounting plugin PluginBrowser
LogPluginManager: Mounting plugin SpeedTreeImporter
LogPluginManager: Mounting plugin DatasmithContent
LogPluginManager: Mounting plugin VariantManagerContent
LogPluginManager: Mounting plugin AlembicImporter
LogPluginManager: Mounting plugin AppleImageUtils
LogPluginManager: Mounting plugin AppleVision
LogPluginManager: Mounting plugin BackChannel
LogPluginManager: Mounting plugin CharacterAI
LogPluginManager: Mounting plugin GeometryCache
LogPluginManager: Mounting plugin HTML5Networking
LogPluginManager: Mounting plugin ProxyLODPlugin
LogPluginManager: Mounting plugin RawInput
LogPluginManager: Mounting plugin MagicLeap
LogPluginManager: Mounting plugin MagicLeapMedia
LogPluginManager: Mounting plugin AndroidMedia
LogPluginManager: Mounting plugin AvfMedia
LogPluginManager: Mounting plugin ImgMedia
LogPluginManager: Mounting plugin LinearTimecode
LogPluginManager: Mounting plugin MediaCompositing
LogPluginManager: Mounting plugin MediaPlayerEditor
LogPluginManager: Mounting plugin WebMMedia
LogPluginManager: Mounting plugin WmfMedia
LogPluginManager: Mounting plugin TcpMessaging
LogPluginManager: Mounting plugin UdpMessaging
LogPluginManager: Mounting plugin ActorSequence
LogPluginManager: Mounting plugin LevelSequenceEditor
LogPluginManager: Mounting plugin MatineeToLevelSequence
LogPluginManager: Mounting plugin NetcodeUnitTest
LogPluginManager: Mounting plugin NUTUnrealEngine4
LogPluginManager: Mounting plugin OnlineSubsystemGooglePlay
LogPluginManager: Mounting plugin OnlineSubsystemIOS
LogPluginManager: Mounting plugin OnlineSubsystem
LogPluginManager: Mounting plugin OnlineSubsystemNull
LogPluginManager: Mounting plugin OnlineSubsystemUtils
LogPluginManager: Mounting plugin LauncherChunkInstaller
LogPluginManager: Mounting plugin AndroidDeviceProfileSelector
LogPluginManager: Mounting plugin AndroidMoviePlayer
LogPluginManager: Mounting plugin AndroidPermission
LogPluginManager: Mounting plugin AppleMoviePlayer
LogPluginManager: Mounting plugin ArchVisCharacter
LogPluginManager: Mounting plugin AudioCapture
LogPluginManager: Mounting plugin CableComponent
LogPluginManager: Mounting plugin CustomMeshComponent
LogPluginManager: Mounting plugin EditableMesh
LogPluginManager: Mounting plugin ExampleDeviceProfileSelector
LogPluginManager: Mounting plugin Firebase
LogPluginManager: Mounting plugin GoogleCloudMessaging
LogPluginManager: Mounting plugin IOSDeviceProfileSelector
LogPluginManager: Mounting plugin LinuxDeviceProfileSelector
LogPluginManager: Mounting plugin LocationServicesBPLibrary
LogPluginManager: Mounting plugin MobilePatchingUtils
LogPluginManager: Mounting plugin OculusVR
LogPluginManager: Mounting plugin PhysXVehicles
LogPluginManager: Mounting plugin ProceduralMeshComponent
LogPluginManager: Mounting plugin RuntimePhysXCooking
LogPluginManager: Mounting plugin SteamVR
LogPluginManager: Mounting plugin WebMMoviePlayer
LogPluginManager: Mounting plugin WindowsMoviePlayer
LogStreaming: Display: Took  0.119s to configure plugins.
LogInit: Using libcurl 7.55.1-DEV
LogInit:  - built for x86_64-pc-win32
LogInit:  - supports SSL with OpenSSL/1.0.2h
LogInit:  - supports HTTP deflate (compression) using libz 1.2.8
LogInit:  - other features:
LogInit:      CURL_VERSION_SSL
LogInit:      CURL_VERSION_LIBZ
LogInit:      CURL_VERSION_IPV6
LogInit:      CURL_VERSION_ASYNCHDNS
LogInit:      CURL_VERSION_LARGEFILE
LogInit:      CURL_VERSION_IDN
LogInit:  CurlRequestOptions (configurable via config and command line):
LogInit:  - bVerifyPeer = true  - Libcurl will verify peer certificate
LogInit:  - bUseHttpProxy = false  - Libcurl will NOT use HTTP proxy
LogInit:  - bDontReuseConnections = false  - Libcurl will reuse connections
LogInit:  - MaxHostConnections = 16  - Libcurl will limit the number of connections to a host
LogInit:  - LocalHostAddr = Default
LogInit:  - BufferSize = 65536
LogInit: WinSock: version 1.1 (2.2), MaxSocks=32767, MaxUdp=65467
LogInit: Build: ++UE4+Release-4.21-CL-4541578
LogInit: Engine Version: 4.21.0-4541578+++UE4+Release-4.21
LogInit: Compatible Engine Version: 4.21.0-4541578+++UE4+Release-4.21
LogInit: Net CL: 4541578
LogInit: OS: Windows 10 (), CPU: AMD FX(tm)-6300 Six-Core Processor             , GPU: NVIDIA GeForce GTX 960
LogInit: Compiled (64-bit): Nov  6 2018 02:04:24
LogInit: Compiled with Visual C++: 19.13.26129.00
LogInit: Build Configuration: Development
LogInit: Branch Name: ++UE4+Release-4.21
LogInit: Command Line: 
LogInit: Base Directory: C:/Program Files/Epic Games/UE_4.21/Engine/Binaries/Win64/
LogInit: Installed Engine Build: 1
LogDevObjectVersion: Number of dev versions registered: 22
LogDevObjectVersion:   Dev-Blueprints (B0D832E4-1F89-4F0D-ACCF-7EB736FD4AA2): 10
LogDevObjectVersion:   Dev-Build (E1C64328-A22C-4D53-A36C-8E866417BD8C): 0
LogDevObjectVersion:   Dev-Core (375EC13C-06E4-48FB-B500-84F0262A717E): 2
LogDevObjectVersion:   Dev-Editor (E4B068ED-F494-42E9-A231-DA0B2E46BB41): 26
LogDevObjectVersion:   Dev-Framework (CFFC743F-43B0-4480-9391-14DF171D2073): 34
LogDevObjectVersion:   Dev-Mobile (B02B49B5-BB20-44E9-A304-32B752E40360): 2
LogDevObjectVersion:   Dev-Networking (A4E4105C-59A1-49B5-A7C5-40C4547EDFEE): 0
LogDevObjectVersion:   Dev-Online (39C831C9-5AE6-47DC-9A44-9C173E1C8E7C): 0
LogDevObjectVersion:   Dev-Physics (78F01B33-EBEA-4F98-B9B4-84EACCB95AA2): 0
LogDevObjectVersion:   Dev-Platform (6631380F-2D4D-43E0-8009-CF276956A95A): 0
LogDevObjectVersion:   Dev-Rendering (12F88B9F-8875-4AFC-A67C-D90C383ABD29): 27
LogDevObjectVersion:   Dev-Sequencer (7B5AE74C-D270-4C10-A958-57980B212A5A): 9
LogDevObjectVersion:   Dev-VR (D7296918-1DD6-4BDD-9DE2-64A83CC13884): 2
LogDevObjectVersion:   Dev-LoadTimes (C2A15278-BFE7-4AFE-6C17-90FF531DF755): 1
LogDevObjectVersion:   Private-Geometry (6EACA3D4-40EC-4CC1-B786-8BED09428FC5): 3
LogDevObjectVersion:   Dev-AnimPhys (29E575DD-E0A3-4627-9D10-D276232CDCEA): 17
LogDevObjectVersion:   Dev-Anim (AF43A65D-7FD3-4947-9873-3E8ED9C1BB05): 2
LogDevObjectVersion:   Dev-ReflectionCapture (6B266CEC-1EC7-4B8F-A30B-E4D90942FC07): 1
LogDevObjectVersion:   Dev-Automation (0DF73D61-A23F-47EA-B727-89E90C41499A): 1
LogDevObjectVersion:   FortniteMain (601D1886-AC64-4F84-AA16-D3DE0DEAC7D6): 17
LogDevObjectVersion:   Dev-Enterprise (9DFFBCD6-494F-0158-E221-12823C92A888): 4
LogDevObjectVersion:   Dev-Niagara (F2AED0AC-9AFE-416F-8664-AA7FFA26D6FC): 1
LogStreaming: Display: Took  0.006s to delete old logs.
LogInit: Presizing for max 8388607 objects, including 0 objects not considered by GC, pre-allocating 0 bytes for permanent pool.
LogInit: Object subsystem initialized
LogConfig: Setting CVar [[con.DebugEarlyDefault:1]]
LogConfig: Setting CVar [[r.setres:1280x720]]
[2019.01.20-18.21.06:762][  0]LogConfig: Setting CVar [[r.VSync:0]]
[2019.01.20-18.21.06:762][  0]LogConfig: Setting CVar [[r.RHICmdBypass:0]]
[2019.01.20-18.21.06:762][  0]LogConfig: Applying CVar settings from Section [/Script/Engine.RendererSettings] File [C:/Users/Chris/Documents/Unreal Projects/GravRacer/VonMenushit/GravRacer/Saved/Config/Windows/Engine.ini]
[2019.01.20-18.21.06:762][  0]LogConfig: Setting CVar [[r.GPUCrashDebugging:0]]
[2019.01.20-18.21.06:762][  0]LogConfig: Applying CVar settings from Section [/Script/Engine.RendererOverrideSettings] File [C:/Users/Chris/Documents/Unreal Projects/GravRacer/VonMenushit/GravRacer/Saved/Config/Windows/Engine.ini]
[2019.01.20-18.21.06:762][  0]LogConfig: Applying CVar settings from Section [/Script/Engine.StreamingSettings] File [C:/Users/Chris/Documents/Unreal Projects/GravRacer/VonMenushit/GravRacer/Saved/Config/Windows/Engine.ini]
[2019.01.20-18.21.06:762][  0]LogConfig: Setting CVar [[s.MinBulkDataSizeForAsyncLoading:131072]]
[2019.01.20-18.21.06:762][  0]LogConfig: Setting CVar [[s.AsyncLoadingThreadEnabled:0]]
[2019.01.20-18.21.06:762][  0]LogConfig: Setting CVar [[s.EventDrivenLoaderEnabled:1]]
[2019.01.20-18.21.06:762][  0]LogConfig: Setting CVar [[s.WarnIfTimeLimitExceeded:0]]
[2019.01.20-18.21.06:762][  0]LogConfig: Setting CVar [[s.TimeLimitExceededMultiplier:1.5]]
[2019.01.20-18.21.06:762][  0]LogConfig: Setting CVar [[s.TimeLimitExceededMinTime:0.005]]
[2019.01.20-18.21.06:762][  0]LogConfig: Setting CVar [[s.UseBackgroundLevelStreaming:1]]
[2019.01.20-18.21.06:762][  0]LogConfig: Setting CVar [[s.PriorityAsyncLoadingExtraTime:15.0]]
[2019.01.20-18.21.06:762][  0]LogConfig: Setting CVar [[s.LevelStreamingActorsUpdateTimeLimit:5.0]]
[2019.01.20-18.21.06:762][  0]LogConfig: Setting CVar [[s.PriorityLevelStreamingActorsUpdateExtraTime:5.0]]
[2019.01.20-18.21.06:762][  0]LogConfig: Setting CVar [[s.LevelStreamingComponentsRegistrationGranularity:10]]
[2019.01.20-18.21.06:762][  0]LogConfig: Setting CVar [[s.UnregisterComponentsTimeLimit:1.0]]
[2019.01.20-18.21.06:762][  0]LogConfig: Setting CVar [[s.LevelStreamingComponentsUnregistrationGranularity:5]]
[2019.01.20-18.21.06:762][  0]LogConfig: Applying CVar settings from Section [/Script/Engine.GarbageCollectionSettings] File [C:/Users/Chris/Documents/Unreal Projects/GravRacer/VonMenushit/GravRacer/Saved/Config/Windows/Engine.ini]
[2019.01.20-18.21.06:762][  0]LogConfig: Setting CVar [[gc.MaxObjectsNotConsideredByGC:1]]
[2019.01.20-18.21.06:762][  0]LogConfig: Setting CVar [[gc.SizeOfPermanentObjectPool:0]]
[2019.01.20-18.21.06:762][  0]LogConfig: Setting CVar [[gc.FlushStreamingOnGC:0]]
[2019.01.20-18.21.06:762][  0]LogConfig: Setting CVar [[gc.NumRetriesBeforeForcingGC:10]]
[2019.01.20-18.21.06:762][  0]LogConfig: Setting CVar [[gc.AllowParallelGC:1]]
[2019.01.20-18.21.06:762][  0]LogConfig: Setting CVar [[gc.TimeBetweenPurgingPendingKillObjects:61.1]]
[2019.01.20-18.21.06:762][  0]LogConfig: Setting CVar [[gc.MaxObjectsInEditor:8388607]]
[2019.01.20-18.21.06:762][  0]LogConfig: Setting CVar [[gc.IncrementalBeginDestroyEnabled:1]]
[2019.01.20-18.21.06:762][  0]LogConfig: Setting CVar [[gc.CreateGCClusters:1]]
[2019.01.20-18.21.06:762][  0]LogConfig: Setting CVar [[gc.MergeGCClusters:0]]
[2019.01.20-18.21.06:762][  0]LogConfig: Setting CVar [[gc.MinGCClusterSize:5]]
[2019.01.20-18.21.06:762][  0]LogConfig: Setting CVar [[gc.ActorClusteringEnabled:0]]
[2019.01.20-18.21.06:762][  0]LogConfig: Setting CVar [[gc.BlueprintClusteringEnabled:0]]
[2019.01.20-18.21.06:762][  0]LogConfig: Setting CVar [[gc.UseDisregardForGCOnDedicatedServers:0]]
[2019.01.20-18.21.06:762][  0]LogConfig: Applying CVar settings from Section [/Script/Engine.NetworkSettings] File [C:/Users/Chris/Documents/Unreal Projects/GravRacer/VonMenushit/GravRacer/Saved/Config/Windows/Engine.ini]
[2019.01.20-18.21.06:762][  0]LogConfig: Applying CVar settings from Section [/Script/UnrealEd.CookerSettings] File [C:/Users/Chris/Documents/Unreal Projects/GravRacer/VonMenushit/GravRacer/Saved/Config/Windows/Engine.ini]
[2019.01.20-18.21.06:782][  0]LogConfig: Applying CVar settings from Section [ViewDistanceQuality@3] File [C:/Users/Chris/Documents/Unreal Projects/GravRacer/VonMenushit/GravRacer/Saved/Config/Windows/Scalability.ini]
[2019.01.20-18.21.06:782][  0]LogConfig: Setting CVar [[r.SkeletalMeshLODBias:0]]
[2019.01.20-18.21.06:782][  0]LogConfig: Setting CVar [[r.ViewDistanceScale:1.0]]
[2019.01.20-18.21.06:782][  0]LogConfig: Applying CVar settings from Section [AntiAliasingQuality@3] File [C:/Users/Chris/Documents/Unreal Projects/GravRacer/VonMenushit/GravRacer/Saved/Config/Windows/Scalability.ini]
[2019.01.20-18.21.06:782][  0]LogConfig: Setting CVar [[r.PostProcessAAQuality:4]]
[2019.01.20-18.21.06:782][  0]LogConfig: Applying CVar settings from Section [ShadowQuality@3] File [C:/Users/Chris/Documents/Unreal Projects/GravRacer/VonMenushit/GravRacer/Saved/Config/Windows/Scalability.ini]
[2019.01.20-18.21.06:782][  0]LogConfig: Setting CVar [[r.LightFunctionQuality:1]]
[2019.01.20-18.21.06:782][  0]LogConfig: Setting CVar [[r.ShadowQuality:5]]
[2019.01.20-18.21.06:782][  0]LogConfig: Setting CVar [[r.Shadow.CSM.MaxCascades:10]]
[2019.01.20-18.21.06:782][  0]LogConfig: Setting CVar [[r.Shadow.MaxResolution:2048]]
[2019.01.20-18.21.06:782][  0]LogConfig: Setting CVar [[r.Shadow.MaxCSMResolution:2048]]
[2019.01.20-18.21.06:782][  0]LogConfig: Setting CVar [[r.Shadow.RadiusThreshold:0.01]]
[2019.01.20-18.21.06:782][  0]LogConfig: Setting CVar [[r.Shadow.DistanceScale:1.0]]
[2019.01.20-18.21.06:782][  0]LogConfig: Setting CVar [[r.Shadow.CSM.TransitionScale:1.0]]
[2019.01.20-18.21.06:783][  0]LogConfig: Setting CVar [[r.Shadow.PreShadowResolutionFactor:1.0]]
[2019.01.20-18.21.06:783][  0]LogConfig: Setting CVar [[r.DistanceFieldShadowing:1]]
[2019.01.20-18.21.06:783][  0]LogConfig: Setting CVar [[r.DistanceFieldAO:1]]
[2019.01.20-18.21.06:783][  0]LogConfig: Setting CVar [[r.AOQuality:2]]
[2019.01.20-18.21.06:783][  0]LogConfig: Setting CVar [[r.VolumetricFog:1]]
[2019.01.20-18.21.06:783][  0]LogConfig: Setting CVar [[r.VolumetricFog.GridPixelSize:8]]
[2019.01.20-18.21.06:783][  0]LogConfig: Setting CVar [[r.VolumetricFog.GridSizeZ:128]]
[2019.01.20-18.21.06:783][  0]LogConfig: Setting CVar [[r.VolumetricFog.HistoryMissSupersampleCount:4]]
[2019.01.20-18.21.06:783][  0]LogConfig: Setting CVar [[r.LightMaxDrawDistanceScale:1]]
[2019.01.20-18.21.06:783][  0]LogConfig: Setting CVar [[r.CapsuleShadows:1]]
[2019.01.20-18.21.06:783][  0]LogConfig: Applying CVar settings from Section [PostProcessQuality@3] File [C:/Users/Chris/Documents/Unreal Projects/GravRacer/VonMenushit/GravRacer/Saved/Config/Windows/Scalability.ini]
[2019.01.20-18.21.06:783][  0]LogConfig: Setting CVar [[r.MotionBlurQuality:4]]
[2019.01.20-18.21.06:783][  0]LogConfig: Setting CVar [[r.AmbientOcclusionMipLevelFactor:0.4]]
[2019.01.20-18.21.06:783][  0]LogConfig: Setting CVar [[r.AmbientOcclusionMaxQuality:100]]
[2019.01.20-18.21.06:783][  0]LogConfig: Setting CVar [[r.AmbientOcclusionLevels:-1]]
[2019.01.20-18.21.06:783][  0]LogConfig: Setting CVar [[r.AmbientOcclusionRadiusScale:1.0]]
[2019.01.20-18.21.06:783][  0]LogConfig: Setting CVar [[r.DepthOfFieldQuality:2]]
[2019.01.20-18.21.06:783][  0]LogConfig: Setting CVar [[r.RenderTargetPoolMin:400]]
[2019.01.20-18.21.06:783][  0]LogConfig: Setting CVar [[r.LensFlareQuality:2]]
[2019.01.20-18.21.06:783][  0]LogConfig: Setting CVar [[r.SceneColorFringeQuality:1]]
[2019.01.20-18.21.06:783][  0]LogConfig: Setting CVar [[r.EyeAdaptationQuality:2]]
[2019.01.20-18.21.06:783][  0]LogConfig: Setting CVar [[r.BloomQuality:5]]
[2019.01.20-18.21.06:783][  0]LogConfig: Setting CVar [[r.FastBlurThreshold:100]]
[2019.01.20-18.21.06:783][  0]LogConfig: Setting CVar [[r.Upscale.Quality:3]]
[2019.01.20-18.21.06:783][  0]LogConfig: Setting CVar [[r.Tonemapper.GrainQuantization:1]]
[2019.01.20-18.21.06:783][  0]LogConfig: Setting CVar [[r.LightShaftQuality:1]]
[2019.01.20-18.21.06:783][  0]LogConfig: Setting CVar [[r.Filter.SizeScale:1]]
[2019.01.20-18.21.06:783][  0]LogConfig: Setting CVar [[r.Tonemapper.Quality:5]]
[2019.01.20-18.21.06:783][  0]LogConfig: Setting CVar [[r.DOF.Gather.AccumulatorQuality:1        ; higher gathering accumulator quality]]
[2019.01.20-18.21.06:783][  0]LogConfig: Setting CVar [[r.DOF.Gather.PostfilterMethod:1          ; Median3x3 postfilering method]]
[2019.01.20-18.21.06:783][  0]LogConfig: Setting CVar [[r.DOF.Gather.EnableBokehSettings:0       ; no bokeh simulation when gathering]]
[2019.01.20-18.21.06:783][  0]LogConfig: Setting CVar [[r.DOF.Gather.RingCount:4                 ; medium number of samples when gathering]]
[2019.01.20-18.21.06:783][  0]LogConfig: Setting CVar [[r.DOF.Scatter.ForegroundCompositing:1    ; additive foreground scattering]]
[2019.01.20-18.21.06:783][  0]LogConfig: Setting CVar [[r.DOF.Scatter.BackgroundCompositing:2    ; additive background scattering]]
[2019.01.20-18.21.06:783][  0]LogConfig: Setting CVar [[r.DOF.Scatter.EnableBokehSettings:1      ; bokeh simulation when scattering]]
[2019.01.20-18.21.06:783][  0]LogConfig: Setting CVar [[r.DOF.Scatter.MaxSpriteRatio:0.1         ; only a maximum of 10% of scattered bokeh]]
[2019.01.20-18.21.06:783][  0]LogConfig: Setting CVar [[r.DOF.Recombine.Quality:1                ; cheap slight out of focus]]
[2019.01.20-18.21.06:783][  0]LogConfig: Setting CVar [[r.DOF.Recombine.EnableBokehSettings:0    ; no bokeh simulation on slight out of focus]]
[2019.01.20-18.21.06:783][  0]LogConfig: Setting CVar [[r.DOF.TemporalAAQuality:1                ; more stable temporal accumulation]]
[2019.01.20-18.21.06:783][  0]LogConfig: Setting CVar [[r.DOF.Kernel.MaxForegroundRadius:0.025]]
[2019.01.20-18.21.06:783][  0]LogConfig: Setting CVar [[r.DOF.Kernel.MaxBackgroundRadius:0.025]]
[2019.01.20-18.21.06:783][  0]LogConfig: Applying CVar settings from Section [TextureQuality@3] File [C:/Users/Chris/Documents/Unreal Projects/GravRacer/VonMenushit/GravRacer/Saved/Config/Windows/Scalability.ini]
[2019.01.20-18.21.06:783][  0]LogConfig: Setting CVar [[r.Streaming.MipBias:0]]
[2019.01.20-18.21.06:783][  0]LogConfig: Setting CVar [[r.Streaming.AmortizeCPUToGPUCopy:0]]
[2019.01.20-18.21.06:783][  0]LogConfig: Setting CVar [[r.Streaming.MaxNumTexturesToStreamPerFrame:0]]
[2019.01.20-18.21.06:783][  0]LogConfig: Setting CVar [[r.Streaming.Boost:1]]
[2019.01.20-18.21.06:783][  0]LogConfig: Setting CVar [[r.MaxAnisotropy:8]]
[2019.01.20-18.21.06:783][  0]LogConfig: Setting CVar [[r.Streaming.LimitPoolSizeToVRAM:0]]
[2019.01.20-18.21.06:783][  0]LogConfig: Setting CVar [[r.Streaming.PoolSize:1000]]
[2019.01.20-18.21.06:783][  0]LogConfig: Setting CVar [[r.Streaming.MaxEffectiveScreenSize:0]]
[2019.01.20-18.21.06:783][  0]LogConfig: Applying CVar settings from Section [EffectsQuality@3] File [C:/Users/Chris/Documents/Unreal Projects/GravRacer/VonMenushit/GravRacer/Saved/Config/Windows/Scalability.ini]
[2019.01.20-18.21.06:784][  0]LogConfig: Setting CVar [[r.TranslucencyLightingVolumeDim:64]]
[2019.01.20-18.21.06:784][  0]LogConfig: Setting CVar [[r.RefractionQuality:2]]
[2019.01.20-18.21.06:784][  0]LogConfig: Setting CVar [[r.SSR.Quality:3]]
[2019.01.20-18.21.06:784][  0]LogConfig: Setting CVar [[r.SceneColorFormat:4]]
[2019.01.20-18.21.06:784][  0]LogConfig: Setting CVar [[r.DetailMode:2]]
[2019.01.20-18.21.06:784][  0]LogConfig: Setting CVar [[r.TranslucencyVolumeBlur:1]]
[2019.01.20-18.21.06:784][  0]LogConfig: Setting CVar [[r.MaterialQualityLevel:1 ; High quality]]
[2019.01.20-18.21.06:784][  0]LogConfig: Setting CVar [[r.SSS.Scale:1]]
[2019.01.20-18.21.06:784][  0]LogConfig: Setting CVar [[r.SSS.SampleSet:2]]
[2019.01.20-18.21.06:784][  0]LogConfig: Setting CVar [[r.SSS.Quality:1]]
[2019.01.20-18.21.06:784][  0]LogConfig: Setting CVar [[r.SSS.HalfRes:1]]
[2019.01.20-18.21.06:784][  0]LogConfig: Setting CVar [[r.EmitterSpawnRateScale:1.0]]
[2019.01.20-18.21.06:784][  0]LogConfig: Setting CVar [[r.ParticleLightQuality:2]]
[2019.01.20-18.21.06:784][  0]LogConfig: Applying CVar settings from Section [FoliageQuality@3] File [C:/Users/Chris/Documents/Unreal Projects/GravRacer/VonMenushit/GravRacer/Saved/Config/Windows/Scalability.ini]
[2019.01.20-18.21.06:784][  0]LogConfig: Setting CVar [[foliage.DensityScale:1.0]]
[2019.01.20-18.21.06:784][  0]LogConfig: Setting CVar [[grass.DensityScale:1.0]]
[2019.01.20-18.21.06:784][  0]LogInit: Selected Device Profile: [Windows]
[2019.01.20-18.21.06:784][  0]LogInit: Applying CVar settings loaded from the selected device profile: [Windows]
[2019.01.20-18.21.06:802][  0]LogHAL: Display: Platform has ~ 16 GB [17125400576 / 17179869184 / 16], which maps to Larger [LargestMinGB=32, LargerMinGB=12, DefaultMinGB=8, SmallerMinGB=6, SmallestMinGB=0)
[2019.01.20-18.21.06:802][  0]LogConfig: Setting CVar [[r.Vulkan.UseRealUBs:1]]
[2019.01.20-18.21.06:802][  0]LogInit: Going up to parent DeviceProfile []
[2019.01.20-18.21.06:802][  0]LogConfig: Applying CVar settings from Section [ViewDistanceQuality@3] File [C:/Users/Chris/Documents/Unreal Projects/GravRacer/VonMenushit/GravRacer/Saved/Config/Windows/Scalability.ini]
[2019.01.20-18.21.06:802][  0]LogConfig: Setting CVar [[r.SkeletalMeshLODBias:0]]
[2019.01.20-18.21.06:802][  0]LogConfig: Setting CVar [[r.ViewDistanceScale:1.0]]
[2019.01.20-18.21.06:802][  0]LogConfig: Applying CVar settings from Section [AntiAliasingQuality@3] File [C:/Users/Chris/Documents/Unreal Projects/GravRacer/VonMenushit/GravRacer/Saved/Config/Windows/Scalability.ini]
[2019.01.20-18.21.06:802][  0]LogConfig: Setting CVar [[r.PostProcessAAQuality:4]]
[2019.01.20-18.21.06:802][  0]LogConfig: Applying CVar settings from Section [ShadowQuality@3] File [C:/Users/Chris/Documents/Unreal Projects/GravRacer/VonMenushit/GravRacer/Saved/Config/Windows/Scalability.ini]
[2019.01.20-18.21.06:802][  0]LogConfig: Setting CVar [[r.LightFunctionQuality:1]]
[2019.01.20-18.21.06:802][  0]LogConfig: Setting CVar [[r.ShadowQuality:5]]
[2019.01.20-18.21.06:802][  0]LogConfig: Setting CVar [[r.Shadow.CSM.MaxCascades:10]]
[2019.01.20-18.21.06:802][  0]LogConfig: Setting CVar [[r.Shadow.MaxResolution:2048]]
[2019.01.20-18.21.06:802][  0]LogConfig: Setting CVar [[r.Shadow.MaxCSMResolution:2048]]
[2019.01.20-18.21.06:802][  0]LogConfig: Setting CVar [[r.Shadow.RadiusThreshold:0.01]]
[2019.01.20-18.21.06:802][  0]LogConfig: Setting CVar [[r.Shadow.DistanceScale:1.0]]
[2019.01.20-18.21.06:802][  0]LogConfig: Setting CVar [[r.Shadow.CSM.TransitionScale:1.0]]
[2019.01.20-18.21.06:802][  0]LogConfig: Setting CVar [[r.Shadow.PreShadowResolutionFactor:1.0]]
[2019.01.20-18.21.06:802][  0]LogConfig: Setting CVar [[r.DistanceFieldShadowing:1]]
[2019.01.20-18.21.06:802][  0]LogConfig: Setting CVar [[r.DistanceFieldAO:1]]
[2019.01.20-18.21.06:802][  0]LogConfig: Setting CVar [[r.AOQuality:2]]
[2019.01.20-18.21.06:802][  0]LogConfig: Setting CVar [[r.VolumetricFog:1]]
[2019.01.20-18.21.06:802][  0]LogConfig: Setting CVar [[r.VolumetricFog.GridPixelSize:8]]
[2019.01.20-18.21.06:802][  0]LogConfig: Setting CVar [[r.VolumetricFog.GridSizeZ:128]]
[2019.01.20-18.21.06:803][  0]LogConfig: Setting CVar [[r.VolumetricFog.HistoryMissSupersampleCount:4]]
[2019.01.20-18.21.06:803][  0]LogConfig: Setting CVar [[r.LightMaxDrawDistanceScale:1]]
[2019.01.20-18.21.06:803][  0]LogConfig: Setting CVar [[r.CapsuleShadows:1]]
[2019.01.20-18.21.06:803][  0]LogConfig: Applying CVar settings from Section [PostProcessQuality@3] File [C:/Users/Chris/Documents/Unreal Projects/GravRacer/VonMenushit/GravRacer/Saved/Config/Windows/Scalability.ini]
[2019.01.20-18.21.06:803][  0]LogConfig: Setting CVar [[r.MotionBlurQuality:4]]
[2019.01.20-18.21.06:803][  0]LogConfig: Setting CVar [[r.AmbientOcclusionMipLevelFactor:0.4]]
[2019.01.20-18.21.06:803][  0]LogConfig: Setting CVar [[r.AmbientOcclusionMaxQuality:100]]
[2019.01.20-18.21.06:803][  0]LogConfig: Setting CVar [[r.AmbientOcclusionLevels:-1]]
[2019.01.20-18.21.06:803][  0]LogConfig: Setting CVar [[r.AmbientOcclusionRadiusScale:1.0]]
[2019.01.20-18.21.06:803][  0]LogConfig: Setting CVar [[r.DepthOfFieldQuality:2]]
[2019.01.20-18.21.06:803][  0]LogConfig: Setting CVar [[r.RenderTargetPoolMin:400]]
[2019.01.20-18.21.06:803][  0]LogConfig: Setting CVar [[r.LensFlareQuality:2]]
[2019.01.20-18.21.06:803][  0]LogConfig: Setting CVar [[r.SceneColorFringeQuality:1]]
[2019.01.20-18.21.06:803][  0]LogConfig: Setting CVar [[r.EyeAdaptationQuality:2]]
[2019.01.20-18.21.06:803][  0]LogConfig: Setting CVar [[r.BloomQuality:5]]
[2019.01.20-18.21.06:803][  0]LogConfig: Setting CVar [[r.FastBlurThreshold:100]]
[2019.01.20-18.21.06:803][  0]LogConfig: Setting CVar [[r.Upscale.Quality:3]]
[2019.01.20-18.21.06:803][  0]LogConfig: Setting CVar [[r.Tonemapper.GrainQuantization:1]]
[2019.01.20-18.21.06:803][  0]LogConfig: Setting CVar [[r.LightShaftQuality:1]]
[2019.01.20-18.21.06:803][  0]LogConfig: Setting CVar [[r.Filter.SizeScale:1]]
[2019.01.20-18.21.06:803][  0]LogConfig: Setting CVar [[r.Tonemapper.Quality:5]]
[2019.01.20-18.21.06:803][  0]LogConfig: Setting CVar [[r.DOF.Gather.AccumulatorQuality:1        ; higher gathering accumulator quality]]
[2019.01.20-18.21.06:803][  0]LogConfig: Setting CVar [[r.DOF.Gather.PostfilterMethod:1          ; Median3x3 postfilering method]]
[2019.01.20-18.21.06:803][  0]LogConfig: Setting CVar [[r.DOF.Gather.EnableBokehSettings:0       ; no bokeh simulation when gathering]]
[2019.01.20-18.21.06:803][  0]LogConfig: Setting CVar [[r.DOF.Gather.RingCount:4                 ; medium number of samples when gathering]]
[2019.01.20-18.21.06:803][  0]LogConfig: Setting CVar [[r.DOF.Scatter.ForegroundCompositing:1    ; additive foreground scattering]]
[2019.01.20-18.21.06:803][  0]LogConfig: Setting CVar [[r.DOF.Scatter.BackgroundCompositing:2    ; additive background scattering]]
[2019.01.20-18.21.06:803][  0]LogConfig: Setting CVar [[r.DOF.Scatter.EnableBokehSettings:1      ; bokeh simulation when scattering]]
[2019.01.20-18.21.06:803][  0]LogConfig: Setting CVar [[r.DOF.Scatter.MaxSpriteRatio:0.1         ; only a maximum of 10% of scattered bokeh]]
[2019.01.20-18.21.06:803][  0]LogConfig: Setting CVar [[r.DOF.Recombine.Quality:1                ; cheap slight out of focus]]
[2019.01.20-18.21.06:803][  0]LogConfig: Setting CVar [[r.DOF.Recombine.EnableBokehSettings:0    ; no bokeh simulation on slight out of focus]]
[2019.01.20-18.21.06:803][  0]LogConfig: Setting CVar [[r.DOF.TemporalAAQuality:1                ; more stable temporal accumulation]]
[2019.01.20-18.21.06:803][  0]LogConfig: Setting CVar [[r.DOF.Kernel.MaxForegroundRadius:0.025]]
[2019.01.20-18.21.06:803][  0]LogConfig: Setting CVar [[r.DOF.Kernel.MaxBackgroundRadius:0.025]]
[2019.01.20-18.21.06:803][  0]LogConfig: Applying CVar settings from Section [TextureQuality@3] File [C:/Users/Chris/Documents/Unreal Projects/GravRacer/VonMenushit/GravRacer/Saved/Config/Windows/Scalability.ini]
[2019.01.20-18.21.06:803][  0]LogConfig: Setting CVar [[r.Streaming.MipBias:0]]
[2019.01.20-18.21.06:803][  0]LogConfig: Setting CVar [[r.Streaming.AmortizeCPUToGPUCopy:0]]
[2019.01.20-18.21.06:803][  0]LogConfig: Setting CVar [[r.Streaming.MaxNumTexturesToStreamPerFrame:0]]
[2019.01.20-18.21.06:803][  0]LogConfig: Setting CVar [[r.Streaming.Boost:1]]
[2019.01.20-18.21.06:803][  0]LogConfig: Setting CVar [[r.MaxAnisotropy:8]]
[2019.01.20-18.21.06:803][  0]LogConfig: Setting CVar [[r.Streaming.LimitPoolSizeToVRAM:0]]
[2019.01.20-18.21.06:803][  0]LogConfig: Setting CVar [[r.Streaming.PoolSize:1000]]
[2019.01.20-18.21.06:803][  0]LogConfig: Setting CVar [[r.Streaming.MaxEffectiveScreenSize:0]]
[2019.01.20-18.21.06:803][  0]LogConfig: Applying CVar settings from Section [EffectsQuality@3] File [C:/Users/Chris/Documents/Unreal Projects/GravRacer/VonMenushit/GravRacer/Saved/Config/Windows/Scalability.ini]
[2019.01.20-18.21.06:803][  0]LogConfig: Setting CVar [[r.TranslucencyLightingVolumeDim:64]]
[2019.01.20-18.21.06:803][  0]LogConfig: Setting CVar [[r.RefractionQuality:2]]
[2019.01.20-18.21.06:803][  0]LogConfig: Setting CVar [[r.SSR.Quality:3]]
[2019.01.20-18.21.06:803][  0]LogConfig: Setting CVar [[r.SceneColorFormat:4]]
[2019.01.20-18.21.06:803][  0]LogConfig: Setting CVar [[r.DetailMode:2]]
[2019.01.20-18.21.06:803][  0]LogConfig: Setting CVar [[r.TranslucencyVolumeBlur:1]]
[2019.01.20-18.21.06:804][  0]LogConfig: Setting CVar [[r.MaterialQualityLevel:1 ; High quality]]
[2019.01.20-18.21.06:804][  0]LogConfig: Setting CVar [[r.SSS.Scale:1]]
[2019.01.20-18.21.06:804][  0]LogConfig: Setting CVar [[r.SSS.SampleSet:2]]
[2019.01.20-18.21.06:804][  0]LogConfig: Setting CVar [[r.SSS.Quality:1]]
[2019.01.20-18.21.06:804][  0]LogConfig: Setting CVar [[r.SSS.HalfRes:1]]
[2019.01.20-18.21.06:804][  0]LogConfig: Setting CVar [[r.EmitterSpawnRateScale:1.0]]
[2019.01.20-18.21.06:804][  0]LogConfig: Setting CVar [[r.ParticleLightQuality:2]]
[2019.01.20-18.21.06:804][  0]LogConfig: Applying CVar settings from Section [FoliageQuality@3] File [C:/Users/Chris/Documents/Unreal Projects/GravRacer/VonMenushit/GravRacer/Saved/Config/Windows/Scalability.ini]
[2019.01.20-18.21.06:804][  0]LogConfig: Setting CVar [[foliage.DensityScale:1.0]]
[2019.01.20-18.21.06:804][  0]LogConfig: Setting CVar [[grass.DensityScale:1.0]]
[2019.01.20-18.21.06:804][  0]LogConfig: Applying CVar settings from Section [Startup] File [../../../Engine/Config/ConsoleVariables.ini]
[2019.01.20-18.21.06:804][  0]LogConfig: Setting CVar [[net.UseAdaptiveNetUpdateFrequency:0]]
[2019.01.20-18.21.06:804][  0]LogConfig: Applying CVar settings from Section [ConsoleVariables] File [C:/Users/Chris/Documents/Unreal Projects/GravRacer/VonMenushit/GravRacer/Saved/Config/Windows/Engine.ini]
[2019.01.20-18.21.06:804][  0]LogInit: Computer: DESKTOP-3FK0QE0
[2019.01.20-18.21.06:804][  0]LogInit: User: Chris
[2019.01.20-18.21.06:804][  0]LogInit: CPU Page size=4096, Cores=3
[2019.01.20-18.21.06:804][  0]LogInit: High frequency timer resolution =3.674222 MHz
[2019.01.20-18.21.06:805][  0]LogMemory: Memory total: Physical=15.9GB (16GB approx)
[2019.01.20-18.21.06:805][  0]LogMemory: Platform Memory Stats for Windows
[2019.01.20-18.21.06:805][  0]LogMemory: Process Physical Memory: 103.61 MB used, 103.61 MB peak
[2019.01.20-18.21.06:805][  0]LogMemory: Process Virtual Memory: 92.95 MB used, 92.95 MB peak
[2019.01.20-18.21.06:805][  0]LogMemory: Physical Memory: 6695.60 MB used,  9636.45 MB free, 16332.05 MB total
[2019.01.20-18.21.06:805][  0]LogMemory: Virtual Memory: 4641.62 MB used,  134213088.00 MB free, 134217728.00 MB total
[2019.01.20-18.21.06:829][  0]LogInit: Using OS detected language (de-DE).
[2019.01.20-18.21.06:829][  0]LogInit: Using OS detected locale (de-DE).
[2019.01.20-18.21.06:831][  0]LogTextLocalizationManager: No specific localization for 'de-DE' exists, so the 'de' localization will be used.
[2019.01.20-18.21.06:833][  0]LogStreaming: Display: Took  0.004s to InitEngineTextLocalization.
[2019.01.20-18.21.06:833][  0]LogInit: Setting process to per monitor DPI aware
[2019.01.20-18.21.06:907][  0]LogSlate: New Slate User Created.  User Index 0, Is Virtual User: 0
[2019.01.20-18.21.06:907][  0]LogSlate: Slate User Registered.  User Index 0, Is Virtual User: 0
[2019.01.20-18.21.07:187][  0]LogHMD: Failed to initialize OpenVR with code 110
[2019.01.20-18.21.07:187][  0]LogD3D11RHI: D3D11 adapters:
[2019.01.20-18.21.07:277][  0]LogD3D11RHI:    0. 'NVIDIA GeForce GTX 960' (Feature Level 11_0)
[2019.01.20-18.21.07:277][  0]LogD3D11RHI:       4053/0/8166 MB DedicatedVideo/DedicatedSystem/SharedSystem, Outputs:2, VendorId:0x10de
[2019.01.20-18.21.07:280][  0]LogD3D11RHI:    1. 'Microsoft Basic Render Driver' (Feature Level 11_0)
[2019.01.20-18.21.07:280][  0]LogD3D11RHI:       0/0/8166 MB DedicatedVideo/DedicatedSystem/SharedSystem, Outputs:0, VendorId:0x1414
[2019.01.20-18.21.07:280][  0]LogD3D11RHI: Chosen D3D11 Adapter: 0
[2019.01.20-18.21.07:289][  0]LogD3D11RHI: Creating new Direct3DDevice
[2019.01.20-18.21.07:289][  0]LogD3D11RHI:     GPU DeviceId: 0x1401 (for the marketing name, search the web for "GPU Device Id")
[2019.01.20-18.21.07:290][  0]LogWindows: EnumDisplayDevices:
[2019.01.20-18.21.07:290][  0]LogWindows:    0. 'NVIDIA GeForce GTX 960' (P:1 D:1)
[2019.01.20-18.21.07:290][  0]LogWindows:    1. 'NVIDIA GeForce GTX 960' (P:0 D:1)
[2019.01.20-18.21.07:290][  0]LogWindows:    2. 'NVIDIA GeForce GTX 960' (P:0 D:0)
[2019.01.20-18.21.07:291][  0]LogWindows:    3. 'NVIDIA GeForce GTX 960' (P:0 D:0)
[2019.01.20-18.21.07:291][  0]LogWindows: DebugString: FoundDriverCount:4 
[2019.01.20-18.21.07:291][  0]LogD3D11RHI:     Adapter Name: NVIDIA GeForce GTX 960
[2019.01.20-18.21.07:291][  0]LogD3D11RHI:   Driver Version: 417.01 (internal:25.21.14.1701, unified:417.01)
[2019.01.20-18.21.07:291][  0]LogD3D11RHI:      Driver Date: 11-15-2018
[2019.01.20-18.21.07:291][  0]LogRHI: Texture pool is 2837 MB (70% of 4053 MB)
[2019.01.20-18.21.07:357][  0]LogD3D11RHI: Async texture creation enabled
[2019.01.20-18.21.07:377][  0]LogD3D11RHI: GPU Timing Frequency: 1000.000000 (Debug: 2 2)
[2019.01.20-18.21.07:798][  0]LogTemp: Display: Loaded TP AllDesktopTargetPlatform
[2019.01.20-18.21.07:819][  0]LogTemp: Display: Loaded TP MacClientTargetPlatform
[2019.01.20-18.21.07:840][  0]LogTemp: Display: Loaded TP MacNoEditorTargetPlatform
[2019.01.20-18.21.07:861][  0]LogTemp: Display: Loaded TP MacServerTargetPlatform
[2019.01.20-18.21.07:883][  0]LogTemp: Display: Loaded TP MacTargetPlatform
[2019.01.20-18.21.07:903][  0]LogTemp: Display: Loaded TP WindowsClientTargetPlatform
[2019.01.20-18.21.07:924][  0]LogTemp: Display: Loaded TP WindowsNoEditorTargetPlatform
[2019.01.20-18.21.07:945][  0]LogTemp: Display: Loaded TP WindowsServerTargetPlatform
[2019.01.20-18.21.07:955][  0]LogTemp: Display: Loaded TP WindowsTargetPlatform
[2019.01.20-18.21.08:077][  0]LogTemp: Display: Loaded TP AndroidTargetPlatform
[2019.01.20-18.21.08:077][  0]LogTemp: Display: Loaded TP AndroidTargetPlatform
[2019.01.20-18.21.08:077][  0]LogTemp: Display: Loaded TP AndroidTargetPlatform
[2019.01.20-18.21.08:077][  0]LogTemp: Display: Loaded TP AndroidTargetPlatform
[2019.01.20-18.21.08:077][  0]LogTemp: Display: Loaded TP AndroidTargetPlatform
[2019.01.20-18.21.08:077][  0]LogTemp: Display: Loaded TP AndroidTargetPlatform
[2019.01.20-18.21.08:077][  0]LogTemp: Display: Loaded TP AndroidTargetPlatform
[2019.01.20-18.21.08:077][  0]LogTemp: Display: Loaded TP AndroidTargetPlatform
[2019.01.20-18.21.08:077][  0]LogTemp: Display: Loaded TP AndroidTargetPlatform
[2019.01.20-18.21.08:077][  0]LogTemp: Display: Loaded TP AndroidTargetPlatform
[2019.01.20-18.21.08:077][  0]LogTemp: Display: Loaded TP AndroidTargetPlatform
[2019.01.20-18.21.08:077][  0]LogTemp: Display: Loaded TP AndroidTargetPlatform
[2019.01.20-18.21.08:077][  0]LogTemp: Display: Loaded TP AndroidTargetPlatform
[2019.01.20-18.21.08:077][  0]LogTemp: Display: Loaded TP AndroidTargetPlatform
[2019.01.20-18.21.08:077][  0]LogTemp: Display: Loaded TP AndroidTargetPlatform
[2019.01.20-18.21.08:077][  0]LogTemp: Display: Loaded TP AndroidTargetPlatform
[2019.01.20-18.21.08:077][  0]LogTemp: Display: Loaded TP AndroidTargetPlatform
[2019.01.20-18.21.08:077][  0]LogTemp: Display: Loaded TP AndroidTargetPlatform
[2019.01.20-18.21.08:079][  0]LogTemp: Display: Loaded TP HTML5TargetPlatform
[2019.01.20-18.21.08:156][  0]LogTemp: Display: Loaded TP IOSTargetPlatform
[2019.01.20-18.21.08:156][  0]LogTemp: Display: Loaded TP IOSTargetPlatform
[2019.01.20-18.21.08:192][  0]LogTemp: Display: Loaded TP TVOSTargetPlatform
[2019.01.20-18.21.08:192][  0]LogTemp: Display: Loaded TP TVOSTargetPlatform
[2019.01.20-18.21.08:211][  0]LogTemp: Display: Loaded TP LinuxClientTargetPlatform
[2019.01.20-18.21.08:229][  0]LogTemp: Display: Loaded TP LinuxNoEditorTargetPlatform
[2019.01.20-18.21.08:248][  0]LogTemp: Display: Loaded TP LinuxServerTargetPlatform
[2019.01.20-18.21.08:267][  0]LogTemp: Display: Loaded TP LinuxTargetPlatform
[2019.01.20-18.21.08:334][  0]LogTemp: Display: Loaded TP LuminTargetPlatform
[2019.01.20-18.21.08:334][  0]LogTemp: Display: Loaded TP LuminTargetPlatform
[2019.01.20-18.21.08:334][  0]LogTargetPlatformManager: Display: Building Assets For Windows
[2019.01.20-18.21.08:415][  0]LogShaderCompilers: Guid format shader working directory is -41 characters bigger than the processId version (../../../../../../Users/Chris/Documents/Unreal Projects/GravRacer/VonMenushit/GravRacer/Intermediate/Shaders/WorkingDirectory/3088/).
[2019.01.20-18.21.08:415][  0]LogShaderCompilers: Cleaned the shader compiler working directory 'C:/Users/Chris/AppData/Local/Temp/UnrealShaderWorkingDir/72691B1A405472B37A9E09BC1030DA1B/'.
[2019.01.20-18.21.08:418][  0]LogXGEController: Cleaning working directory: C:/Users/Chris/AppData/Local/Temp/UnrealXGEWorkingDir/
[2019.01.20-18.21.08:418][  0]LogXGEController: Cannot use XGE Controller as Incredibuild is not installed on this machine.
[2019.01.20-18.21.08:419][  0]LogShaderCompilers: Cannot use XGE Shader Compiler as Incredibuild is not installed on this machine.
[2019.01.20-18.21.08:419][  0]LogShaderCompilers: Display: Using Local Shader Compiler.
[2019.01.20-18.21.09:248][  0]LogDerivedDataCache: Display: Max Cache Size: 512 MB
[2019.01.20-18.21.09:347][  0]LogDerivedDataCache: Loaded boot cache 0.10s 71MB C:/Users/Chris/AppData/Local/UnrealEngine/4.21/DerivedDataCache/Boot.ddc.
[2019.01.20-18.21.09:347][  0]LogDerivedDataCache: Display: Loaded Boot cache: C:/Users/Chris/AppData/Local/UnrealEngine/4.21/DerivedDataCache/Boot.ddc
[2019.01.20-18.21.09:347][  0]LogDerivedDataCache: FDerivedDataBackendGraph:  Pak pak cache file ../../../../../../Users/Chris/Documents/Unreal Projects/GravRacer/VonMenushit/GravRacer/DerivedDataCache/DDC.ddp not found, will not use a pak cache.
[2019.01.20-18.21.09:347][  0]LogDerivedDataCache: Unable to find inner node Pak for hierarchical cache Hierarchy.
[2019.01.20-18.21.09:347][  0]LogDerivedDataCache: FDerivedDataBackendGraph:  CompressedPak pak cache file ../../../../../../Users/Chris/Documents/Unreal Projects/GravRacer/VonMenushit/GravRacer/DerivedDataCache/Compressed.ddp not found, will not use a pak cache.
[2019.01.20-18.21.09:347][  0]LogDerivedDataCache: Unable to find inner node CompressedPak for hierarchical cache Hierarchy.
[2019.01.20-18.21.09:365][  0]LogDerivedDataCache: Display: Pak cache opened for reading ../../../Engine/DerivedDataCache/Compressed.ddp.
[2019.01.20-18.21.09:365][  0]LogDerivedDataCache: FDerivedDataBackendGraph:  EnterprisePak pak cache file ../../../Enterprise/DerivedDataCache/Compressed.ddp not found, will not use a pak cache.
[2019.01.20-18.21.09:365][  0]LogDerivedDataCache: Unable to find inner node EnterprisePak for hierarchical cache Hierarchy.
[2019.01.20-18.21.09:377][  0]LogDerivedDataCache: Using Local data cache path C:/Users/Chris/AppData/Local/UnrealEngine/Common/DerivedDataCache: Writable
[2019.01.20-18.21.09:377][  0]LogDerivedDataCache: Shared data cache path not found in *engine.ini, will not use an Shared cache.
[2019.01.20-18.21.09:377][  0]LogDerivedDataCache: Unable to find inner node Shared for hierarchical cache Hierarchy.
[2019.01.20-18.21.09:412][  0]LogMaterial: Verifying Global Shaders for PCD3D_SM5
[2019.01.20-18.21.09:414][  0]LogSlate: Using FreeType 2.6.0
[2019.01.20-18.21.09:414][  0]LogSlate: SlateFontServices - WITH_FREETYPE: 1, WITH_HARFBUZZ: 1
[2019.01.20-18.21.09:529][  0]LogAssetRegistry: FAssetRegistry took 0.0402 seconds to start up
[2019.01.20-18.21.10:103][  0]LogInit: Selected Device Profile: [Windows]
[2019.01.20-18.21.10:329][  0]LogSimplygon: Simplygon DLL not present - disabling.
[2019.01.20-18.21.10:335][  0]LogMeshReduction: Using SimplygonSwarm for distributed automatic mesh merging
[2019.01.20-18.21.10:335][  0]LogMeshReduction: Using ProxyLODMeshReduction for automatic mesh merging
[2019.01.20-18.21.10:335][  0]LogMeshReduction: Using QuadricMeshReduction for automatic static mesh reduction
[2019.01.20-18.21.10:335][  0]LogMeshReduction: No automatic skeletal mesh reduction module available
[2019.01.20-18.21.10:353][  0]LogNetVersion: GravRacer 1.0.0, NetCL: 4541578, EngineNetVer: 5, GameNetVer: 0 (Checksum: 815909813)
[2019.01.20-18.21.11:120][  0]LogPackageLocalizationCache: Processed 11 localized package path(s) for 2 prioritized culture(s) in 0.131781 seconds
[2019.01.20-18.21.11:128][  0]LogUObjectArray: 39775 objects as part of root set at end of initial load.
[2019.01.20-18.21.11:128][  0]LogUObjectAllocator: 6914656 out of 0 bytes used by permanent object pool.
[2019.01.20-18.21.11:128][  0]LogUObjectArray: CloseDisregardForGC: 0/0 objects in disregard for GC pool
[2019.01.20-18.21.12:264][  0]LogTcpMessaging: Initializing TcpMessaging bridge
[2019.01.20-18.21.12:278][  0]LogUdpMessaging: Initializing bridge on interface 0.0.0.0:0 to multicast group 230.0.0.1:6666.
[2019.01.20-18.21.13:126][  0]SourceControl: Source control is disabled
[2019.01.20-18.21.13:126][  0]SourceControl: Source control is disabled
[2019.01.20-18.21.13:128][  0]SourceControl: Source control is disabled
[2019.01.20-18.21.13:129][  0]SourceControl: Source control is disabled
[2019.01.20-18.21.13:316][  0]LogAndroidPermission: UAndroidPermissionCallbackProxy::GetInstance
[2019.01.20-18.21.13:380][  0]LogOcInput: OculusInput pre-init called
[2019.01.20-18.21.13:535][  0]LogEngine: Initializing Engine...
[2019.01.20-18.21.13:536][  0]LogHMD: Failed to initialize OpenVR with code 110
[2019.01.20-18.21.13:538][  0]LogStats: UGameplayTagsManager::ConstructGameplayTagTree: ImportINI prefixes -  0.000 s
[2019.01.20-18.21.13:538][  0]LogStats: UGameplayTagsManager::ConstructGameplayTagTree: Construct from data asset -  0.000 s
[2019.01.20-18.21.13:538][  0]LogStats: UGameplayTagsManager::ConstructGameplayTagTree: ImportINI -  0.000 s
[2019.01.20-18.21.13:538][  0]LogStats: UGameplayTagsManager::ConstructGameplayTagTree: GameplayTagTreeChangedEvent.Broadcast -  0.000 s
[2019.01.20-18.21.13:830][  0]LogInit: Initializing FReadOnlyCVARCache
[2019.01.20-18.21.13:849][  0]LogAIModule: Creating AISystem for world Untitled
[2019.01.20-18.21.13:884][  0]LogInit: XAudio2 using 'BenQ GL2450H (NVIDIA High Definition Audio)' : 2 channels at 48 kHz using 16 bits per sample (channel mask 0x3)
[2019.01.20-18.21.13:911][  0]LogInit: FAudioDevice initialized.
[2019.01.20-18.21.13:911][  0]LogNetVersion: Set ProjectVersion to 1.0.0.0. Version Checksum will be recalculated on next use.
[2019.01.20-18.21.14:123][  0]LogDerivedDataCache: Saved boot cache 0.21s 71MB C:/Users/Chris/AppData/Local/UnrealEngine/4.21/DerivedDataCache/Boot.ddc.
[2019.01.20-18.21.14:128][  0]LogInit: Texture streaming: Enabled
[2019.01.20-18.21.14:155][  0]LogEngineSessionManager: EngineSessionManager initialized
[2019.01.20-18.21.14:173][  0]LogInit: Transaction tracking system initialized
[2019.01.20-18.21.14:207][  0]BlueprintLog: New page: Editor Load
[2019.01.20-18.21.14:314][  0]LocalizationService: Localization service is disabled
[2019.01.20-18.21.14:951][  0]LogFileCache: Scanning file cache for directory 'C:/Users/Chris/Documents/Unreal Projects/GravRacer/VonMenushit/GravRacer/Content/' took 0.02s
[2019.01.20-18.21.14:951][  0]LogCook: Display: Max memory allowance for cook 16384mb min free memory 0mb
[2019.01.20-18.21.14:951][  0]LogCook: Display: Mobile HDR setting 1
[2019.01.20-18.21.14:951][  0]LogGameplayTags: Display: UGameplayTagsManager::DoneAddingNativeTags. DelegateIsBound: 0
[2019.01.20-18.21.14:951][  0]LogStats: UGameplayTagsManager::ConstructGameplayTagTree: ImportINI prefixes -  0.000 s
[2019.01.20-18.21.14:951][  0]LogStats: UGameplayTagsManager::ConstructGameplayTagTree: Construct from data asset -  0.000 s
[2019.01.20-18.21.14:951][  0]LogStats: UGameplayTagsManager::ConstructGameplayTagTree: ImportINI -  0.000 s
[2019.01.20-18.21.14:951][  0]LogStats: UGameplayTagsManager::ConstructGameplayTagTree: GameplayTagTreeChangedEvent.Broadcast -  0.000 s
[2019.01.20-18.21.15:147][  0]SourceControl: Source control is disabled
[2019.01.20-18.21.15:148][  0]Cmd: MAP LOAD FILE="../../../../../../Users/Chris/Documents/Unreal Projects/GravRacer/VonMenushit/GravRacer/Content/VehicleAdvBP/Maps/VehicleAdvExampleMap.umap" TEMPLATE=0 SHOWPROGRESS=1 FEATURELEVEL=3
[2019.01.20-18.21.15:148][  0]LogEditorServer: Warning: Can't find file '../../../../../../Users/Chris/Documents/Unreal Projects/GravRacer/VonMenushit/GravRacer/Content/VehicleAdvBP/Maps/VehicleAdvExampleMap.umap'
[2019.01.20-18.21.15:148][  0]Cmd: MAP CHECKDEP NOCLEARLOG
[2019.01.20-18.21.15:148][  0]MapCheck: Map check complete: 0 Error(s), 0 Warning(s), took 0,22ms to complete.
[2019.01.20-18.21.15:148][  0]LogFileHelpers: Loading map 'VehicleAdvExampleMap' took 0.001
[2019.01.20-18.21.15:268][  0]LogSlate: Updating window title bar state: overlay mode, drag disabled, window buttons hidden, title bar hidden
[2019.01.20-18.21.15:278][  0]LogSlate: Updating window title bar state: overlay mode, drag disabled, window buttons hidden, title bar hidden
[2019.01.20-18.21.15:288][  0]LogSlate: Updating window title bar state: overlay mode, drag disabled, window buttons hidden, title bar hidden
[2019.01.20-18.21.15:298][  0]LogSlate: Updating window title bar state: overlay mode, drag disabled, window buttons hidden, title bar hidden
[2019.01.20-18.21.15:307][  0]LogCollectionManager: Loaded 0 collections in 0.002685 seconds
[2019.01.20-18.21.15:325][  0]LogFileCache: Scanning file cache for directory 'C:/Users/Chris/Documents/Unreal Projects/GravRacer/VonMenushit/GravRacer/Saved/Collections/' took 0.01s
[2019.01.20-18.21.15:325][  0]LogFileCache: Scanning file cache for directory 'C:/Users/Chris/Documents/Unreal Projects/GravRacer/VonMenushit/GravRacer/Content/Developers/Chris/Collections/' took 0.00s
[2019.01.20-18.21.15:325][  0]LogFileCache: Scanning file cache for directory 'C:/Users/Chris/Documents/Unreal Projects/GravRacer/VonMenushit/GravRacer/Content/Collections/' took 0.00s
[2019.01.20-18.21.15:325][  0]LogCollectionManager: Rebuilt the GUID cache for 0 collections in 0.000000 seconds
[2019.01.20-18.21.15:339][  0]LogContentBrowser: Native class hierarchy populated in 0.0142 seconds. Added 2653 classes and 623 folders.
[2019.01.20-18.21.15:351][  0]LogContentBrowser: Native class hierarchy updated for 'WidgetCarousel' in 0.0003 seconds. Added 0 classes and 0 folders.
[2019.01.20-18.21.15:352][  0]LogPakFile: Registered encryption key '00000000000000000000000000000000': 0 pak files mounted, 0 remain pending
[2019.01.20-18.21.15:353][  0]LogPakFile: Registered encryption key '00000000000000000000000000000000': 0 pak files mounted, 0 remain pending
[2019.01.20-18.21.15:354][  0]LogPakFile: Registered encryption key '00000000000000000000000000000000': 0 pak files mounted, 0 remain pending
[2019.01.20-18.21.15:354][  0]LogPakFile: Registered encryption key '00000000000000000000000000000000': 0 pak files mounted, 0 remain pending
[2019.01.20-18.21.15:355][  0]LogPakFile: Registered encryption key '00000000000000000000000000000000': 0 pak files mounted, 0 remain pending
[2019.01.20-18.21.15:355][  0]LogPakFile: Registered encryption key '00000000000000000000000000000000': 0 pak files mounted, 0 remain pending
[2019.01.20-18.21.15:356][  0]LogPakFile: Registered encryption key '00000000000000000000000000000000': 0 pak files mounted, 0 remain pending
[2019.01.20-18.21.15:357][  0]LogPakFile: Registered encryption key '00000000000000000000000000000000': 0 pak files mounted, 0 remain pending
[2019.01.20-18.21.15:357][  0]LogPakFile: Registered encryption key '00000000000000000000000000000000': 0 pak files mounted, 0 remain pending
[2019.01.20-18.21.15:358][  0]LogPakFile: Registered encryption key '00000000000000000000000000000000': 0 pak files mounted, 0 remain pending
[2019.01.20-18.21.15:358][  0]LogPakFile: Registered encryption key '00000000000000000000000000000000': 0 pak files mounted, 0 remain pending
[2019.01.20-18.21.15:359][  0]LogPakFile: Registered encryption key '00000000000000000000000000000000': 0 pak files mounted, 0 remain pending
[2019.01.20-18.21.15:360][  0]LogPakFile: Registered encryption key '00000000000000000000000000000000': 0 pak files mounted, 0 remain pending
[2019.01.20-18.21.15:360][  0]LogPakFile: Registered encryption key '00000000000000000000000000000000': 0 pak files mounted, 0 remain pending
[2019.01.20-18.21.15:361][  0]LogPakFile: Registered encryption key '00000000000000000000000000000000': 0 pak files mounted, 0 remain pending
[2019.01.20-18.21.15:362][  0]LogPakFile: Registered encryption key '00000000000000000000000000000000': 0 pak files mounted, 0 remain pending
[2019.01.20-18.21.15:362][  0]LogPakFile: Registered encryption key '00000000000000000000000000000000': 0 pak files mounted, 0 remain pending
[2019.01.20-18.21.15:363][  0]LogPakFile: Registered encryption key '00000000000000000000000000000000': 0 pak files mounted, 0 remain pending
[2019.01.20-18.21.15:363][  0]LogPakFile: Registered encryption key '00000000000000000000000000000000': 0 pak files mounted, 0 remain pending
[2019.01.20-18.21.15:364][  0]LogPakFile: Registered encryption key '00000000000000000000000000000000': 0 pak files mounted, 0 remain pending
[2019.01.20-18.21.15:364][  0]LogPakFile: Registered encryption key '00000000000000000000000000000000': 0 pak files mounted, 0 remain pending
[2019.01.20-18.21.15:365][  0]LogPakFile: Registered encryption key '00000000000000000000000000000000': 0 pak files mounted, 0 remain pending
[2019.01.20-18.21.15:366][  0]LogPakFile: Registered encryption key '00000000000000000000000000000000': 0 pak files mounted, 0 remain pending
[2019.01.20-18.21.15:367][  0]LogPakFile: Registered encryption key '00000000000000000000000000000000': 0 pak files mounted, 0 remain pending
[2019.01.20-18.21.15:367][  0]LogPakFile: Registered encryption key '00000000000000000000000000000000': 0 pak files mounted, 0 remain pending
[2019.01.20-18.21.15:368][  0]LogPakFile: Registered encryption key '00000000000000000000000000000000': 0 pak files mounted, 0 remain pending
[2019.01.20-18.21.15:421][  0]LogContentBrowser: Native class hierarchy updated for 'AddContentDialog' in 0.0003 seconds. Added 0 classes and 0 folders.
[2019.01.20-18.21.15:428][  0]LogContentBrowser: Native class hierarchy updated for 'SceneOutliner' in 0.0004 seconds. Added 1 classes and 2 folders.
[2019.01.20-18.21.15:447][  0]LogSlate: Took 0.000324 seconds to synchronously load lazily loaded font '../../../Engine/Content/Slate/Fonts/Roboto-Regular.ttf' (155K)
[2019.01.20-18.21.15:450][  0]LogSlate: Took 0.000224 seconds to synchronously load lazily loaded font '../../../Engine/Content/Slate/Fonts/Roboto-Bold.ttf' (160K)
[2019.01.20-18.21.15:459][  0]LogSlate: Took 0.000262 seconds to synchronously load lazily loaded font '../../../Engine/Content/Editor/Slate/Fonts/FontAwesome.ttf' (139K)
[2019.01.20-18.21.15:572][  0]LogRenderer: Reallocating scene render targets to support 1208x624 Format 10 NumSamples 1 (Frame:1).
[2019.01.20-18.21.15:700][  0]LogContentBrowser: Native class hierarchy updated for 'HierarchicalLODOutliner' in 0.0004 seconds. Added 0 classes and 0 folders.
[2019.01.20-18.21.15:700][  0]LogLoad: (Engine Initialization) Total time: 11.22 seconds
[2019.01.20-18.21.15:700][  0]LogLoad: (Engine Initialization) Total Blueprint compile time: 0.00 seconds
[2019.01.20-18.21.15:711][  0]LogWindowsTextInputMethodSystem: Display: IME system now deactivated.
[2019.01.20-18.21.15:713][  0]LogRawInputWindows: Warning: Found device 0 devices
[2019.01.20-18.21.15:713][  0]LogRawInputWindows: Warning: Found device 0 devices
[2019.01.20-18.21.15:713][  0]LogRawInputWindows: Warning: Device was registered succesfully but not connected (Usage:4 UsagePage:1)
[2019.01.20-18.21.15:713][  0]LogRawInputWindows: Warning: Found device 1 devices
[2019.01.20-18.21.15:713][  0]LogRawInputWindows: VenderID:45e ProductID:28e
[2019.01.20-18.21.15:713][  0]LogRawInputWindows: Device was registered succesfully and is connected (Usage:5 UsagePage:1)
[2019.01.20-18.21.15:750][  0]LogAssetRegistry: Asset discovery search completed in 6.2430 seconds
[2019.01.20-18.21.15:752][  0]LogCollectionManager: Rebuilt the object cache for 0 collections in 0.000001 seconds (found 0 objects)
[2019.01.20-18.21.15:752][  0]LogCollectionManager: Fixed up redirectors for 0 collections in 0.000048 seconds (updated 0 objects)
[2019.01.20-18.21.15:754][  0]LogContentStreaming: Texture pool size now 1000 MB
[2019.01.20-18.21.15:804][  0]LogSlate: Took 0.000253 seconds to synchronously load lazily loaded font '../../../Engine/Content/Slate/Fonts/Roboto-Light.ttf' (167K)
[2019.01.20-18.21.17:944][248]LogSlate: FSceneViewport::OnFocusLost() reason 0
[2019.01.20-18.21.20:318][528]LogTemp: Repeating last play command: Selected Viewport
[2019.01.20-18.21.20:347][528]LogPlayLevel: PlayLevel: No blueprints needed recompiling
[2019.01.20-18.21.20:347][528]PIE: New page: PIE session: Untitled_0 (20.01.2019 20:21:20)
[2019.01.20-18.21.20:360][528]LogPlayLevel: Creating play world package: /Temp/UEDPIE_0_Untitled_0
[2019.01.20-18.21.20:361][528]LogPlayLevel: PIE: StaticDuplicateObject took: (0.000883s)
[2019.01.20-18.21.20:361][528]LogAIModule: Creating AISystem for world Untitled
[2019.01.20-18.21.20:362][528]LogPlayLevel: PIE: World Init took: (0.000655s)
[2019.01.20-18.21.20:362][528]LogPlayLevel: PIE: Created PIE world by copying editor world from /Temp/Untitled_0.Untitled to /Temp/UEDPIE_0_Untitled_0.Untitled (0.001857s)
[2019.01.20-18.21.20:463][528]LogInit: XAudio2 using 'BenQ GL2450H (NVIDIA High Definition Audio)' : 2 channels at 48 kHz using 16 bits per sample (channel mask 0x3)
[2019.01.20-18.21.20:474][528]LogInit: FAudioDevice initialized.
[2019.01.20-18.21.21:061][528]LogLoad: Game class is 'VehicleAdvGameMode_C'
[2019.01.20-18.21.21:065][528]LogWorld: Bringing World /Temp/UEDPIE_0_Untitled_0.Untitled up for play (max tick rate 0) at 2019.01.20-19.21.21
[2019.01.20-18.21.21:065][528]LogWorld: Bringing up level for play took: 0.000483
[2019.01.20-18.21.21:087][528]LogContentBrowser: Native class hierarchy updated for 'MovieSceneCapture' in 0.0004 seconds. Added 20 classes and 0 folders.
[2019.01.20-18.21.21:122][528]PIE: Play in editor start time for /Temp/UEDPIE_0_Untitled_0 1,565
[2019.01.20-18.21.23:828][845]LogSlate: Updating window title bar state: overlay mode, drag disabled, window buttons hidden, title bar hidden
[2019.01.20-18.21.23:861][845]LogPlayLevel: Display: Shutting down PIE online subsystems
[2019.01.20-18.21.23:955][845]LogSlate: Updating window title bar state: overlay mode, drag disabled, window buttons hidden, title bar hidden
[2019.01.20-18.21.23:976][846]LogPlayLevel: Display: Destroying online subsystem :Context_1
[2019.01.20-18.21.26:040][ 90]LogSlate: FSceneViewport::OnFocusLost() reason 0
[2019.01.20-18.21.26:609][158]LogSlate: Took 0.000219 seconds to synchronously load lazily loaded font '../../../Engine/Content/Slate/Fonts/Roboto-Light.ttf' (167K)
[2019.01.20-18.21.26:629][158]LogLinker: Warning: Asset '../../../../../../Users/Chris/Documents/Unreal Projects/GravRacer/VonMenushit/GravRacer/Content/VehicleAdvBP/MenuAssets/background.uasset' has been saved with empty engine version. The asset will be loaded but may be incompatible.
[2019.01.20-18.21.26:630][158]LogLinker: Warning: Asset '../../../../../../Users/Chris/Documents/Unreal Projects/GravRacer/VonMenushit/GravRacer/Content/VehicleAdvBP/MenuAssets/exit.uasset' has been saved with empty engine version. The asset will be loaded but may be incompatible.
[2019.01.20-18.21.26:632][158]LogLinker: Warning: Asset '../../../../../../Users/Chris/Documents/Unreal Projects/GravRacer/VonMenushit/GravRacer/Content/VehicleAdvBP/MenuAssets/exit_hover.uasset' has been saved with empty engine version. The asset will be loaded but may be incompatible.
[2019.01.20-18.21.26:633][158]LogLinker: Warning: Asset '../../../../../../Users/Chris/Documents/Unreal Projects/GravRacer/VonMenushit/GravRacer/Content/VehicleAdvBP/MenuAssets/maps.uasset' has been saved with empty engine version. The asset will be loaded but may be incompatible.
[2019.01.20-18.21.26:635][158]LogLinker: Warning: Asset '../../../../../../Users/Chris/Documents/Unreal Projects/GravRacer/VonMenushit/GravRacer/Content/VehicleAdvBP/MenuAssets/music.uasset' has been saved with empty engine version. The asset will be loaded but may be incompatible.
[2019.01.20-18.21.26:636][158]LogLinker: Warning: Asset '../../../../../../Users/Chris/Documents/Unreal Projects/GravRacer/VonMenushit/GravRacer/Content/VehicleAdvBP/MenuAssets/options.uasset' has been saved with empty engine version. The asset will be loaded but may be incompatible.
[2019.01.20-18.21.26:637][158]LogLinker: Warning: Asset '../../../../../../Users/Chris/Documents/Unreal Projects/GravRacer/VonMenushit/GravRacer/Content/VehicleAdvBP/MenuAssets/options_hover.uasset' has been saved with empty engine version. The asset will be loaded but may be incompatible.
[2019.01.20-18.21.26:639][158]LogLinker: Warning: Asset '../../../../../../Users/Chris/Documents/Unreal Projects/GravRacer/VonMenushit/GravRacer/Content/VehicleAdvBP/MenuAssets/speaker.uasset' has been saved with empty engine version. The asset will be loaded but may be incompatible.
[2019.01.20-18.21.26:640][158]LogLinker: Warning: Asset '../../../../../../Users/Chris/Documents/Unreal Projects/GravRacer/VonMenushit/GravRacer/Content/VehicleAdvBP/MenuAssets/StartGame.uasset' has been saved with empty engine version. The asset will be loaded but may be incompatible.
[2019.01.20-18.21.26:641][158]LogLinker: Warning: Asset '../../../../../../Users/Chris/Documents/Unreal Projects/GravRacer/VonMenushit/GravRacer/Content/VehicleAdvBP/MenuAssets/startgame_hover.uasset' has been saved with empty engine version. The asset will be loaded but may be incompatible.
[2019.01.20-18.21.26:642][158]LogLinker: Warning: Asset '../../../../../../Users/Chris/Documents/Unreal Projects/GravRacer/VonMenushit/GravRacer/Content/VehicleAdvBP/MenuAssets/toggle_off.uasset' has been saved with empty engine version. The asset will be loaded but may be incompatible.
[2019.01.20-18.21.26:644][158]LogLinker: Warning: Asset '../../../../../../Users/Chris/Documents/Unreal Projects/GravRacer/VonMenushit/GravRacer/Content/VehicleAdvBP/MenuAssets/toggle_on.uasset' has been saved with empty engine version. The asset will be loaded but may be incompatible.
[2019.01.20-18.21.26:746][158]LogAudioDerivedData: Display: Building compressed audio format OGG hash OGG wave menusound...
[2019.01.20-18.21.26:779][158]LogAudioDerivedData: Display: Updated SoundWave->RawPCMDataSize from 0 to 77824 while cooking SoundWave /Game/VehicleAdvBP/sounds/raw_sounds/menusound.menusound.
[2019.01.20-18.21.26:815][158]LogAIModule: Creating AISystem for world start
[2019.01.20-18.21.26:825][158]LogAssetEditorManager: Opening Asset editor for World /Game/VehicleAdvBP/Maps/start.start
[2019.01.20-18.21.26:923][158]Cmd: MAP LOAD FILE="../../../../../../Users/Chris/Documents/Unreal Projects/GravRacer/VonMenushit/GravRacer/Content/VehicleAdvBP/Maps/start.umap" TEMPLATE=0 SHOWPROGRESS=1 FEATURELEVEL=3
[2019.01.20-18.21.26:923][158]LightingResults: New page: Lighting Build
[2019.01.20-18.21.26:927][158]LogContentBrowser: Native class hierarchy updated for 'StatsViewer' in 0.0003 seconds. Added 5 classes and 0 folders.
[2019.01.20-18.21.26:928][158]LoadErrors: New page: Loading map: start.umap
[2019.01.20-18.21.26:928][158]MapCheck: New page: Map Check
[2019.01.20-18.21.26:928][158]LightingResults: New page: Lighting Build
[2019.01.20-18.21.27:033][158]LogEditorServer: Finished looking for orphan Actors (0.000 secs)
[2019.01.20-18.21.27:187][158]Cmd: MAP CHECKDEP NOCLEARLOG
[2019.01.20-18.21.27:187][158]MapCheck: Map check complete: 0 Error(s), 0 Warning(s), took 0,153ms to complete.
[2019.01.20-18.21.27:187][158]LogFileHelpers: Loading map 'start' took 0.265
[2019.01.20-18.21.28:425][296]LogTemp: Repeating last play command: Selected Viewport
[2019.01.20-18.21.28:452][296]LogBlueprintUserMessages: Early PlayInEditor Detection: Level '/Game/VehicleAdvBP/Maps/start.start:PersistentLevel' has LevelScriptBlueprint '/Game/VehicleAdvBP/Maps/start.start:PersistentLevel.start' with GeneratedClass '/Game/VehicleAdvBP/Maps/start.start_C' with ClassGeneratedBy '/Game/VehicleAdvBP/Maps/start.start:PersistentLevel.start'
[2019.01.20-18.21.28:452][296]LogPlayLevel: PlayLevel: No blueprints needed recompiling
[2019.01.20-18.21.28:452][296]PIE: New page: PIE session: start (20.01.2019 20:21:28)
[2019.01.20-18.21.28:452][296]LogPlayLevel: Creating play world package: /Game/VehicleAdvBP/Maps/UEDPIE_0_start
[2019.01.20-18.21.28:455][296]LogPlayLevel: PIE: StaticDuplicateObject took: (0.002237s)
[2019.01.20-18.21.28:455][296]LogAIModule: Creating AISystem for world start
[2019.01.20-18.21.28:456][296]LogPlayLevel: PIE: World Init took: (0.000642s)
[2019.01.20-18.21.28:456][296]LogPlayLevel: PIE: Created PIE world by copying editor world from /Game/VehicleAdvBP/Maps/start.start to /Game/VehicleAdvBP/Maps/UEDPIE_0_start.start (0.003197s)
[2019.01.20-18.21.28:555][296]LogInit: XAudio2 using 'BenQ GL2450H (NVIDIA High Definition Audio)' : 2 channels at 48 kHz using 16 bits per sample (channel mask 0x3)
[2019.01.20-18.21.28:566][296]LogInit: FAudioDevice initialized.
[2019.01.20-18.21.28:603][296]LogLoad: Game class is 'VehicleAdVMenuMode_C'
[2019.01.20-18.21.28:606][296]LogWorld: Bringing World /Game/VehicleAdvBP/Maps/UEDPIE_0_start.start up for play (max tick rate 0) at 2019.01.20-19.21.28
[2019.01.20-18.21.28:606][296]LogWorld: Bringing up level for play took: 0.000495
[2019.01.20-18.21.28:629][296]PIE: Play in editor start time for /Game/VehicleAdvBP/Maps/UEDPIE_0_start 1,071
[2019.01.20-18.21.28:629][296]LogBlueprintUserMessages: Late PlayInEditor Detection: Level '/Game/VehicleAdvBP/Maps/start.start:PersistentLevel' has LevelScriptBlueprint '/Game/VehicleAdvBP/Maps/start.start:PersistentLevel.start' with GeneratedClass '/Game/VehicleAdvBP/Maps/start.start_C' with ClassGeneratedBy '/Game/VehicleAdvBP/Maps/start.start:PersistentLevel.start'
[2019.01.20-18.21.43:342][ 60]LogNet: Browse: /Game/VehicleAdvBP/Maps/Level1
[2019.01.20-18.21.43:342][ 60]LogLoad: LoadMap: /Game/VehicleAdvBP/Maps/Level1
[2019.01.20-18.21.43:681][ 60]LogTexture: Display: Building textures: HQ_Lightmap0_3 (AutoDXT, 128X128)
[2019.01.20-18.21.43:681][ 60]LogTexture: Display: Building textures: HQ_Lightmap0_2 (AutoDXT, 256X256)
[2019.01.20-18.21.43:681][ 60]LogTexture: Display: Building textures: HQ_Lightmap0_1 (AutoDXT, 512X512)
[2019.01.20-18.21.43:681][ 60]LogTexture: Display: Building textures: HQ_Lightmap0_4 (AutoDXT, 64X64)
[2019.01.20-18.21.43:681][ 60]LogTexture: Display: Building textures: LQ_Lightmap_0_2 (DXT1, 256X256)
[2019.01.20-18.21.43:681][ 60]LogTexture: Display: Building textures: LQ_Lightmap_0_1 (DXT1, 512X512)
[2019.01.20-18.21.43:681][ 60]LogTexture: Display: Building textures: LQ_Lightmap_0_3 (DXT1, 128X128)
[2019.01.20-18.21.43:681][ 60]LogTexture: Display: Building textures: LQ_Lightmap_0_4 (DXT1, 64X64)
[2019.01.20-18.21.43:681][ 60]LogAudioDerivedData: Display: Building compressed audio format OGG hash OGG wave t9q4UlTxZGKv_128_128...
[2019.01.20-18.21.48:528][ 60]LogTexture: Display: Building textures: SkyOcclusion0_2 (AutoDXT, 256X128)
[2019.01.20-18.21.48:528][ 60]LogTexture: Display: Building textures: SkyOcclusion0_1 (AutoDXT, 512X256)
[2019.01.20-18.21.48:528][ 60]LogTexture: Display: Building textures: SkyOcclusion0_3 (AutoDXT, 128X64)
[2019.01.20-18.21.48:528][ 60]LogTexture: Display: Building textures: SkyOcclusion0_4 (AutoDXT, 64X32)
[2019.01.20-18.21.48:528][ 60]LogAudioDerivedData: Display: Updated SoundWave->RawPCMDataSize from 0 to 28365120 while cooking SoundWave /Game/VehicleAdvBP/sounds/raw_sounds/t9q4UlTxZGKv_128_128.t9q4UlTxZGKv_128_128.
[2019.01.20-18.21.48:534][ 60]LogAudioDerivedData: Display: Building compressed audio format OGG hash OGG wave sqxq3Tpx8jvs_128_128...
[2019.01.20-18.21.55:880][ 60]LogAudioDerivedData: Display: Updated SoundWave->RawPCMDataSize from 0 to 43210724 while cooking SoundWave /Game/VehicleAdvBP/sounds/raw_sounds/sqxq3Tpx8jvs_128_128.sqxq3Tpx8jvs_128_128.
[2019.01.20-18.21.56:109][ 60]LogAudioDerivedData: Display: Building compressed audio format OGG hash OGG wave 3hCQ4w9J0191_128_128...
[2019.01.20-18.22.01:807][ 60]LogAudioDerivedData: Display: Updated SoundWave->RawPCMDataSize from 0 to 33474980 while cooking SoundWave /Game/VehicleAdvBP/sounds/raw_sounds/3hCQ4w9J0191_128_128.3hCQ4w9J0191_128_128.
[2019.01.20-18.22.01:841][ 60]LogAudioDerivedData: Display: Building compressed audio format OGG hash OGG wave HrWwlzQqIu4x_128_128...
[2019.01.20-18.22.07:977][ 60]LogAudioDerivedData: Display: Updated SoundWave->RawPCMDataSize from 0 to 36662104 while cooking SoundWave /Game/VehicleAdvBP/sounds/raw_sounds/HrWwlzQqIu4x_128_128.HrWwlzQqIu4x_128_128.
[2019.01.20-18.22.07:987][ 60]LogAudioDerivedData: Display: Building compressed audio format OGG hash OGG wave RvA5dwoSIi4Q_128_128...
[2019.01.20-18.22.13:448][ 60]LogAudioDerivedData: Display: Updated SoundWave->RawPCMDataSize from 0 to 33075000 while cooking SoundWave /Game/VehicleAdvBP/sounds/raw_sounds/RvA5dwoSIi4Q_128_128.RvA5dwoSIi4Q_128_128.
[2019.01.20-18.22.13:454][ 60]LogAudioDerivedData: Display: Building compressed audio format OGG hash OGG wave PRTSPXASse38_128_128...
[2019.01.20-18.22.19:815][ 60]LogAudioDerivedData: Display: Updated SoundWave->RawPCMDataSize from 0 to 37870876 while cooking SoundWave /Game/VehicleAdvBP/sounds/raw_sounds/PRTSPXASse38_128_128.PRTSPXASse38_128_128.
[2019.01.20-18.22.19:823][ 60]LogAudioDerivedData: Display: Building compressed audio format OGG hash OGG wave K1fHtqMxLlHn_128_128...
[2019.01.20-18.22.25:820][ 60]LogAudioDerivedData: Display: Updated SoundWave->RawPCMDataSize from 0 to 34398000 while cooking SoundWave /Game/VehicleAdvBP/sounds/raw_sounds/K1fHtqMxLlHn_128_128.K1fHtqMxLlHn_128_128.
[2019.01.20-18.22.25:828][ 60]LogAudioDerivedData: Display: Building compressed audio format OGG hash OGG wave ZudWwYEfPhkb_128_128...
