Log file open, 11/01/18 17:18:21
LogWindows: Failed to load 'aqProf.dll' (GetLastError=126)
LogWindows: File 'aqProf.dll' does not exist
LogWindows: Failed to load 'VSPerf140.dll' (GetLastError=126)
LogWindows: File 'VSPerf140.dll' does not exist
LogWindows: Failed to load 'VtuneApi.dll' (GetLastError=126)
LogWindows: File 'VtuneApi.dll' does not exist
LogWindows: Failed to load 'VtuneApi32e.dll' (GetLastError=126)
LogWindows: File 'VtuneApi32e.dll' does not exist
LogInit: Display: Running engine for game: GravRacer
LogPlatformFile: Not using cached read wrapper
LogTaskGraph: Started task graph with 5 named threads and 17 total threads with 3 sets of task threads.
LogStats: Stats thread started at 0.250242
LogD3D11RHI: Loaded GFSDK_Aftermath_Lib.x64.dll
LogICUInternationalization: Display: ICU TimeZone Detection - Raw Offset: +1:00, Platform Override: ''
LogPluginManager: Mounting plugin Paper2D
LogPluginManager: Mounting plugin AISupport
LogPluginManager: Mounting plugin LightPropagationVolume
LogPluginManager: Mounting plugin CLionSourceCodeAccess
LogPluginManager: Mounting plugin CodeLiteSourceCodeAccess
LogPluginManager: Mounting plugin GitSourceControl
LogPluginManager: Mounting plugin KDevelopSourceCodeAccess
LogPluginManager: Mounting plugin NullSourceCodeAccess
LogPluginManager: Mounting plugin PerforceSourceControl
LogPluginManager: Mounting plugin SubversionSourceControl
LogPluginManager: Mounting plugin UObjectPlugin
LogPluginManager: Mounting plugin VisualStudioCodeSourceCodeAccess
LogPluginManager: Mounting plugin VisualStudioSourceCodeAccess
LogPluginManager: Mounting plugin XCodeSourceCodeAccess
LogPluginManager: Mounting plugin AssetManagerEditor
LogPluginManager: Mounting plugin CryptoKeys
LogPluginManager: Mounting plugin DataValidation
LogPluginManager: Mounting plugin FacialAnimation
LogPluginManager: Mounting plugin GameplayTagsEditor
LogPluginManager: Mounting plugin MacGraphicsSwitching
LogPluginManager: Mounting plugin MeshEditor
LogPluginManager: Mounting plugin MobileLauncherProfileWizard
LogPluginManager: Mounting plugin PluginBrowser
LogPluginManager: Mounting plugin SpeedTreeImporter
LogPluginManager: Mounting plugin DatasmithContent
LogPluginManager: Mounting plugin AlembicImporter
LogPluginManager: Mounting plugin AppleImageUtils
LogPluginManager: Mounting plugin AppleVision
LogPluginManager: Mounting plugin BackChannel
LogPluginManager: Mounting plugin CharacterAI
LogPluginManager: Mounting plugin GeometryCache
LogPluginManager: Mounting plugin HTML5Networking
LogPluginManager: Mounting plugin ProxyLODPlugin
LogPluginManager: Mounting plugin RawInput
LogPluginManager: Mounting plugin MagicLeap
LogPluginManager: Mounting plugin MagicLeapEmulator
LogPluginManager: Mounting plugin MagicLeapMedia
LogPluginManager: Mounting plugin AndroidMedia
LogPluginManager: Mounting plugin AvfMedia
LogPluginManager: Mounting plugin ImgMedia
LogPluginManager: Mounting plugin LinearTimecode
LogPluginManager: Mounting plugin MediaCompositing
LogPluginManager: Mounting plugin MediaPlayerEditor
LogPluginManager: Mounting plugin WmfMedia
LogPluginManager: Mounting plugin TcpMessaging
LogPluginManager: Mounting plugin UdpMessaging
LogPluginManager: Mounting plugin ActorSequence
LogPluginManager: Mounting plugin LevelSequenceEditor
LogPluginManager: Mounting plugin MatineeToLevelSequence
LogPluginManager: Mounting plugin NetcodeUnitTest
LogPluginManager: Mounting plugin NUTUnrealEngine4
LogPluginManager: Mounting plugin OnlineSubsystemGooglePlay
LogPluginManager: Mounting plugin OnlineSubsystemIOS
LogPluginManager: Mounting plugin OnlineSubsystem
LogPluginManager: Mounting plugin OnlineSubsystemNull
LogPluginManager: Mounting plugin OnlineSubsystemUtils
LogPluginManager: Mounting plugin LauncherChunkInstaller
LogPluginManager: Mounting plugin AndroidDeviceProfileSelector
LogPluginManager: Mounting plugin AndroidMoviePlayer
LogPluginManager: Mounting plugin AndroidPermission
LogPluginManager: Mounting plugin AppleMoviePlayer
LogPluginManager: Mounting plugin ArchVisCharacter
LogPluginManager: Mounting plugin AudioCapture
LogPluginManager: Mounting plugin CableComponent
LogPluginManager: Mounting plugin CustomMeshComponent
LogPluginManager: Mounting plugin EditableMesh
LogPluginManager: Mounting plugin ExampleDeviceProfileSelector
LogPluginManager: Mounting plugin GoogleCloudMessaging
LogPluginManager: Mounting plugin ImmediatePhysics
LogPluginManager: Mounting plugin IOSDeviceProfileSelector
LogPluginManager: Mounting plugin LinuxDeviceProfileSelector
LogPluginManager: Mounting plugin LocationServicesBPLibrary
LogPluginManager: Mounting plugin MobilePatchingUtils
LogPluginManager: Mounting plugin OculusVR
LogPluginManager: Plugin shader directory ../../../Engine/Plugins/Runtime/Oculus/OculusVR/Shaders found
LogPluginManager: Mapping shader source directory ../../../Engine/Plugins/Runtime/Oculus/OculusVR/Shaders to virtual directory /Plugin/OculusVR
LogPluginManager: Mounting plugin PhysXVehicles
LogPluginManager: Mounting plugin ProceduralMeshComponent
LogPluginManager: Mounting plugin RuntimePhysXCooking
LogPluginManager: Mounting plugin SteamVR
LogPluginManager: Mounting plugin WindowsMoviePlayer
LogPluginManager: Mounting plugin RuntimeMeshComponent
LogStreaming: Display: Took  0.167s to configure plugins.
LogInit: Using libcurl 7.55.1-DEV
LogInit:  - built for x86_64-pc-win32
LogInit:  - supports SSL with OpenSSL/1.0.2h
LogInit:  - supports HTTP deflate (compression) using libz 1.2.8
LogInit:  - other features:
LogInit:      CURL_VERSION_SSL
LogInit:      CURL_VERSION_LIBZ
LogInit:      CURL_VERSION_IPV6
LogInit:      CURL_VERSION_ASYNCHDNS
LogInit:      CURL_VERSION_LARGEFILE
LogInit:      CURL_VERSION_IDN
LogInit:  CurlRequestOptions (configurable via config and command line):
LogInit:  - bVerifyPeer = false  - Libcurl will NOT verify peer certificate
LogInit:  - bUseHttpProxy = false  - Libcurl will NOT use HTTP proxy
LogInit:  - bDontReuseConnections = false  - Libcurl will reuse connections
LogInit:  - CertBundlePath = nullptr  - Libcurl will use whatever was configured at build time.
LogInit:  - MaxHostConnections = 16  - Libcurl will limit the number of connections to a host
LogInit:  - LocalHostAddr = Default
LogInit:  - BufferSize = 65536
LogInit: WinSock: version 1.1 (2.2), MaxSocks=32767, MaxUdp=65467
LogInit: Build: ++UE4+Release-4.20-CL-4369336
LogInit: Engine Version: 4.20.3-4369336+++UE4+Release-4.20
LogInit: Compatible Engine Version: 4.20.0-4212847+++UE4+Release-4.20
LogInit: Net CL: 4212847
LogInit: OS: Windows 10 (), CPU: AMD FX(tm)-6300 Six-Core Processor             , GPU: NVIDIA GeForce GTX 960
LogInit: Compiled (64-bit): Sep 17 2018 12:26:19
LogInit: Compiled with Visual C++: 19.13.26129.00
LogInit: Build Configuration: Development
LogInit: Branch Name: ++UE4+Release-4.20
LogInit: Command Line: 
LogInit: Base Directory: C:/Program Files/Epic Games/UE_4.20/Engine/Binaries/Win64/
LogInit: Installed Engine Build: 1
LogDevObjectVersion: Number of dev versions registered: 20
LogDevObjectVersion:   Dev-Blueprints (B0D832E4-1F89-4F0D-ACCF-7EB736FD4AA2): 10
LogDevObjectVersion:   Dev-Build (E1C64328-A22C-4D53-A36C-8E866417BD8C): 0
LogDevObjectVersion:   Dev-Core (375EC13C-06E4-48FB-B500-84F0262A717E): 2
LogDevObjectVersion:   Dev-Editor (E4B068ED-F494-42E9-A231-DA0B2E46BB41): 24
LogDevObjectVersion:   Dev-Framework (CFFC743F-43B0-4480-9391-14DF171D2073): 34
LogDevObjectVersion:   Dev-Mobile (B02B49B5-BB20-44E9-A304-32B752E40360): 2
LogDevObjectVersion:   Dev-Networking (A4E4105C-59A1-49B5-A7C5-40C4547EDFEE): 0
LogDevObjectVersion:   Dev-Online (39C831C9-5AE6-47DC-9A44-9C173E1C8E7C): 0
LogDevObjectVersion:   Dev-Physics (78F01B33-EBEA-4F98-B9B4-84EACCB95AA2): 0
LogDevObjectVersion:   Dev-Platform (6631380F-2D4D-43E0-8009-CF276956A95A): 0
LogDevObjectVersion:   Dev-Rendering (12F88B9F-8875-4AFC-A67C-D90C383ABD29): 26
LogDevObjectVersion:   Dev-Sequencer (7B5AE74C-D270-4C10-A958-57980B212A5A): 9
LogDevObjectVersion:   Dev-VR (D7296918-1DD6-4BDD-9DE2-64A83CC13884): 2
LogDevObjectVersion:   Dev-LoadTimes (C2A15278-BFE7-4AFE-6C17-90FF531DF755): 1
LogDevObjectVersion:   Private-Geometry (6EACA3D4-40EC-4CC1-B786-8BED09428FC5): 3
LogDevObjectVersion:   Dev-AnimPhys (29E575DD-E0A3-4627-9D10-D276232CDCEA): 17
LogDevObjectVersion:   Dev-ReflectionCapture (6B266CEC-1EC7-4B8F-A30B-E4D90942FC07): 1
LogDevObjectVersion:   Dev-Automation (0DF73D61-A23F-47EA-B727-89E90C41499A): 1
LogDevObjectVersion:   FortniteMain (601D1886-AC64-4F84-AA16-D3DE0DEAC7D6): 12
LogDevObjectVersion:   Dev-Enterprise (9DFFBCD6-494F-0158-E221-12823C92A888): 1
LogStreaming: Display: Took  0.010s to delete old logs.
LogInit: Presizing for max 8388607 objects, including 0 objects not considered by GC, pre-allocating 0 bytes for permanent pool.
LogInit: Object subsystem initialized
[2018.11.01-16.18.22:211][  0]LogInit: Selected Device Profile: [Windows]
[2018.11.01-16.18.22:211][  0]LogInit: Applying CVar settings loaded from the selected device profile: [Windows]
[2018.11.01-16.18.22:248][  0]LogHAL: Display: Platform has ~ 16 GB [17125400576 / 17179869184 / 16], which maps to Larger [LargestMinGB=32, LargerMinGB=12, DefaultMinGB=8, SmallerMinGB=6, SmallestMinGB=0)
[2018.11.01-16.18.22:248][  0]LogInit: Setting Device Profile CVar: [[r.Vulkan.UseRealUBs:1]]
[2018.11.01-16.18.22:248][  0]LogInit: Going up to parent DeviceProfile []
[2018.11.01-16.18.22:248][  0]LogInit: Computer: DESKTOP-3FK0QE0
[2018.11.01-16.18.22:248][  0]LogInit: User: Chris
[2018.11.01-16.18.22:248][  0]LogInit: CPU Page size=4096, Cores=3
[2018.11.01-16.18.22:248][  0]LogInit: High frequency timer resolution =3.674220 MHz
[2018.11.01-16.18.22:249][  0]LogMemory: Memory total: Physical=15.9GB (16GB approx)
[2018.11.01-16.18.22:249][  0]LogMemory: Platform Memory Stats for Windows
[2018.11.01-16.18.22:249][  0]LogMemory: Process Physical Memory: 99.35 MB used, 99.35 MB peak
[2018.11.01-16.18.22:249][  0]LogMemory: Process Virtual Memory: 90.63 MB used, 90.63 MB peak
[2018.11.01-16.18.22:249][  0]LogMemory: Physical Memory: 8617.49 MB used,  7714.56 MB free, 16332.05 MB total
[2018.11.01-16.18.22:249][  0]LogMemory: Virtual Memory: 4631.84 MB used,  7714.56 MB free, 134217728.00 MB total
[2018.11.01-16.18.22:278][  0]LogInit: Using OS detected language (de-DE).
[2018.11.01-16.18.22:278][  0]LogInit: Using OS detected locale (de-DE).
[2018.11.01-16.18.22:279][  0]LogTextLocalizationManager: No specific localization for 'de-DE' exists, so the 'de' localization will be used.
[2018.11.01-16.18.22:282][  0]LogStreaming: Display: Took  0.004s to InitEngineTextLocalization.
[2018.11.01-16.18.22:282][  0]LogInit: Setting process to per monitor DPI aware
[2018.11.01-16.18.22:354][  0]LogSlate: New Slate User Created.  User Index 0, Is Virtual User: 0
[2018.11.01-16.18.22:355][  0]LogSlate: Slate User Registered.  User Index 0, Is Virtual User: 0
[2018.11.01-16.18.22:652][  0]LogHMD: Failed to initialize OpenVR with code 110
[2018.11.01-16.18.22:652][  0]LogD3D11RHI: D3D11 adapters:
[2018.11.01-16.18.22:734][  0]LogD3D11RHI:    0. 'NVIDIA GeForce GTX 960' (Feature Level 11_0)
[2018.11.01-16.18.22:734][  0]LogD3D11RHI:       4053/0/8166 MB DedicatedVideo/DedicatedSystem/SharedSystem, Outputs:2, VendorId:0x10de
[2018.11.01-16.18.22:737][  0]LogD3D11RHI:    1. 'Microsoft Basic Render Driver' (Feature Level 11_0)
[2018.11.01-16.18.22:737][  0]LogD3D11RHI:       0/0/8166 MB DedicatedVideo/DedicatedSystem/SharedSystem, Outputs:0, VendorId:0x1414
[2018.11.01-16.18.22:737][  0]LogD3D11RHI: Chosen D3D11 Adapter: 0
[2018.11.01-16.18.22:748][  0]LogD3D11RHI: Creating new Direct3DDevice
[2018.11.01-16.18.22:748][  0]LogD3D11RHI:     GPU DeviceId: 0x1401 (for the marketing name, search the web for "GPU Device Id")
[2018.11.01-16.18.22:748][  0]LogWindows: EnumDisplayDevices:
[2018.11.01-16.18.22:748][  0]LogWindows:    0. 'NVIDIA GeForce GTX 960' (P:0 D:1)
[2018.11.01-16.18.22:748][  0]LogWindows:    1. 'NVIDIA GeForce GTX 960' (P:1 D:1)
[2018.11.01-16.18.22:749][  0]LogWindows:    2. 'NVIDIA GeForce GTX 960' (P:0 D:0)
[2018.11.01-16.18.22:749][  0]LogWindows:    3. 'NVIDIA GeForce GTX 960' (P:0 D:0)
[2018.11.01-16.18.22:749][  0]LogWindows: DebugString: FoundDriverCount:4 
[2018.11.01-16.18.22:749][  0]LogD3D11RHI:     Adapter Name: NVIDIA GeForce GTX 960
[2018.11.01-16.18.22:749][  0]LogD3D11RHI:   Driver Version: 416.34 (internal:25.21.14.1634, unified:416.34)
[2018.11.01-16.18.22:749][  0]LogD3D11RHI:      Driver Date: 10-10-2018
[2018.11.01-16.18.22:749][  0]LogRHI: Texture pool is 2837 MB (70% of 4053 MB)
[2018.11.01-16.18.22:818][  0]LogD3D11RHI: Async texture creation enabled
[2018.11.01-16.18.22:837][  0]LogD3D11RHI: GPU Timing Frequency: 1000.000000 (Debug: 2 2)
[2018.11.01-16.18.22:889][  0]LogShaderCompilers: Guid format shader working directory is -28 characters bigger than the processId version (../../../../../../Users/Chris/Documents/Unreal Projects/Perforce/GravRacer/Intermediate/Shaders/WorkingDirectory/4908/).
[2018.11.01-16.18.22:890][  0]LogShaderCompilers: Cleaned the shader compiler working directory 'C:/Users/Chris/AppData/Local/Temp/UnrealShaderWorkingDir/88611BEC4094F4AB378D9FB96070ADA6/'.
[2018.11.01-16.18.23:282][  0]LogTemp: Display: Loaded TP AllDesktopTargetPlatform
[2018.11.01-16.18.23:304][  0]LogTemp: Display: Loaded TP MacClientTargetPlatform
[2018.11.01-16.18.23:326][  0]LogTemp: Display: Loaded TP MacNoEditorTargetPlatform
[2018.11.01-16.18.23:348][  0]LogTemp: Display: Loaded TP MacServerTargetPlatform
[2018.11.01-16.18.23:370][  0]LogTemp: Display: Loaded TP MacTargetPlatform
[2018.11.01-16.18.23:392][  0]LogTemp: Display: Loaded TP WindowsClientTargetPlatform
[2018.11.01-16.18.23:414][  0]LogTemp: Display: Loaded TP WindowsNoEditorTargetPlatform
[2018.11.01-16.18.23:436][  0]LogTemp: Display: Loaded TP WindowsServerTargetPlatform
[2018.11.01-16.18.23:446][  0]LogTemp: Display: Loaded TP WindowsTargetPlatform
[2018.11.01-16.18.23:583][  0]LogTemp: Display: Loaded TP AndroidTargetPlatform
[2018.11.01-16.18.23:583][  0]LogTemp: Display: Loaded TP AndroidTargetPlatform
[2018.11.01-16.18.23:583][  0]LogTemp: Display: Loaded TP AndroidTargetPlatform
[2018.11.01-16.18.23:583][  0]LogTemp: Display: Loaded TP AndroidTargetPlatform
[2018.11.01-16.18.23:583][  0]LogTemp: Display: Loaded TP AndroidTargetPlatform
[2018.11.01-16.18.23:583][  0]LogTemp: Display: Loaded TP AndroidTargetPlatform
[2018.11.01-16.18.23:583][  0]LogTemp: Display: Loaded TP AndroidTargetPlatform
[2018.11.01-16.18.23:583][  0]LogTemp: Display: Loaded TP AndroidTargetPlatform
[2018.11.01-16.18.23:583][  0]LogTemp: Display: Loaded TP AndroidTargetPlatform
[2018.11.01-16.18.23:583][  0]LogTemp: Display: Loaded TP AndroidTargetPlatform
[2018.11.01-16.18.23:583][  0]LogTemp: Display: Loaded TP AndroidTargetPlatform
[2018.11.01-16.18.23:583][  0]LogTemp: Display: Loaded TP AndroidTargetPlatform
[2018.11.01-16.18.23:583][  0]LogTemp: Display: Loaded TP AndroidTargetPlatform
[2018.11.01-16.18.23:583][  0]LogTemp: Display: Loaded TP AndroidTargetPlatform
[2018.11.01-16.18.23:583][  0]LogTemp: Display: Loaded TP AndroidTargetPlatform
[2018.11.01-16.18.23:583][  0]LogTemp: Display: Loaded TP AndroidTargetPlatform
[2018.11.01-16.18.23:583][  0]LogTemp: Display: Loaded TP AndroidTargetPlatform
[2018.11.01-16.18.23:583][  0]LogTemp: Display: Loaded TP AndroidTargetPlatform
[2018.11.01-16.18.23:585][  0]LogTemp: Display: Loaded TP HTML5TargetPlatform
[2018.11.01-16.18.23:663][  0]LogTemp: Display: Loaded TP IOSTargetPlatform
[2018.11.01-16.18.23:663][  0]LogTemp: Display: Loaded TP IOSTargetPlatform
[2018.11.01-16.18.23:701][  0]LogTemp: Display: Loaded TP TVOSTargetPlatform
[2018.11.01-16.18.23:701][  0]LogTemp: Display: Loaded TP TVOSTargetPlatform
[2018.11.01-16.18.23:722][  0]LogTemp: Display: Loaded TP LinuxClientTargetPlatform
[2018.11.01-16.18.23:743][  0]LogTemp: Display: Loaded TP LinuxNoEditorTargetPlatform
[2018.11.01-16.18.23:764][  0]LogTemp: Display: Loaded TP LinuxServerTargetPlatform
[2018.11.01-16.18.23:786][  0]LogTemp: Display: Loaded TP LinuxTargetPlatform
[2018.11.01-16.18.23:801][  0]LogTemp: Display: Loaded TP LuminTargetPlatform
[2018.11.01-16.18.23:801][  0]LogTargetPlatformManager: Display: Building Assets For Windows
[2018.11.01-16.18.23:881][  0]LogXGEController: Cannot use XGE Controller as Incredibuild is not installed on this machine.
[2018.11.01-16.18.23:881][  0]LogShaderCompilers: Cannot use XGE Shader Compiler as Incredibuild is not installed on this machine.
[2018.11.01-16.18.23:881][  0]LogShaderCompilers: Display: Using Local Shader Compiler.
[2018.11.01-16.18.25:103][  0]LogDerivedDataCache: Display: Max Cache Size: 512 MB
[2018.11.01-16.18.25:196][  0]LogDerivedDataCache: Loaded boot cache 0.09s 71MB C:/Users/Chris/AppData/Local/UnrealEngine/4.20/DerivedDataCache/Boot.ddc.
[2018.11.01-16.18.25:197][  0]LogDerivedDataCache: Display: Loaded Boot cache: C:/Users/Chris/AppData/Local/UnrealEngine/4.20/DerivedDataCache/Boot.ddc
[2018.11.01-16.18.25:197][  0]LogDerivedDataCache: FDerivedDataBackendGraph:  Pak pak cache file ../../../../../../Users/Chris/Documents/Unreal Projects/Perforce/GravRacer/DerivedDataCache/DDC.ddp not found, will not use a pak cache.
[2018.11.01-16.18.25:197][  0]LogDerivedDataCache: Unable to find inner node Pak for hierarchical cache Hierarchy.
[2018.11.01-16.18.25:197][  0]LogDerivedDataCache: FDerivedDataBackendGraph:  CompressedPak pak cache file ../../../../../../Users/Chris/Documents/Unreal Projects/Perforce/GravRacer/DerivedDataCache/Compressed.ddp not found, will not use a pak cache.
[2018.11.01-16.18.25:197][  0]LogDerivedDataCache: Unable to find inner node CompressedPak for hierarchical cache Hierarchy.
[2018.11.01-16.18.25:216][  0]LogDerivedDataCache: Display: Pak cache opened for reading ../../../Engine/DerivedDataCache/Compressed.ddp.
[2018.11.01-16.18.25:229][  0]LogDerivedDataCache: Using Local data cache path C:/Users/Chris/AppData/Local/UnrealEngine/Common/DerivedDataCache: Writable
[2018.11.01-16.18.25:229][  0]LogDerivedDataCache: Shared data cache path not found in *engine.ini, will not use an Shared cache.
[2018.11.01-16.18.25:229][  0]LogDerivedDataCache: Unable to find inner node Shared for hierarchical cache Hierarchy.
[2018.11.01-16.18.25:264][  0]LogMaterial: Verifying Global Shaders for PCD3D_SM5
[2018.11.01-16.18.25:266][  0]LogSlate: Using FreeType 2.6.0
[2018.11.01-16.18.25:266][  0]LogSlate: SlateFontServices - WITH_FREETYPE: 1, WITH_HARFBUZZ: 1
[2018.11.01-16.18.25:368][  0]LogAssetRegistry: FAssetRegistry took 0.0291 seconds to start up
[2018.11.01-16.18.25:913][  0]LogInit: Selected Device Profile: [Windows]
[2018.11.01-16.18.26:150][  0]LogSimplygon: Simplygon DLL not present - disabling.
[2018.11.01-16.18.26:154][  0]LogMeshReduction: Using SimplygonSwarm for distributed automatic mesh merging
[2018.11.01-16.18.26:154][  0]LogMeshReduction: Using ProxyLODMeshReduction for automatic mesh merging
[2018.11.01-16.18.26:154][  0]LogMeshReduction: Using QuadricMeshReduction for automatic static mesh reduction
[2018.11.01-16.18.26:154][  0]LogMeshReduction: No automatic skeletal mesh reduction module available
[2018.11.01-16.18.26:188][  0]LogNetVersion: GravRacer 1.0.0, NetCL: 4212847, EngineNetVer: 5, GameNetVer: 0 (Checksum: 321582303)
[2018.11.01-16.18.26:880][  0]LogPackageLocalizationCache: Processed 11 localized package path(s) for 2 prioritized culture(s) in 0.154447 seconds
[2018.11.01-16.18.26:888][  0]LogUObjectArray: 38425 objects as part of root set at end of initial load.
[2018.11.01-16.18.26:888][  0]LogUObjectAllocator: 6690872 out of 0 bytes used by permanent object pool.
[2018.11.01-16.18.26:888][  0]LogUObjectArray: CloseDisregardForGC: 0/0 objects in disregard for GC pool
[2018.11.01-16.18.27:988][  0]LogTcpMessaging: Initializing TcpMessaging bridge
[2018.11.01-16.18.28:003][  0]LogUdpMessaging: Initializing bridge on interface 0.0.0.0:0 to multicast group 230.0.0.1:6666.
[2018.11.01-16.18.28:179][  0]SourceControl: Source control is disabled
[2018.11.01-16.18.28:179][  0]SourceControl: Source control is disabled
[2018.11.01-16.18.28:180][  0]SourceControl: Source control is disabled
[2018.11.01-16.18.28:181][  0]SourceControl: Source control is disabled
[2018.11.01-16.18.28:398][  0]LogAndroidPermission: UAndroidPermissionCallbackProxy::GetInstance
[2018.11.01-16.18.28:464][  0]LogOcInput: OculusInput pre-init called
[2018.11.01-16.18.29:325][  0]LogEngine: Initializing Engine...
[2018.11.01-16.18.29:326][  0]LogHMD: Failed to initialize OpenVR with code 110
[2018.11.01-16.18.29:328][  0]LogStats: UGameplayTagsManager::ConstructGameplayTagTree: ImportINI prefixes -  0.000 s
[2018.11.01-16.18.29:328][  0]LogStats: UGameplayTagsManager::ConstructGameplayTagTree: Construct from data asset -  0.000 s
[2018.11.01-16.18.29:328][  0]LogStats: UGameplayTagsManager::ConstructGameplayTagTree: ImportINI -  0.000 s
[2018.11.01-16.18.29:328][  0]LogStats: UGameplayTagsManager::ConstructGameplayTagTree: GameplayTagTreeChangedEvent.Broadcast -  0.000 s
[2018.11.01-16.18.29:582][  0]LogInit: Initializing FReadOnlyCVARCache
[2018.11.01-16.18.29:601][  0]LogAIModule: Creating AISystem for world Untitled
[2018.11.01-16.18.29:615][  0]LogInit: XAudio2 using 'BenQ GL2450H (NVIDIA High Definition Audio)' : 2 channels at 48 kHz using 16 bits per sample (channel mask 0x3)
[2018.11.01-16.18.29:643][  0]LogInit: FAudioDevice initialized.
[2018.11.01-16.18.29:644][  0]LogNetVersion: Set ProjectVersion to 1.0.0.0. Version Checksum will be recalculated on next use.
[2018.11.01-16.18.29:759][  0]LogDerivedDataCache: Saved boot cache 0.12s 71MB C:/Users/Chris/AppData/Local/UnrealEngine/4.20/DerivedDataCache/Boot.ddc.
[2018.11.01-16.18.29:774][  0]LogInit: Texture streaming: Enabled
[2018.11.01-16.18.29:800][  0]LogEngineSessionManager: EngineSessionManager initialized
[2018.11.01-16.18.29:820][  0]LogInit: Transaction tracking system initialized
[2018.11.01-16.18.29:852][  0]BlueprintLog: New page: Editor Load
[2018.11.01-16.18.29:958][  0]LocalizationService: Localization service is disabled
[2018.11.01-16.18.30:409][  0]LogCook: Display: Max memory allowance for cook 16384mb min free memory 0mb
[2018.11.01-16.18.30:409][  0]LogCook: Display: Mobile HDR setting 1
[2018.11.01-16.18.30:409][  0]LogGameplayTags: Display: UGameplayTagsManager::DoneAddingNativeTags. DelegateIsBound: 0
[2018.11.01-16.18.30:409][  0]LogStats: UGameplayTagsManager::ConstructGameplayTagTree: ImportINI prefixes -  0.000 s
[2018.11.01-16.18.30:409][  0]LogStats: UGameplayTagsManager::ConstructGameplayTagTree: Construct from data asset -  0.000 s
[2018.11.01-16.18.30:409][  0]LogStats: UGameplayTagsManager::ConstructGameplayTagTree: ImportINI -  0.000 s
[2018.11.01-16.18.30:409][  0]LogStats: UGameplayTagsManager::ConstructGameplayTagTree: GameplayTagTreeChangedEvent.Broadcast -  0.000 s
[2018.11.01-16.18.30:428][  0]LogFileCache: Scanning file cache for directory 'C:/Users/Chris/Documents/Unreal Projects/Perforce/GravRacer/Content/' took 0.02s
[2018.11.01-16.18.30:582][  0]SourceControl: Source control is disabled
[2018.11.01-16.18.30:583][  0]Cmd: MAP LOAD FILE="../../../../../../Users/Chris/Documents/Unreal Projects/Perforce/GravRacer/Content/VehicleAdvBP/Maps/VehicleAdvExampleMap.umap" TEMPLATE=0 SHOWPROGRESS=1 FEATURELEVEL=3
[2018.11.01-16.18.30:583][  0]LightingResults: New page: Lighting Build
[2018.11.01-16.18.30:587][  0]MapCheck: New page: Map Check
[2018.11.01-16.18.30:587][  0]LightingResults: New page: Lighting Build
[2018.11.01-16.18.31:806][  0]LogAIModule: Creating AISystem for world VehicleAdvExampleMap
[2018.11.01-16.18.32:001][  0]LogEditorServer: Finished looking for orphan Actors (0.000 secs)
[2018.11.01-16.18.32:096][  0]Cmd: MAP CHECKDEP NOCLEARLOG
[2018.11.01-16.18.32:204][  0]MapCheck: Map check complete: 0 Error(s), 0 Warning(s), took 107,72ms to complete.
[2018.11.01-16.18.32:204][  0]LogFileHelpers: Loading map 'VehicleAdvExampleMap' took 1.621
[2018.11.01-16.18.32:400][  0]LogSlate: Updating window title bar state: overlay mode, drag disabled, window buttons hidden, title bar hidden
[2018.11.01-16.18.32:414][  0]LogSlate: Updating window title bar state: overlay mode, drag disabled, window buttons hidden, title bar hidden
[2018.11.01-16.18.32:428][  0]LogSlate: Updating window title bar state: overlay mode, drag disabled, window buttons hidden, title bar hidden
[2018.11.01-16.18.32:442][  0]LogSlate: Updating window title bar state: overlay mode, drag disabled, window buttons hidden, title bar hidden
[2018.11.01-16.18.32:457][  0]LogCollectionManager: Loaded 0 collections in 0.002289 seconds
[2018.11.01-16.18.32:520][  0]LogFileCache: Scanning file cache for directory 'C:/Users/Chris/Documents/Unreal Projects/Perforce/GravRacer/Saved/Collections/' took 0.01s
[2018.11.01-16.18.32:521][  0]LogFileCache: Scanning file cache for directory 'C:/Users/Chris/Documents/Unreal Projects/Perforce/GravRacer/Content/Developers/Chris/Collections/' took 0.01s
[2018.11.01-16.18.32:521][  0]LogFileCache: Scanning file cache for directory 'C:/Users/Chris/Documents/Unreal Projects/Perforce/GravRacer/Content/Collections/' took 0.01s
[2018.11.01-16.18.32:521][  0]LogCollectionManager: Rebuilt the GUID cache for 0 collections in 0.000001 seconds
[2018.11.01-16.18.32:540][  0]LogContentBrowser: Native class hierarchy populated in 0.0192 seconds. Added 2583 classes and 609 folders.
[2018.11.01-16.18.32:550][  0]LogContentBrowser: Native class hierarchy updated for 'WidgetCarousel' in 0.0004 seconds. Added 0 classes and 0 folders.
[2018.11.01-16.18.32:996][  0]LogContentBrowser: Native class hierarchy updated for 'AddContentDialog' in 0.0012 seconds. Added 0 classes and 0 folders.
[2018.11.01-16.18.33:054][  0]LogContentBrowser: Native class hierarchy updated for 'SceneOutliner' in 0.0003 seconds. Added 1 classes and 2 folders.
[2018.11.01-16.18.33:085][  0]LogSlate: Took 0.000290 seconds to synchronously load lazily loaded font '../../../Engine/Content/Slate/Fonts/Roboto-Regular.ttf' (155K)
[2018.11.01-16.18.33:089][  0]LogSlate: Took 0.000301 seconds to synchronously load lazily loaded font '../../../Engine/Content/Slate/Fonts/Roboto-Bold.ttf' (160K)
[2018.11.01-16.18.33:105][  0]LogSlate: Took 0.007212 seconds to synchronously load lazily loaded font '../../../Engine/Content/Editor/Slate/Fonts/FontAwesome.ttf' (139K)
[2018.11.01-16.18.33:323][  0]LogRenderer: Reallocating scene render targets to support 1208x576 Format 10 NumSamples 1 (Frame:1).
[2018.11.01-16.18.33:485][  0]LogContentBrowser: Native class hierarchy updated for 'HierarchicalLODOutliner' in 0.0003 seconds. Added 0 classes and 0 folders.
[2018.11.01-16.18.33:485][  0]LogLoad: (Engine Initialization) Total time: 13.52 seconds
[2018.11.01-16.18.33:485][  0]LogLoad: (Engine Initialization) Total Blueprint compile time: 0.00 seconds
[2018.11.01-16.18.33:496][  0]LogWindowsTextInputMethodSystem: Display: IME system now deactivated.
[2018.11.01-16.18.33:497][  0]LogRawInputWindows: Warning: Found device 0 devices
[2018.11.01-16.18.33:497][  0]LogRawInputWindows: Warning: Found device 0 devices
[2018.11.01-16.18.33:497][  0]LogRawInputWindows: Warning: Device was registered succesfully but not connected (Usage:4 UsagePage:1)
[2018.11.01-16.18.33:497][  0]LogRawInputWindows: Warning: Found device 1 devices
[2018.11.01-16.18.33:497][  0]LogRawInputWindows: VenderID:45e ProductID:28e
[2018.11.01-16.18.33:497][  0]LogRawInputWindows: Device was registered succesfully and is connected (Usage:5 UsagePage:1)
[2018.11.01-16.18.33:521][  0]LogContentStreaming: Texture pool size now 1000 MB
[2018.11.01-16.18.33:553][  0]LogSlate: Took 0.006941 seconds to synchronously load lazily loaded font '../../../Engine/Content/Slate/Fonts/Roboto-Light.ttf' (167K)
[2018.11.01-16.18.33:623][  2]LogAssetRegistry: Asset discovery search completed in 8.2781 seconds
[2018.11.01-16.18.33:626][  2]LogCollectionManager: Rebuilt the object cache for 0 collections in 0.000001 seconds (found 0 objects)
[2018.11.01-16.18.33:626][  2]LogCollectionManager: Fixed up redirectors for 0 collections in 0.000077 seconds (updated 0 objects)
[2018.11.01-16.18.46:716][551]LogEditorViewport: Clicking on Actor (LMB): VehicleBlueprint_C (VehicleBlueprint)
[2018.11.01-16.18.48:411][726]LogSlate: Took 0.007253 seconds to synchronously load lazily loaded font '../../../Engine/Content/Slate/Fonts/Roboto-Italic.ttf' (157K)
[2018.11.01-16.18.49:332][826]LogSlate: FSceneViewport::OnFocusLost() reason 0
[2018.11.01-16.19.24:004][452]LogSlate: Took 0.000318 seconds to synchronously load lazily loaded font '../../../Engine/Content/Slate/Fonts/Roboto-Light.ttf' (167K)
[2018.11.01-16.19.24:014][452]LogAssetEditorManager: Opening Asset editor for PhysicsAsset /Game/VehicleAdv/Vehicle/VehiclePhysicsAsset.VehiclePhysicsAsset
[2018.11.01-16.19.24:129][452]LogContentBrowser: Native class hierarchy updated for 'PhysicsAssetEditor' in 0.0004 seconds. Added 7 classes and 3 folders.
[2018.11.01-16.19.24:132][452]LogContentBrowser: Native class hierarchy updated for 'SkeletonEditor' in 0.0002 seconds. Added 1 classes and 2 folders.
[2018.11.01-16.19.24:493][452]LogActorComponent: RegisterComponentWithWorld: (/Engine/Transient.World_4:PersistentLevel.AnimationEditorPreviewActor_0.PhysicsAssetEditorSkeletalMeshComponent_0) Already registered. Aborting.
[2018.11.01-16.19.24:501][452]LogContentBrowser: Native class hierarchy updated for 'PinnedCommandList' in 0.0003 seconds. Added 1 classes and 0 folders.
[2018.11.01-16.19.24:917][452]LogSlate: Took 0.008637 seconds to synchronously load lazily loaded font '../../../Engine/Content/Slate/Fonts/Roboto-BoldCondensed.ttf' (158K)
[2018.11.01-16.19.24:978][452]LogContentBrowser: Native class hierarchy updated for 'ClothingSystemEditorInterface' in 0.0003 seconds. Added 1 classes and 0 folders.
[2018.11.01-16.19.25:009][453]LogRenderer: Reallocating scene render targets to support 1208x836 Format 10 NumSamples 1 (Frame:1).
[2018.11.01-16.19.32:876][751]LogSlate: Window 'VehiclePhysicsAsset' being destroyed
[2018.11.01-16.19.32:897][751]LogSlate: Window 'VehiclePhysicsAsset' being destroyed
[2018.11.01-16.19.45:387][963]LogAssetEditorManager: Opening Asset editor for TireConfig /Game/VehicleAdv/Vehicle/WheelData/Vehicle_FrontTireConfig.Vehicle_FrontTireConfig
[2018.11.01-16.19.55:238][979]LogSlate: Window 'Vehicle_FrontTireConfig - Generic Asset Editor' being destroyed
[2018.11.01-16.19.55:243][979]LogSlate: Window 'Vehicle_FrontTireConfig - Generic Asset Editor' being destroyed
[2018.11.01-16.19.56:165][ 70]LogAssetEditorManager: Opening Asset editor for TireConfig /Game/VehicleAdv/Vehicle/WheelData/Vehicle_BackTireConfig.Vehicle_BackTireConfig
[2018.11.01-16.20.08:046][289]LogSlate: Window 'Vehicle_BackTireConfig - Generic Asset Editor' being destroyed
[2018.11.01-16.20.08:051][289]LogSlate: Window 'Vehicle_BackTireConfig - Generic Asset Editor' being destroyed
[2018.11.01-16.20.15:170][914]LogAssetEditorManager: Opening Asset editor for TouchInterface /Game/VehicleAdv/Vehicle/LeftVirtualJoystickOnly.LeftVirtualJoystickOnly
[2018.11.01-16.20.22:171][580]LogSlate: Window 'LeftVirtualJoystickOnly - Generic Asset Editor' being destroyed
[2018.11.01-16.20.22:177][580]LogSlate: Window 'LeftVirtualJoystickOnly - Generic Asset Editor' being destroyed
[2018.11.01-16.20.23:696][677]LogAssetEditorManager: Opening Asset editor for SkeletalMesh /Game/VehicleAdv/Vehicle/Vehicle_SkelMesh.Vehicle_SkelMesh
[2018.11.01-16.20.23:705][677]LogActorComponent: RegisterComponentWithWorld: (/Engine/Transient.World_5:PersistentLevel.AnimationEditorPreviewActor_0.DebugSkelMeshComponent_0) Already registered. Aborting.
[2018.11.01-16.20.23:772][677]LogSkeletalMesh: USkeletalMeshComponent::InitArticulated : Bodies already created (/Engine/Transient.World_5:PersistentLevel.AnimationEditorPreviewActor_0.DebugSkelMeshComponent_0) - call TermArticulated first.
[2018.11.01-16.20.33:154][155]LogAssetEditorManager: Opening Asset editor for AnimBlueprint /Game/VehicleAdv/Vehicle/VehicleAnimationBlueprint.VehicleAnimationBlueprint
[2018.11.01-16.20.33:225][155]LogActorComponent: RegisterComponentWithWorld: (/Engine/Transient.World_8:PersistentLevel.AnimationEditorPreviewActor_0.DebugSkelMeshComponent_0) Already registered. Aborting.
[2018.11.01-16.20.34:105][155]LogContentBrowser: Native class hierarchy updated for 'BlueprintGraph' in 0.0010 seconds. Added 116 classes and 0 folders.
[2018.11.01-16.20.35:235][155]LogSkeletalMesh: USkeletalMeshComponent::InitArticulated : Bodies already created (/Engine/Transient.World_8:PersistentLevel.AnimationEditorPreviewActor_0.DebugSkelMeshComponent_0) - call TermArticulated first.
[2018.11.01-16.20.58:375][444]LogSlate: Window 'VehicleAnimationBlueprint' being destroyed
[2018.11.01-16.20.58:381][444]LogSlate: Window 'VehicleAnimationBlueprint' being destroyed
[2018.11.01-16.22.28:548][786]LogAssetEditorManager: Opening Asset editor for PhysicsAsset /Game/VehicleAdv/Vehicle/VehiclePhysicsAsset.VehiclePhysicsAsset
[2018.11.01-16.22.28:575][786]LogActorComponent: RegisterComponentWithWorld: (/Engine/Transient.World_10:PersistentLevel.AnimationEditorPreviewActor_0.PhysicsAssetEditorSkeletalMeshComponent_0) Already registered. Aborting.
[2018.11.01-16.22.38:336][138]LogSlate: FSceneViewport::OnFocusLost() reason 0
[2018.11.01-16.22.52:259][767]LogSlate: Window 'VehiclePhysicsAsset' being destroyed
[2018.11.01-16.22.52:274][767]LogSlate: Window 'VehiclePhysicsAsset' being destroyed
[2018.11.01-16.23.35:855][225]LogAssetEditorManager: Opening Asset editor for PhysicalMaterial /Game/VehicleAdv/PhysicsMaterials/Slippery.Slippery
[2018.11.01-16.24.00:465][656]LogSlate: Window 'Slippery - Generic Asset Editor' being destroyed
[2018.11.01-16.24.00:470][656]LogSlate: Window 'Slippery - Generic Asset Editor' being destroyed
[2018.11.01-16.24.02:471][869]LogAssetEditorManager: Opening Asset editor for PhysicalMaterial /Game/VehicleAdv/PhysicsMaterials/NonSlippery.NonSlippery
[2018.11.01-16.24.08:519][436]LogAssetEditorManager: Opening Asset editor for PhysicalMaterial /Game/VehicleAdv/PhysicsMaterials/Slippery.Slippery
[2018.11.01-16.24.36:459][151]LogSlate: Window 'NonSlippery - Generic Asset Editor' being destroyed
[2018.11.01-16.24.46:096][187]LogAssetEditorManager: Opening Asset editor for SoundAttenuation /Game/VehicleAdv/Sound/Engine_att.Engine_att
[2018.11.01-16.25.09:332][ 93]LogSlate: Window 'Engine_att - Generic Asset Editor' being destroyed
[2018.11.01-16.25.09:337][ 93]LogSlate: Window 'Engine_att - Generic Asset Editor' being destroyed
[2018.11.01-16.25.15:341][700]LogAssetEditorManager: Opening Asset editor for SoundCue /Game/VehicleAdv/Sound/Engine_Loop_Cue.Engine_Loop_Cue
[2018.11.01-16.26.39:876][965]LogSavePackage: Moving '../../../../../../Users/Chris/Documents/Unreal Projects/Perforce/GravRacer/Saved/Engine_Loop_Cue88B1B1B14A6F154DBA782FBF66DC59B0.tmp' to '../../../../../../Users/Chris/Documents/Unreal Projects/Perforce/GravRacer/Content/VehicleAdv/Sound/Engine_Loop_Cue.uasset'
[2018.11.01-16.26.41:278][ 63]LogSlate: Window 'Engine_Loop_Cue' being destroyed
[2018.11.01-16.26.41:283][ 63]LogSlate: Window 'Engine_Loop_Cue' being destroyed
[2018.11.01-16.26.55:463][582]LogAudioDerivedData: Display: Building compressed audio format OGG hash OGG wave Engine_Speed_02_Loop...
[2018.11.01-16.26.55:463][582]LogTemp: Couldn't find amount to resample to.
[2018.11.01-16.26.58:048][839]LogAudioDerivedData: Display: Building compressed audio format OGG hash OGG wave Engine_Speed_04_Loop...
[2018.11.01-16.26.58:048][839]LogTemp: Couldn't find amount to resample to.
[2018.11.01-16.27.00:989][131]LogAudioDerivedData: Display: Building compressed audio format OGG hash OGG wave Engine_Speed_06_Loop...
[2018.11.01-16.27.00:990][131]LogTemp: Couldn't find amount to resample to.
[2018.11.01-16.27.25:150][509]LogEditorViewport: Clicking on Actor (LMB): VehicleBlueprint_C (VehicleBlueprint)
[2018.11.01-16.27.27:304][751]LogEditorViewport: Clicking on Actor (LMB): VehicleBlueprint_C (VehicleBlueprint)
[2018.11.01-16.27.34:037][518]LogSlate: FSceneViewport::OnFocusLost() reason 0
[2018.11.01-16.28.27:350][707]LogAssetEditorManager: Opening Asset editor for Blueprint /Game/VehicleAdvBP/Blueprints/VehicleBlueprint.VehicleBlueprint
[2018.11.01-16.30.51:260][327]LogSlate: Window 'VehicleBlueprint' being destroyed
[2018.11.01-16.30.51:265][327]LogSlate: Window 'VehicleBlueprint' being destroyed
[2018.11.01-16.31.51:155][983]LogSavePackage: Moving '../../../../../../Users/Chris/Documents/Unreal Projects/Perforce/GravRacer/Saved/VehicleAdvExampleMap611A568745B630C44ACF6F865D89AB1C.tmp' to '../../../../../../Users/Chris/Documents/Unreal Projects/Perforce/GravRacer/Content/VehicleAdvBP/Maps/VehicleAdvExampleMap.umap'
[2018.11.01-16.31.52:836][983]LogSavePackage: Moving '../../../../../../Users/Chris/Documents/Unreal Projects/Perforce/GravRacer/Saved/VehicleAdvExampleMap_BuiltDataC447E0C847A93A1EA00897ACDADA3EEF.tmp' to '../../../../../../Users/Chris/Documents/Unreal Projects/Perforce/GravRacer/Content/VehicleAdvBP/Maps/VehicleAdvExampleMap_BuiltData.uasset'
[2018.11.01-16.34.22:103][495]LogSlate: Window 'New Project' being destroyed
[2018.11.01-16.34.33:219][524]LogSlate: Window 'New Level' being destroyed
[2018.11.01-16.34.53:831][784]Running C:/Program Files/Epic Games/UE_4.20/Engine/Binaries/DotNET/UnrealBuildTool.exe  -projectfiles -project="C:/Users/Chris/Documents/Unreal Projects/Perforce/MyProject/MyProject.uproject" -game -rocket -progress
[2018.11.01-16.34.54:239][784]Discovering modules, targets and source code for project...
[2018.11.01-16.34.57:475][784]C:\Program Files\Epic Games\UE_4.20\Engine\Source\ThirdParty\Expat\Expat.Build.cs: warning: Referenced directory 'C:\Program Files\Epic Games\UE_4.20\Engine\Source\ThirdParty\Expat\expat-2.2.0\Win64\VS2015\Release' does not exist.
[2018.11.01-16.35.01:231][784]LogGameProjectGeneration: Created new project with 11 files (plus project files)
[2018.11.01-16.35.01:255][784]Running C:/Program Files/Epic Games/UE_4.20/Engine/Binaries/DotNET/UnrealBuildTool.exe Development Win64 -Project="C:/Users/Chris/Documents/Unreal Projects/Perforce/MyProject/MyProject.uproject" -TargetType=Editor -Progress -NoHotReloadFromIDE
[2018.11.01-16.35.02:192][784]Performing full C++ include scan (building a new target)
[2018.11.01-16.35.02:192][784]Creating makefile for MyProjectEditor (no existing makefile)
[2018.11.01-16.35.02:293][784]Using Visual Studio 2017 14.13.26128 toolchain (C:\Program Files (x86)\Microsoft Visual Studio\2017\Community\VC\Tools\MSVC\14.13.26128) and Windows 10.0.16299.0 SDK (C:\Program Files (x86)\Windows Kits\10).
[2018.11.01-16.35.48:551][784]@progress push 5%
[2018.11.01-16.35.49:318][784]Parsing headers for MyProjectEditor
[2018.11.01-16.35.49:420][784]  Running UnrealHeaderTool "C:\Users\Chris\Documents\Unreal Projects\Perforce\MyProject\MyProject.uproject" "C:\Users\Chris\Documents\Unreal Projects\Perforce\MyProject\Intermediate\Build\Win64\MyProjectEditor\Development\MyProjectEditor.uhtmanifest" -LogCmds="loginit warning, logexit warning, logdatabase error" -Unattended -WarningsAsErrors -installed
[2018.11.01-16.36.02:246][784]Reflection code generated for MyProjectEditor in 12,8266268 seconds
[2018.11.01-16.36.02:868][784]@progress pop
[2018.11.01-16.36.05:393][784]Building 8 actions with 6 processes...
[2018.11.01-16.36.05:393][784]  @progress 'Compiling C++ source code...' 0%
[2018.11.01-16.36.05:696][784]  @progress 'Compiling C++ source code...' 12%
[2018.11.01-16.36.05:696][784]  [1/8] PCLaunch.rc
[2018.11.01-16.36.36:097][784]  @progress 'Compiling C++ source code...' 25%
[2018.11.01-16.36.36:097][784]  [2/8] SharedPCH.Engine.cpp
[2018.11.01-16.36.36:602][784]  @progress 'Compiling C++ source code...' 38%
[2018.11.01-16.36.36:602][784]  [3/8] MyProject.cpp
[2018.11.01-16.36.36:703][784]  @progress 'Compiling C++ source code...' 50%
[2018.11.01-16.36.36:703][784]  [4/8] MyProject.init.gen.cpp
[2018.11.01-16.36.36:804][784]  @progress 'Compiling C++ source code...' 62%
[2018.11.01-16.36.36:804][784]  [5/8] MyProjectGameModeBase.cpp
[2018.11.01-16.36.37:006][784]  @progress 'Compiling C++ source code...' 75%
[2018.11.01-16.36.37:006][784]  [6/8] MyProjectGameModeBase.gen.cpp
[2018.11.01-16.36.37:107][784]  @progress 'Compiling C++ source code...' 88%
[2018.11.01-16.36.37:107][784]  [7/8] UE4Editor-MyProject.lib
[2018.11.01-16.36.37:107][784]     Bibliothek "C:\Users\Chris\Documents\Unreal Projects\Perforce\MyProject\Intermediate\Build\Win64\UE4Editor\Development\MyProject\UE4Editor-MyProject.lib" und Objekt "C:\Users\Chris\Documents\Unreal Projects\Perforce\MyProject\Intermediate\Build\Win64\UE4Editor\Development\MyProject\UE4Editor-MyProject.exp" werden erstellt.
[2018.11.01-16.36.37:915][784]  @progress 'Compiling C++ source code...' 100%
[2018.11.01-16.36.37:915][784]  [8/8] UE4Editor-MyProject.dll
[2018.11.01-16.36.37:915][784]     Bibliothek "C:\Users\Chris\Documents\Unreal Projects\Perforce\MyProject\Intermediate\Build\Win64\UE4Editor\Development\MyProject\UE4Editor-MyProject.suppressed.lib" und Objekt "C:\Users\Chris\Documents\Unreal Projects\Perforce\MyProject\Intermediate\Build\Win64\UE4Editor\Development\MyProject\UE4Editor-MyProject.suppressed.exp" werden erstellt.
[2018.11.01-16.36.37:915][784]Total build time: 96,33 seconds (Parallel executor: 32,48 seconds)
[2018.11.01-16.36.38:039][784]LogSlate: Window 'New Project' being destroyed
[2018.11.01-16.36.38:099][785]Cmd: CLOSE_SLATE_MAINFRAME
[2018.11.01-16.36.38:272][785]LogSlate: Window 'GravRacer - Unreal Editor' being destroyed
[2018.11.01-16.36.38:531][786]Cmd: QUIT_EDITOR
[2018.11.01-16.36.38:572][786]LogWindowsTextInputMethodSystem: Display: IME system now deactivated.
[2018.11.01-16.36.38:603][786]LogExit: Preparing to exit.
[2018.11.01-16.36.38:984][786]LogExit: Editor shut down
[2018.11.01-16.36.38:985][786]LogExit: Transaction tracking system shut down
[2018.11.01-16.36.39:418][786]LogExit: Object subsystem successfully closed.
[2018.11.01-16.36.39:485][786]LogShaderCompilers: Display: Shaders left to compile 0
[2018.11.01-16.36.39:493][786]LogD3D11RHI: Shutdown
[2018.11.01-16.36.39:494][786]LogD3D11RHI: CleanupD3DDevice
[2018.11.01-16.36.39:504][786]LogD3D11RHI: ~FD3D11DynamicRHI
[2018.11.01-16.36.39:559][786]LogModuleManager: Shutting down and abandoning module NewLevelDialog (630)
[2018.11.01-16.36.39:559][786]LogModuleManager: Shutting down and abandoning module BlueprintGraph (628)
[2018.11.01-16.36.39:559][786]LogModuleManager: Shutting down and abandoning module AnimationBlueprintEditor (626)
[2018.11.01-16.36.39:559][786]LogModuleManager: Shutting down and abandoning module ClothingSystemEditorInterface (624)
[2018.11.01-16.36.39:559][786]LogModuleManager: Shutting down and abandoning module PinnedCommandList (622)
[2018.11.01-16.36.39:559][786]LogModuleManager: Shutting down and abandoning module SkeletonEditor (620)
[2018.11.01-16.36.39:559][786]LogModuleManager: Shutting down and abandoning module PhysicsAssetEditor (618)
[2018.11.01-16.36.39:559][786]LogModuleManager: Shutting down and abandoning module HierarchicalLODOutliner (616)
[2018.11.01-16.36.39:559][786]LogModuleManager: Shutting down and abandoning module SceneOutliner (614)
[2018.11.01-16.36.39:559][786]LogModuleManager: Shutting down and abandoning module AddContentDialog (612)
[2018.11.01-16.36.39:561][786]LogModuleManager: Shutting down and abandoning module WidgetCarousel (611)
[2018.11.01-16.36.39:561][786]LogModuleManager: Shutting down and abandoning module EditorWidgets (608)
[2018.11.01-16.36.39:561][786]LogModuleManager: Shutting down and abandoning module CollectionManager (606)
[2018.11.01-16.36.39:561][786]LogModuleManager: Shutting down and abandoning module StatsViewer (604)
[2018.11.01-16.36.39:561][786]LogModuleManager: Shutting down and abandoning module FoliageEdit (602)
[2018.11.01-16.36.39:561][786]LogModuleManager: Shutting down and abandoning module LandscapeEditor (600)
[2018.11.01-16.36.39:561][786]LogModuleManager: Shutting down and abandoning module MeshPaintMode (598)
[2018.11.01-16.36.39:561][786]LogModuleManager: Shutting down and abandoning module SceneDepthPickerMode (596)
[2018.11.01-16.36.39:561][786]LogModuleManager: Shutting down and abandoning module ActorPickerMode (594)
[2018.11.01-16.36.39:561][786]LogModuleManager: Shutting down and abandoning module GeometryMode (592)
[2018.11.01-16.36.39:561][786]LogModuleManager: Shutting down and abandoning module TextureAlignMode (590)
[2018.11.01-16.36.39:561][786]LogModuleManager: Shutting down and abandoning module BspMode (588)
[2018.11.01-16.36.39:561][786]LogModuleManager: Shutting down and abandoning module PIEPreviewDeviceProfileSelector (586)
[2018.11.01-16.36.39:561][786]LogModuleManager: Shutting down and abandoning module SequenceRecorderSections (584)
[2018.11.01-16.36.39:562][786]LogModuleManager: Shutting down and abandoning module AutomationWorker (582)
[2018.11.01-16.36.39:562][786]LogModuleManager: Shutting down and abandoning module AudioCaptureEditor (580)
[2018.11.01-16.36.39:562][786]LogModuleManager: Shutting down and abandoning module SequenceRecorder (579)
[2018.11.01-16.36.39:562][786]LogModuleManager: Shutting down and abandoning module MatineeToLevelSequence (576)
[2018.11.01-16.36.39:562][786]LogModuleManager: Shutting down and abandoning module LevelSequenceEditor (574)
[2018.11.01-16.36.39:562][786]LogModuleManager: Shutting down and abandoning module PlacementMode (573)
[2018.11.01-16.36.39:562][786]LogModuleManager: Shutting down and abandoning module MaterialEditor (572)
[2018.11.01-16.36.39:562][786]LogModuleManager: Shutting down and abandoning module WmfMediaFactory (568)
[2018.11.01-16.36.39:562][786]LogModuleManager: Shutting down and abandoning module WmfMediaEditor (566)
[2018.11.01-16.36.39:562][786]LogModuleManager: Shutting down and abandoning module MediaPlayerEditor (564)
[2018.11.01-16.36.39:562][786]LogModuleManager: Shutting down and abandoning module OpenExrWrapper (562)
[2018.11.01-16.36.39:562][786]LogModuleManager: Shutting down and abandoning module ImgMediaFactory (560)
[2018.11.01-16.36.39:562][786]LogModuleManager: Shutting down and abandoning module ImgMediaEditor (558)
[2018.11.01-16.36.39:562][786]LogModuleManager: Shutting down and abandoning module AvfMediaFactory (556)
[2018.11.01-16.36.39:562][786]LogModuleManager: Shutting down and abandoning module AvfMediaEditor (554)
[2018.11.01-16.36.39:562][786]LogModuleManager: Shutting down and abandoning module AndroidMediaFactory (552)
[2018.11.01-16.36.39:562][786]LogModuleManager: Shutting down and abandoning module AndroidMediaEditor (550)
[2018.11.01-16.36.39:562][786]LogModuleManager: Shutting down and abandoning module MagicLeapCameraPreviewFactory (548)
[2018.11.01-16.36.39:563][786]LogModuleManager: Shutting down and abandoning module MagicLeapMediaFactory (546)
[2018.11.01-16.36.39:563][786]LogModuleManager: Shutting down and abandoning module MagicLeapMediaEditor (544)
[2018.11.01-16.36.39:563][786]LogModuleManager: Shutting down and abandoning module CharacterAI (542)
[2018.11.01-16.36.39:563][786]LogModuleManager: Shutting down and abandoning module SmartSnapping (540)
[2018.11.01-16.36.39:563][786]LogModuleManager: Shutting down and abandoning module SessionServices (538)
[2018.11.01-16.36.39:563][786]LogModuleManager: Shutting down and abandoning module ViewportSnapping (536)
[2018.11.01-16.36.39:563][786]LogModuleManager: Shutting down and abandoning module ViewportInteraction (534)
[2018.11.01-16.36.39:563][786]LogModuleManager: Shutting down and abandoning module ClothPainter (532)
[2018.11.01-16.36.39:563][786]LogModuleManager: Shutting down and abandoning module SkeletalMeshEditor (531)
[2018.11.01-16.36.39:563][786]LogModuleManager: Shutting down and abandoning module LogVisualizer (528)
[2018.11.01-16.36.39:563][786]LogModuleManager: Shutting down and abandoning module IntroTutorials (526)
[2018.11.01-16.36.39:563][786]LogModuleManager: Shutting down and abandoning module GameProjectGeneration (525)
[2018.11.01-16.36.39:563][786]LogModuleManager: Shutting down and abandoning module LuminPlatformEditor (522)
[2018.11.01-16.36.39:563][786]LogModuleManager: Shutting down and abandoning module IOSPlatformEditor (520)
[2018.11.01-16.36.39:563][786]LogModuleManager: Shutting down and abandoning module HTML5PlatformEditor (518)
[2018.11.01-16.36.39:563][786]LogModuleManager: Shutting down and abandoning module AndroidPlatformEditor (516)
[2018.11.01-16.36.39:564][786]LogModuleManager: Shutting down and abandoning module AndroidDeviceDetection (515)
[2018.11.01-16.36.39:985][786]LogModuleManager: Shutting down and abandoning module WindowsPlatformEditor (512)
[2018.11.01-16.36.39:985][786]LogModuleManager: Shutting down and abandoning module LuminRuntimeSettings (510)
[2018.11.01-16.36.39:985][786]LogModuleManager: Shutting down and abandoning module IOSRuntimeSettings (508)
[2018.11.01-16.36.39:985][786]LogModuleManager: Shutting down and abandoning module AndroidRuntimeSettings (506)
[2018.11.01-16.36.39:985][786]LogModuleManager: Shutting down and abandoning module InputBindingEditor (504)
[2018.11.01-16.36.39:985][786]LogModuleManager: Shutting down and abandoning module MergeActors (502)
[2018.11.01-16.36.39:985][786]LogModuleManager: Shutting down and abandoning module LocalizationDashboard (500)
[2018.11.01-16.36.39:985][786]LogModuleManager: Shutting down and abandoning module LocalizationService (499)
[2018.11.01-16.36.39:985][786]LogModuleManager: Shutting down and abandoning module HardwareTargeting (496)
[2018.11.01-16.36.39:985][786]LogModuleManager: Shutting down and abandoning module DeviceProfileEditor (494)
[2018.11.01-16.36.39:985][786]LogModuleManager: Shutting down and abandoning module UndoHistory (492)
[2018.11.01-16.36.39:985][786]LogModuleManager: Shutting down and abandoning module XmlParser (490)
[2018.11.01-16.36.39:985][786]LogModuleManager: Shutting down and abandoning module Blutility (488)
[2018.11.01-16.36.39:985][786]LogModuleManager: Shutting down and abandoning module ProjectSettingsViewer (486)
[2018.11.01-16.36.39:985][786]LogModuleManager: Shutting down and abandoning module ProjectTargetPlatformEditor (485)
[2018.11.01-16.36.39:985][786]LogModuleManager: Shutting down and abandoning module EditorSettingsViewer (482)
[2018.11.01-16.36.39:986][786]LogModuleManager: Shutting down and abandoning module SettingsEditor (480)
[2018.11.01-16.36.39:986][786]LogModuleManager: Shutting down and abandoning module ProjectLauncher (478)
[2018.11.01-16.36.39:986][786]LogModuleManager: Shutting down and abandoning module SessionFrontend (476)
[2018.11.01-16.36.39:986][786]LogModuleManager: Shutting down and abandoning module ProfilerClient (474)
[2018.11.01-16.36.39:986][786]LogModuleManager: Shutting down and abandoning module DeviceManager (472)
[2018.11.01-16.36.39:986][786]LogModuleManager: Shutting down and abandoning module TargetDeviceServices (471)
[2018.11.01-16.36.40:042][786]LogModuleManager: Shutting down and abandoning module AutomationController (468)
[2018.11.01-16.36.40:042][786]LogModuleManager: Shutting down and abandoning module AutomationWindow (466)
[2018.11.01-16.36.40:042][786]LogModuleManager: Shutting down and abandoning module Layers (464)
[2018.11.01-16.36.40:042][786]LogModuleManager: Shutting down and abandoning module ComponentVisualizers (462)
[2018.11.01-16.36.40:042][786]LogModuleManager: Shutting down and abandoning module DetailCustomizations (460)
[2018.11.01-16.36.40:042][786]LogModuleManager: Shutting down and abandoning module PackagesDialog (458)
[2018.11.01-16.36.40:042][786]LogModuleManager: Shutting down and abandoning module Persona (456)
[2018.11.01-16.36.40:042][786]LogModuleManager: Shutting down and abandoning module AdvancedPreviewScene (455)
[2018.11.01-16.36.40:042][786]LogModuleManager: Shutting down and abandoning module AnimGraph (453)
[2018.11.01-16.36.40:042][786]LogModuleManager: Shutting down and abandoning module Kismet (450)
[2018.11.01-16.36.40:051][786]LogModuleManager: Shutting down and abandoning module GraphEditor (448)
[2018.11.01-16.36.40:051][786]LogModuleManager: Shutting down and abandoning module ClassViewer (446)
[2018.11.01-16.36.40:051][786]LogModuleManager: Shutting down and abandoning module Toolbox (444)
[2018.11.01-16.36.40:051][786]LogModuleManager: Shutting down and abandoning module ModuleUI (442)
[2018.11.01-16.36.40:051][786]LogModuleManager: Shutting down and abandoning module MovieSceneTools (440)
[2018.11.01-16.36.40:051][786]LogModuleManager: Shutting down and abandoning module OutputLog (438)
[2018.11.01-16.36.40:051][786]LogModuleManager: Shutting down and abandoning module GammaUI (436)
[2018.11.01-16.36.40:051][786]LogModuleManager: Shutting down and abandoning module Documentation (434)
[2018.11.01-16.36.40:051][786]LogModuleManager: Shutting down and abandoning module MovieSceneTracks (432)
[2018.11.01-16.36.40:051][786]LogModuleManager: Shutting down and abandoning module MovieScene (430)
[2018.11.01-16.36.40:051][786]LogModuleManager: Shutting down and abandoning module StreamingPauseRendering (428)
[2018.11.01-16.36.40:051][786]LogModuleManager: Shutting down and abandoning module LauncherPlatform (426)
[2018.11.01-16.36.40:051][786]LogModuleManager: Shutting down and abandoning module AnalyticsET (424)
[2018.11.01-16.36.40:051][786]LogModuleManager: Shutting down and abandoning module PortalServices (422)
[2018.11.01-16.36.40:051][786]LogModuleManager: Shutting down and abandoning module PortalRpc (420)
[2018.11.01-16.36.40:051][786]LogModuleManager: Shutting down and abandoning module MessagingRpc (418)
[2018.11.01-16.36.40:051][786]LogModuleManager: Shutting down and abandoning module AIModule (416)
[2018.11.01-16.36.40:052][786]LogModuleManager: Shutting down and abandoning module GameplayDebugger (415)
[2018.11.01-16.36.40:052][786]LogModuleManager: Shutting down and abandoning module AITestSuite (413)
[2018.11.01-16.36.40:052][786]LogModuleManager: Shutting down and abandoning module NavigationSystem (411)
[2018.11.01-16.36.40:052][786]LogModuleManager: Shutting down and abandoning module DesktopPlatform (408)
[2018.11.01-16.36.40:052][786]LogModuleManager: Shutting down and abandoning module ProfilerService (406)
[2018.11.01-16.36.40:164][786]LogModuleManager: Shutting down and abandoning module TaskGraph (404)
[2018.11.01-16.36.40:165][786]LogModuleManager: Shutting down and abandoning module RuntimeMeshComponentEditor (402)
[2018.11.01-16.36.40:165][786]LogModuleManager: Shutting down and abandoning module RuntimeMeshComponent (400)
[2018.11.01-16.36.40:166][786]LogModuleManager: Shutting down and abandoning module SteamVRController (398)
[2018.11.01-16.36.40:166][786]LogModuleManager: Shutting down and abandoning module ProceduralMeshComponentEditor (396)
[2018.11.01-16.36.40:166][786]LogModuleManager: Shutting down and abandoning module ProceduralMeshComponent (394)
[2018.11.01-16.36.40:166][786]LogModuleManager: Shutting down and abandoning module OculusInput (392)
[2018.11.01-16.36.40:166][786]LogModuleManager: Shutting down and abandoning module MobilePatchingUtils (390)
[2018.11.01-16.36.40:166][786]LogModuleManager: Shutting down and abandoning module EditableMesh (388)
[2018.11.01-16.36.40:166][786]LogModuleManager: Shutting down and abandoning module CustomMeshComponent (386)
[2018.11.01-16.36.40:166][786]LogModuleManager: Shutting down and abandoning module CableComponent (384)
[2018.11.01-16.36.40:166][786]LogModuleManager: Shutting down and abandoning module AudioCapture (382)
[2018.11.01-16.36.40:166][786]LogModuleManager: Shutting down and abandoning module ArchVisCharacter (380)
[2018.11.01-16.36.40:166][786]LogModuleManager: Shutting down and abandoning module AndroidPermission (378)
[2018.11.01-16.36.40:166][786]LogModuleManager: Shutting down and abandoning module NUTUnrealEngine4 (376)
[2018.11.01-16.36.40:166][786]LogModuleManager: Shutting down and abandoning module NetcodeUnitTest (374)
[2018.11.01-16.36.40:166][786]LogModuleManager: Shutting down and abandoning module MediaCompositingEditor (372)
[2018.11.01-16.36.40:166][786]LogModuleManager: Shutting down and abandoning module MediaCompositing (370)
[2018.11.01-16.36.40:166][786]LogModuleManager: Shutting down and abandoning module LinearTimecode (368)
[2018.11.01-16.36.40:166][786]LogModuleManager: Shutting down and abandoning module ImgMedia (366)
[2018.11.01-16.36.40:171][786]LogModuleManager: Shutting down and abandoning module RawInput (364)
[2018.11.01-16.36.40:172][786]LogModuleManager: Shutting down and abandoning module HTML5Networking (362)
[2018.11.01-16.36.40:172][786]LogModuleManager: Shutting down and abandoning module GeometryCacheTracks (360)
[2018.11.01-16.36.40:172][786]LogModuleManager: Shutting down and abandoning module GeometryCacheSequencer (358)
[2018.11.01-16.36.40:172][786]LogModuleManager: Shutting down and abandoning module BackChannel (356)
[2018.11.01-16.36.40:172][786]LogModuleManager: Shutting down and abandoning module AppleVision (354)
[2018.11.01-16.36.40:172][786]LogModuleManager: Shutting down and abandoning module AppleImageUtils (352)
[2018.11.01-16.36.40:172][786]LogModuleManager: Shutting down and abandoning module AlembicImporter (350)
[2018.11.01-16.36.40:172][786]LogModuleManager: Shutting down and abandoning module AlembicLibrary (349)
[2018.11.01-16.36.40:172][786]LogModuleManager: Shutting down and abandoning module GeometryCache (348)
[2018.11.01-16.36.40:172][786]LogModuleManager: Shutting down and abandoning module GeometryCacheEd (347)
[2018.11.01-16.36.40:172][786]LogModuleManager: Shutting down and abandoning module DatasmithContentEditor (342)
[2018.11.01-16.36.40:172][786]LogModuleManager: Shutting down and abandoning module DatasmithContent (340)
[2018.11.01-16.36.40:172][786]LogModuleManager: Shutting down and abandoning module SpeedTreeImporter (338)
[2018.11.01-16.36.40:172][786]LogModuleManager: Shutting down and abandoning module PluginBrowser (336)
[2018.11.01-16.36.40:173][786]LogModuleManager: Shutting down and abandoning module MobileLauncherProfileWizard (334)
[2018.11.01-16.36.40:173][786]LogModuleManager: Shutting down and abandoning module PolygonModeling (332)
[2018.11.01-16.36.40:173][786]LogModuleManager: Shutting down and abandoning module MeshEditor (330)
[2018.11.01-16.36.40:173][786]LogModuleManager: Shutting down and abandoning module CryptoKeysOpenSSL (328)
[2018.11.01-16.36.40:173][786]LogModuleManager: Shutting down and abandoning module CryptoKeys (326)
[2018.11.01-16.36.40:173][786]LogModuleManager: Shutting down and abandoning module VisualStudioSourceCodeAccess (324)
[2018.11.01-16.36.40:173][786]LogModuleManager: Shutting down and abandoning module VisualStudioCodeSourceCodeAccess (322)
[2018.11.01-16.36.40:173][786]LogModuleManager: Shutting down and abandoning module UObjectPlugin (320)
[2018.11.01-16.36.40:173][786]LogModuleManager: Shutting down and abandoning module SubversionSourceControl (318)
[2018.11.01-16.36.40:173][786]LogModuleManager: Shutting down and abandoning module PerforceSourceControl (316)
[2018.11.01-16.36.40:173][786]LogModuleManager: Shutting down and abandoning module GitSourceControl (314)
[2018.11.01-16.36.40:173][786]LogModuleManager: Shutting down and abandoning module SourceControl (313)
[2018.11.01-16.36.40:173][786]LogModuleManager: Shutting down and abandoning module CLionSourceCodeAccess (310)
[2018.11.01-16.36.40:173][786]LogModuleManager: Shutting down and abandoning module LightPropagationVolumeEditor (308)
[2018.11.01-16.36.40:173][786]LogModuleManager: Shutting down and abandoning module PaperTiledImporter (306)
[2018.11.01-16.36.40:173][786]LogModuleManager: Shutting down and abandoning module PaperSpriteSheetImporter (304)
[2018.11.01-16.36.40:173][786]LogModuleManager: Shutting down and abandoning module Paper2DEditor (302)
[2018.11.01-16.36.40:173][786]LogModuleManager: Shutting down and abandoning module MeshPaint (301)
[2018.11.01-16.36.40:173][786]LogModuleManager: Shutting down and abandoning module RuntimePhysXCooking (298)
[2018.11.01-16.36.40:173][786]LogModuleManager: Shutting down and abandoning module PhysXVehiclesEditor (296)
[2018.11.01-16.36.40:173][786]LogModuleManager: Shutting down and abandoning module PhysXVehicles (294)
[2018.11.01-16.36.40:173][786]LogModuleManager: Shutting down and abandoning module OculusEditor (292)
[2018.11.01-16.36.40:173][786]LogModuleManager: Shutting down and abandoning module LocationServicesBPLibrary (290)
[2018.11.01-16.36.40:173][786]LogModuleManager: Shutting down and abandoning module ImmediatePhysicsEditor (288)
[2018.11.01-16.36.40:173][786]LogModuleManager: Shutting down and abandoning module ImmediatePhysics (286)
[2018.11.01-16.36.40:174][786]LogModuleManager: Shutting down and abandoning module ActorSequence (284)
[2018.11.01-16.36.40:174][786]LogModuleManager: Shutting down and abandoning module UdpMessaging (282)
[2018.11.01-16.36.40:275][786]LogModuleManager: Shutting down and abandoning module TcpMessaging (280)
[2018.11.01-16.36.40:376][786]LogModuleManager: Shutting down and abandoning module MagicLeapAudio (278)
[2018.11.01-16.36.40:377][786]LogModuleManager: Shutting down and abandoning module GameplayTagsEditor (276)
[2018.11.01-16.36.40:377][786]LogModuleManager: Shutting down and abandoning module FacialAnimationEditor (274)
[2018.11.01-16.36.40:377][786]LogModuleManager: Shutting down and abandoning module FacialAnimation (272)
[2018.11.01-16.36.40:377][786]LogModuleManager: Shutting down and abandoning module DataValidation (270)
[2018.11.01-16.36.40:378][786]LogModuleManager: Shutting down and abandoning module AssetManagerEditor (268)
[2018.11.01-16.36.40:378][786]LogModuleManager: Shutting down and abandoning module LevelEditor (267)
[2018.11.01-16.36.40:380][786]LogModuleManager: Shutting down and abandoning module PixelInspectorModule (266)
[2018.11.01-16.36.40:380][786]LogModuleManager: Shutting down and abandoning module CommonMenuExtensions (264)
[2018.11.01-16.36.40:380][786]LogModuleManager: Shutting down and abandoning module MainFrame (262)
[2018.11.01-16.36.40:381][786]LogModuleManager: Shutting down and abandoning module HotReload (261)
[2018.11.01-16.36.40:381][786]LogModuleManager: Shutting down and abandoning module ContentBrowser (257)
[2018.11.01-16.36.40:384][786]LogModuleManager: Shutting down and abandoning module TreeMap (255)
[2018.11.01-16.36.40:384][786]LogModuleManager: Shutting down and abandoning module LightPropagationVolumeRuntime (252)
[2018.11.01-16.36.40:384][786]LogModuleManager: Shutting down and abandoning module AISupportModule (250)
[2018.11.01-16.36.40:384][786]LogModuleManager: Shutting down and abandoning module Paper2D (248)
[2018.11.01-16.36.40:384][786]LogModuleManager: Shutting down and abandoning module WindowsMoviePlayer (246)
[2018.11.01-16.36.40:384][786]LogModuleManager: Shutting down and abandoning module WmfMedia (244)
[2018.11.01-16.36.40:388][786]LogModuleManager: Shutting down and abandoning module Media (243)
[2018.11.01-16.36.40:396][786]LogModuleManager: Shutting down and abandoning module PacketHandler (240)
[2018.11.01-16.36.40:396][786]LogModuleManager: Shutting down and abandoning module ClothingSystemEditor (238)
[2018.11.01-16.36.40:396][786]LogModuleManager: Shutting down and abandoning module ClothingSystemRuntime (236)
[2018.11.01-16.36.40:396][786]LogModuleManager: Shutting down and abandoning module MediaAssets (234)
[2018.11.01-16.36.40:396][786]LogModuleManager: Shutting down and abandoning module Overlay (232)
[2018.11.01-16.36.40:396][786]LogModuleManager: Shutting down and abandoning module OverlayEditor (231)
[2018.11.01-16.36.40:396][786]LogModuleManager: Shutting down and abandoning module VREditor (228)
[2018.11.01-16.36.40:396][786]LogModuleManager: Shutting down and abandoning module StringTableEditor (226)
[2018.11.01-16.36.40:396][786]LogModuleManager: Shutting down and abandoning module GameplayTasksEditor (224)
[2018.11.01-16.36.40:396][786]LogModuleManager: Shutting down and abandoning module BehaviorTreeEditor (222)
[2018.11.01-16.36.40:396][786]LogModuleManager: Shutting down and abandoning module FunctionalTesting (220)
[2018.11.01-16.36.40:396][786]LogModuleManager: Shutting down and abandoning module CollisionAnalyzer (218)
[2018.11.01-16.36.40:396][786]LogModuleManager: Shutting down and abandoning module WorkspaceMenuStructure (217)
[2018.11.01-16.36.40:396][786]LogModuleManager: Shutting down and abandoning module UMG (214)
[2018.11.01-16.36.40:396][786]LogModuleManager: Shutting down and abandoning module UMGEditor (213)
[2018.11.01-16.36.40:397][786]LogModuleManager: Shutting down and abandoning module Sequencer (212)
[2018.11.01-16.36.40:397][786]LogModuleManager: Shutting down and abandoning module MessageLog (209)
[2018.11.01-16.36.40:397][786]LogModuleManager: Shutting down and abandoning module SlateReflector (204)
[2018.11.01-16.36.40:397][786]LogModuleManager: Shutting down and abandoning module Slate (202)
[2018.11.01-16.36.40:397][786]LogModuleManager: Shutting down and abandoning module EditorStyle (200)
[2018.11.01-16.36.40:404][786]LogModuleManager: Shutting down and abandoning module MRMesh (198)
[2018.11.01-16.36.40:404][786]LogModuleManager: Shutting down and abandoning module SourceCodeAccess (196)
[2018.11.01-16.36.40:404][786]LogModuleManager: Shutting down and abandoning module HeadMountedDisplay (194)
[2018.11.01-16.36.40:404][786]LogModuleManager: Shutting down and abandoning module XAudio2 (192)
[2018.11.01-16.36.40:404][786]LogModuleManager: Shutting down and abandoning module Networking (190)
[2018.11.01-16.36.40:405][786]LogModuleManager: Shutting down and abandoning module Core (188)
[2018.11.01-16.36.40:405][786]LogModuleManager: Shutting down and abandoning module LevelSequence (186)
[2018.11.01-16.36.40:405][786]LogModuleManager: Shutting down and abandoning module KismetCompiler (184)
[2018.11.01-16.36.40:405][786]LogModuleManager: Shutting down and abandoning module MeshUtilities (182)
[2018.11.01-16.36.40:405][786]LogModuleManager: Shutting down and abandoning module MeshMergeUtilities (181)
[2018.11.01-16.36.40:405][786]LogModuleManager: Shutting down and abandoning module MeshReductionInterface (180)
[2018.11.01-16.36.40:405][786]LogModuleManager: Shutting down and abandoning module SimplygonSwarm (179)
[2018.11.01-16.36.40:405][786]LogModuleManager: Shutting down and abandoning module ProxyLODMeshReduction (177)
[2018.11.01-16.36.40:405][786]LogModuleManager: Shutting down and abandoning module SimplygonMeshReduction (175)
[2018.11.01-16.36.40:405][786]LogModuleManager: Shutting down and abandoning module QuadricMeshReduction (173)
[2018.11.01-16.36.40:405][786]LogModuleManager: Shutting down and abandoning module MaterialBaking (169)
[2018.11.01-16.36.40:405][786]LogModuleManager: Shutting down and abandoning module DirectoryWatcher (165)
[2018.11.01-16.36.40:405][786]LogModuleManager: Shutting down and abandoning module DerivedDataCache (162)
[2018.11.01-16.36.40:493][786]LogDerivedDataCache: Shutdown
[2018.11.01-16.36.40:493][786]LogModuleManager: Shutting down and abandoning module XGEController (160)
[2018.11.01-16.36.40:493][786]LogModuleManager: Shutting down and abandoning module TargetPlatform (158)
[2018.11.01-16.36.40:493][786]LogModuleManager: Shutting down and abandoning module VulkanShaderFormat (157)
[2018.11.01-16.36.40:493][786]LogModuleManager: Shutting down and abandoning module ShaderFormatVectorVM (155)
[2018.11.01-16.36.40:493][786]LogModuleManager: Shutting down and abandoning module ShaderFormatOpenGL (153)
[2018.11.01-16.36.40:493][786]LogModuleManager: Shutting down and abandoning module ShaderFormatD3D (151)
[2018.11.01-16.36.40:493][786]LogModuleManager: Shutting down and abandoning module MetalShaderFormat (149)
[2018.11.01-16.36.40:493][786]LogModuleManager: Shutting down and abandoning module TextureFormatUncompressed (147)
[2018.11.01-16.36.40:493][786]LogModuleManager: Shutting down and abandoning module TextureFormatPVR (145)
[2018.11.01-16.36.40:493][786]LogModuleManager: Shutting down and abandoning module TextureFormatDXT (143)
[2018.11.01-16.36.40:493][786]LogModuleManager: Shutting down and abandoning module TextureFormatIntelISPCTexComp (141)
[2018.11.01-16.36.40:493][786]LogModuleManager: Shutting down and abandoning module TextureFormatASTC (139)
[2018.11.01-16.36.40:493][786]LogModuleManager: Shutting down and abandoning module ImageWrapper (138)
[2018.11.01-16.36.40:493][786]LogModuleManager: Shutting down and abandoning module TextureFormatAndroid (135)
[2018.11.01-16.36.40:493][786]LogModuleManager: Shutting down and abandoning module AudioFormatOpus (133)
[2018.11.01-16.36.40:493][786]LogModuleManager: Shutting down and abandoning module AudioFormatOgg (131)
[2018.11.01-16.36.40:493][786]LogModuleManager: Shutting down and abandoning module AudioFormatADPCM (129)
[2018.11.01-16.36.40:493][786]LogModuleManager: Shutting down and abandoning module LuminTargetPlatform (127)
[2018.11.01-16.36.40:493][786]LogModuleManager: Shutting down and abandoning module LinuxTargetPlatform (125)
[2018.11.01-16.36.40:493][786]LogModuleManager: Shutting down and abandoning module LinuxServerTargetPlatform (123)
[2018.11.01-16.36.40:493][786]LogModuleManager: Shutting down and abandoning module LinuxNoEditorTargetPlatform (121)
[2018.11.01-16.36.40:493][786]LogModuleManager: Shutting down and abandoning module LinuxClientTargetPlatform (119)
[2018.11.01-16.36.40:493][786]LogModuleManager: Shutting down and abandoning module TVOSTargetPlatform (117)
[2018.11.01-16.36.40:495][786]LogModuleManager: Shutting down and abandoning module Messaging (115)
[2018.11.01-16.36.40:495][786]LogModuleManager: Shutting down and abandoning module IOSTargetPlatform (113)
[2018.11.01-16.36.40:496][786]LogModuleManager: Shutting down and abandoning module HTML5TargetPlatform (111)
[2018.11.01-16.36.40:496][786]LogModuleManager: Shutting down and abandoning module AndroidTargetPlatform (109)
[2018.11.01-16.36.40:507][786]LogModuleManager: Shutting down and abandoning module WindowsTargetPlatform (107)
[2018.11.01-16.36.40:507][786]LogModuleManager: Shutting down and abandoning module WindowsServerTargetPlatform (105)
[2018.11.01-16.36.40:507][786]LogModuleManager: Shutting down and abandoning module WindowsNoEditorTargetPlatform (103)
[2018.11.01-16.36.40:507][786]LogModuleManager: Shutting down and abandoning module WindowsClientTargetPlatform (101)
[2018.11.01-16.36.40:507][786]LogModuleManager: Shutting down and abandoning module MacTargetPlatform (99)
[2018.11.01-16.36.40:507][786]LogModuleManager: Shutting down and abandoning module MacServerTargetPlatform (97)
[2018.11.01-16.36.40:507][786]LogModuleManager: Shutting down and abandoning module MacNoEditorTargetPlatform (95)
[2018.11.01-16.36.40:507][786]LogModuleManager: Shutting down and abandoning module MacClientTargetPlatform (93)
[2018.11.01-16.36.40:508][786]LogModuleManager: Shutting down and abandoning module AllDesktopTargetPlatform (91)
[2018.11.01-16.36.40:508][786]LogModuleManager: Shutting down and abandoning module InputCore (88)
[2018.11.01-16.36.40:508][786]LogModuleManager: Shutting down and abandoning module Settings (86)
[2018.11.01-16.36.40:508][786]LogModuleManager: Shutting down and abandoning module PhysXCooking (84)
[2018.11.01-16.36.40:508][786]LogModuleManager: Shutting down and abandoning module SteamVR (82)
[2018.11.01-16.36.40:508][786]LogModuleManager: Shutting down and abandoning module OculusHMD (80)
[2018.11.01-16.36.40:508][786]LogModuleManager: Shutting down and abandoning module ExampleDeviceProfileSelector (78)
[2018.11.01-16.36.40:508][786]LogModuleManager: Shutting down and abandoning module LauncherChunkInstaller (76)
[2018.11.01-16.36.40:508][786]LogModuleManager: Shutting down and abandoning module OnlineBlueprintSupport (74)
[2018.11.01-16.36.40:508][786]LogModuleManager: Shutting down and abandoning module OnlineSubsystem (70)
[2018.11.01-16.36.40:509][786]LogModuleManager: Shutting down and abandoning module XMPP (65)
[2018.11.01-16.36.40:509][786]LogModuleManager: Shutting down and abandoning module WebSockets (64)
[2018.11.01-16.36.40:533][786]LogModuleManager: Shutting down and abandoning module HTTP (61)
[2018.11.01-16.36.40:533][786]LogHttp: Display: Http module shutting down, but needs to wait on 2 outstanding Http requests:
[2018.11.01-16.36.40:533][786]LogHttp: Display: 	verb=[POST] url=[https://datarouter.ol.epicgames.com/datarouter/api/v1/public/data?SessionID=%7BC62328DB-4525-AFE2-C720-F791809F6581%7D&AppID=UEEditor.Rocket.Release&AppVersion=4.20.3-4369336%2B%2B%2BUE4%2BRelease-4.20&UserID=15238a654308dac90c527daabc7a5a7d%7Ca11be4a29a3945f9bba89037371f6f81%7C02a762ea-af9f-4a12-9a05-6c7e282753dd&AppEnvironment=datacollector-binary&UploadType=eteventstream] status=Processing
[2018.11.01-16.36.40:533][786]LogHttp: Display: 	verb=[POST] url=[https://datarouter.ol.epicgames.com/datarouter/api/v1/public/data?SessionID=%7BC62328DB-4525-AFE2-C720-F791809F6581%7D&AppID=UEEditor.Rocket.Release&AppVersion=4.20.3-4369336%2B%2B%2BUE4%2BRelease-4.20&UserID=15238a654308dac90c527daabc7a5a7d%7Ca11be4a29a3945f9bba89037371f6f81%7C02a762ea-af9f-4a12-9a05-6c7e282753dd&AppEnvironment=datacollector-binary&UploadType=eteventstream] status=Processing
[2018.11.01-16.36.40:717][786]LogModuleManager: Shutting down and abandoning module SSL (60)
[2018.11.01-16.36.40:722][786]LogModuleManager: Shutting down and abandoning module MagicLeapEmulator (56)
[2018.11.01-16.36.40:722][786]LogModuleManager: Shutting down and abandoning module MagicLeapPrivileges (54)
[2018.11.01-16.36.40:723][786]LogModuleManager: Shutting down and abandoning module MagicLeapIdentity (52)
[2018.11.01-16.36.40:723][786]LogModuleManager: Shutting down and abandoning module MagicLeapHelperVulkan (50)
[2018.11.01-16.36.40:723][786]LogModuleManager: Shutting down and abandoning module MagicLeapHelperOpenGL (48)
[2018.11.01-16.36.40:723][786]LogModuleManager: Shutting down and abandoning module MagicLeapSecureStorage (46)
[2018.11.01-16.36.40:723][786]LogModuleManager: Shutting down and abandoning module MagicLeapGestures (44)
[2018.11.01-16.36.40:723][786]LogModuleManager: Shutting down and abandoning module MagicLeapEyeTracker (42)
[2018.11.01-16.36.40:723][786]LogModuleManager: Shutting down and abandoning module MagicLeapController (40)
[2018.11.01-16.36.40:723][786]LogSlate: Slate User Destroyed.  User Index 0, Is Virtual User: 0
[2018.11.01-16.36.40:723][786]LogModuleManager: Shutting down and abandoning module MagicLeap (38)
[2018.11.01-16.36.40:723][786]LogModuleManager: Shutting down and abandoning module AnimationModifiers (36)
[2018.11.01-16.36.40:724][786]LogModuleManager: Shutting down and abandoning module PropertyEditor (35)
[2018.11.01-16.36.40:724][786]LogModuleManager: Shutting down and abandoning module AudioEditor (32)
[2018.11.01-16.36.40:724][786]LogModuleManager: Shutting down and abandoning module TextureCompressor (30)
[2018.11.01-16.36.40:724][786]LogModuleManager: Shutting down and abandoning module ShaderCore (28)
[2018.11.01-16.36.40:724][786]LogModuleManager: Shutting down and abandoning module Landscape (26)
[2018.11.01-16.36.40:724][786]LogModuleManager: Shutting down and abandoning module SlateRHIRenderer (24)
[2018.11.01-16.36.40:726][786]LogModuleManager: Shutting down and abandoning module OpenGLDrv (22)
[2018.11.01-16.36.40:734][786]LogModuleManager: Shutting down and abandoning module D3D11RHI (20)
[2018.11.01-16.36.40:734][786]LogModuleManager: Shutting down and abandoning module AnimGraphRuntime (18)
[2018.11.01-16.36.40:734][786]LogModuleManager: Shutting down and abandoning module Renderer (16)
[2018.11.01-16.36.40:734][786]LogModuleManager: Shutting down and abandoning module Engine (14)
[2018.11.01-16.36.40:734][786]LogModuleManager: Shutting down and abandoning module CoreUObject (12)
[2018.11.01-16.36.40:735][786]LogModuleManager: Shutting down and abandoning module NetworkFile (10)
[2018.11.01-16.36.40:735][786]LogModuleManager: Shutting down and abandoning module CookedIterativeFile (8)
[2018.11.01-16.36.40:735][786]LogModuleManager: Shutting down and abandoning module StreamingFile (6)
[2018.11.01-16.36.40:735][786]LogModuleManager: Shutting down and abandoning module SandboxFile (4)
[2018.11.01-16.36.40:735][786]LogModuleManager: Shutting down and abandoning module PakFile (2)
[2018.11.01-16.36.40:750][786]LogExit: Exiting.
[2018.11.01-16.36.40:823][786]Log file closed, 11/01/18 17:36:40
