Log file open, 10/24/18 16:26:20
LogWindows: Failed to load 'aqProf.dll' (GetLastError=126)
LogWindows: File 'aqProf.dll' does not exist
LogWindows: Failed to load 'VSPerf140.dll' (GetLastError=126)
LogWindows: File 'VSPerf140.dll' does not exist
LogWindows: Failed to load 'VtuneApi.dll' (GetLastError=126)
LogWindows: File 'VtuneApi.dll' does not exist
LogWindows: Failed to load 'VtuneApi32e.dll' (GetLastError=126)
LogWindows: File 'VtuneApi32e.dll' does not exist
LogInit: Display: Running engine for game: GravRacer
LogPlatformFile: Not using cached read wrapper
LogTaskGraph: Started task graph with 5 named threads and 17 total threads with 3 sets of task threads.
LogStats: Stats thread started at 0.258479
LogD3D11RHI: Loaded GFSDK_Aftermath_Lib.x64.dll
LogICUInternationalization: Display: ICU TimeZone Detection - Raw Offset: +1:00, Platform Override: ''
LogPluginManager: Mounting plugin Paper2D
LogPluginManager: Mounting plugin AISupport
LogPluginManager: Mounting plugin LightPropagationVolume
LogPluginManager: Mounting plugin CLionSourceCodeAccess
LogPluginManager: Mounting plugin CodeLiteSourceCodeAccess
LogPluginManager: Mounting plugin GitSourceControl
LogPluginManager: Mounting plugin KDevelopSourceCodeAccess
LogPluginManager: Mounting plugin NullSourceCodeAccess
LogPluginManager: Mounting plugin PerforceSourceControl
LogPluginManager: Mounting plugin SubversionSourceControl
LogPluginManager: Mounting plugin UObjectPlugin
LogPluginManager: Mounting plugin VisualStudioCodeSourceCodeAccess
LogPluginManager: Mounting plugin VisualStudioSourceCodeAccess
LogPluginManager: Mounting plugin XCodeSourceCodeAccess
LogPluginManager: Mounting plugin AssetManagerEditor
LogPluginManager: Mounting plugin CryptoKeys
LogPluginManager: Mounting plugin DataValidation
LogPluginManager: Mounting plugin FacialAnimation
LogPluginManager: Mounting plugin GameplayTagsEditor
LogPluginManager: Mounting plugin MacGraphicsSwitching
LogPluginManager: Mounting plugin MeshEditor
LogPluginManager: Mounting plugin MobileLauncherProfileWizard
LogPluginManager: Mounting plugin PluginBrowser
LogPluginManager: Mounting plugin SpeedTreeImporter
LogPluginManager: Mounting plugin DatasmithContent
LogPluginManager: Mounting plugin AlembicImporter
LogPluginManager: Mounting plugin AppleImageUtils
LogPluginManager: Mounting plugin AppleVision
LogPluginManager: Mounting plugin BackChannel
LogPluginManager: Mounting plugin CharacterAI
LogPluginManager: Mounting plugin GeometryCache
LogPluginManager: Mounting plugin HTML5Networking
LogPluginManager: Mounting plugin ProxyLODPlugin
LogPluginManager: Mounting plugin RawInput
LogPluginManager: Mounting plugin MagicLeap
LogPluginManager: Mounting plugin MagicLeapEmulator
LogPluginManager: Mounting plugin MagicLeapMedia
LogPluginManager: Mounting plugin AndroidMedia
LogPluginManager: Mounting plugin AvfMedia
LogPluginManager: Mounting plugin ImgMedia
LogPluginManager: Mounting plugin LinearTimecode
LogPluginManager: Mounting plugin MediaCompositing
LogPluginManager: Mounting plugin MediaPlayerEditor
LogPluginManager: Mounting plugin WmfMedia
LogPluginManager: Mounting plugin TcpMessaging
LogPluginManager: Mounting plugin UdpMessaging
LogPluginManager: Mounting plugin ActorSequence
LogPluginManager: Mounting plugin LevelSequenceEditor
LogPluginManager: Mounting plugin MatineeToLevelSequence
LogPluginManager: Mounting plugin NetcodeUnitTest
LogPluginManager: Mounting plugin NUTUnrealEngine4
LogPluginManager: Mounting plugin OnlineSubsystemGooglePlay
LogPluginManager: Mounting plugin OnlineSubsystemIOS
LogPluginManager: Mounting plugin OnlineSubsystem
LogPluginManager: Mounting plugin OnlineSubsystemNull
LogPluginManager: Mounting plugin OnlineSubsystemUtils
LogPluginManager: Mounting plugin LauncherChunkInstaller
LogPluginManager: Mounting plugin AndroidDeviceProfileSelector
LogPluginManager: Mounting plugin AndroidMoviePlayer
LogPluginManager: Mounting plugin AndroidPermission
LogPluginManager: Mounting plugin AppleMoviePlayer
LogPluginManager: Mounting plugin ArchVisCharacter
LogPluginManager: Mounting plugin AudioCapture
LogPluginManager: Mounting plugin CableComponent
LogPluginManager: Mounting plugin CustomMeshComponent
LogPluginManager: Mounting plugin EditableMesh
LogPluginManager: Mounting plugin ExampleDeviceProfileSelector
LogPluginManager: Mounting plugin GoogleCloudMessaging
LogPluginManager: Mounting plugin ImmediatePhysics
LogPluginManager: Mounting plugin IOSDeviceProfileSelector
LogPluginManager: Mounting plugin LinuxDeviceProfileSelector
LogPluginManager: Mounting plugin LocationServicesBPLibrary
LogPluginManager: Mounting plugin MobilePatchingUtils
LogPluginManager: Mounting plugin OculusVR
LogPluginManager: Plugin shader directory ../../../Engine/Plugins/Runtime/Oculus/OculusVR/Shaders found
LogPluginManager: Mapping shader source directory ../../../Engine/Plugins/Runtime/Oculus/OculusVR/Shaders to virtual directory /Plugin/OculusVR
LogPluginManager: Mounting plugin PhysXVehicles
LogPluginManager: Mounting plugin ProceduralMeshComponent
LogPluginManager: Mounting plugin RuntimePhysXCooking
LogPluginManager: Mounting plugin SteamVR
LogPluginManager: Mounting plugin WindowsMoviePlayer
LogPluginManager: Mounting plugin RuntimeMeshComponent
LogStreaming: Display: Took  0.145s to configure plugins.
LogInit: Warning: Incompatible or missing module: RuntimeMeshComponent
LogInit: Warning: Incompatible or missing module: RuntimeMeshComponentEditor
Running C:/Program Files/Epic Games/UE_4.20/Engine/Binaries/DotNET/UnrealBuildTool.exe Development Win64 -Project="C:/Users/Chris/Documents/Unreal Projects/Perforce/GravRacer/GravRacer.uproject" -TargetType=Editor -Progress -NoHotReloadFromIDE
Using 'git status' to determine working set for adaptive non-unity build.
Creating makefile for UE4Editor (no existing makefile)
Performing full C++ include scan (no include cache file)
Using Visual Studio 2017 14.13.26128 toolchain (C:\Program Files (x86)\Microsoft Visual Studio\2017\Community\VC\Tools\MSVC\14.13.26128) and Windows 10.0.16299.0 SDK (C:\Program Files (x86)\Windows Kits\10).
C:\Users\Chris\Documents\Unreal Projects\Perforce\GravRacer\Plugins\RuntimeMeshComponent\Source\RuntimeMeshComponent\RuntimeMeshComponent.Build.cs: warning: Referenced directory 'C:\Program Files\Epic Games\UE_4.20\Engine\Source\RuntimeMeshComponent\Public' does not exist.
C:\Users\Chris\Documents\Unreal Projects\Perforce\GravRacer\Plugins\RuntimeMeshComponent\Source\RuntimeMeshComponentEditor\RuntimeMeshComponentEditor.Build.cs: warning: Referenced directory 'C:\Program Files\Epic Games\UE_4.20\Engine\Source\RuntimeMeshComponentEditor\Public' does not exist.
@progress push 5%
Parsing headers for UE4Editor
  Running UnrealHeaderTool "C:\Users\Chris\Documents\Unreal Projects\Perforce\GravRacer\GravRacer.uproject" "C:\Users\Chris\Documents\Unreal Projects\Perforce\GravRacer\Intermediate\Build\Win64\UE4Editor\Development\UE4Editor.uhtmanifest" -LogCmds="loginit warning, logexit warning, logdatabase error" -Unattended -WarningsAsErrors -installed
Reflection code generated for UE4Editor in 14,5809075 seconds
@progress pop
Building 13 actions with 6 processes...
  @progress 'Compiling C++ source code...' 0%
  @progress 'Compiling C++ source code...' 8%
  [1/13] PCLaunch.rc
  @progress 'Compiling C++ source code...' 15%
  [2/13] PCLaunch.rc
  @progress 'Compiling C++ source code...' 23%
  [3/13] SharedPCH.UnrealEd.cpp
  @progress 'Compiling C++ source code...' 31%
  [4/13] SharedPCH.Engine.cpp
  @progress 'Compiling C++ source code...' 38%
  [5/13] Module.RuntimeMeshComponent.gen.3_of_3.cpp
  @progress 'Compiling C++ source code...' 46%
  [6/13] Module.RuntimeMeshComponent.gen.2_of_3.cpp
  @progress 'Compiling C++ source code...' 54%
  [7/13] Module.RuntimeMeshComponent.gen.1_of_3.cpp
  @progress 'Compiling C++ source code...' 62%
  [8/13] Module.RuntimeMeshComponentEditor.cpp
  @progress 'Compiling C++ source code...' 69%
  [9/13] UE4Editor-RuntimeMeshComponentEditor.lib
     Bibliothek "C:\Users\Chris\Documents\Unreal Projects\Perforce\GravRacer\Plugins\RuntimeMeshComponent\Intermediate\Build\Win64\UE4Editor\Development\RuntimeMeshComponentEditor\UE4Editor-RuntimeMeshComponentEditor.lib" und Objekt "C:\Users\Chris\Documents\Unreal Projects\Perforce\GravRacer\Plugins\RuntimeMeshComponent\Intermediate\Build\Win64\UE4Editor\Development\RuntimeMeshComponentEditor\UE4Editor-RuntimeMeshComponentEditor.exp" werden erstellt.
  @progress 'Compiling C++ source code...' 77%
  [10/13] Module.RuntimeMeshComponent.cpp
  @progress 'Compiling C++ source code...' 85%
  [11/13] UE4Editor-RuntimeMeshComponent.lib
     Bibliothek "C:\Users\Chris\Documents\Unreal Projects\Perforce\GravRacer\Plugins\RuntimeMeshComponent\Intermediate\Build\Win64\UE4Editor\Development\RuntimeMeshComponent\UE4Editor-RuntimeMeshComponent.lib" und Objekt "C:\Users\Chris\Documents\Unreal Projects\Perforce\GravRacer\Plugins\RuntimeMeshComponent\Intermediate\Build\Win64\UE4Editor\Development\RuntimeMeshComponent\UE4Editor-RuntimeMeshComponent.exp" werden erstellt.
  @progress 'Compiling C++ source code...' 92%
  [12/13] UE4Editor-RuntimeMeshComponent.dll
     Bibliothek "C:\Users\Chris\Documents\Unreal Projects\Perforce\GravRacer\Plugins\RuntimeMeshComponent\Intermediate\Build\Win64\UE4Editor\Development\RuntimeMeshComponent\UE4Editor-RuntimeMeshComponent.suppressed.lib" und Objekt "C:\Users\Chris\Documents\Unreal Projects\Perforce\GravRacer\Plugins\RuntimeMeshComponent\Intermediate\Build\Win64\UE4Editor\Development\RuntimeMeshComponent\UE4Editor-RuntimeMeshComponent.suppressed.exp" werden erstellt.
  @progress 'Compiling C++ source code...' 100%
  [13/13] UE4Editor-RuntimeMeshComponentEditor.dll
     Bibliothek "C:\Users\Chris\Documents\Unreal Projects\Perforce\GravRacer\Plugins\RuntimeMeshComponent\Intermediate\Build\Win64\UE4Editor\Development\RuntimeMeshComponentEditor\UE4Editor-RuntimeMeshComponentEditor.suppressed.lib" und Objekt "C:\Users\Chris\Documents\Unreal Projects\Perforce\GravRacer\Plugins\RuntimeMeshComponent\Intermediate\Build\Win64\UE4Editor\Development\RuntimeMeshComponentEditor\UE4Editor-RuntimeMeshComponentEditor.suppressed.exp" werden erstellt.
Total build time: 131,57 seconds (Parallel executor: 74,16 seconds)
LogInit: Using libcurl 7.55.1-DEV
LogInit:  - built for x86_64-pc-win32
LogInit:  - supports SSL with OpenSSL/1.0.2h
LogInit:  - supports HTTP deflate (compression) using libz 1.2.8
LogInit:  - other features:
LogInit:      CURL_VERSION_SSL
LogInit:      CURL_VERSION_LIBZ
LogInit:      CURL_VERSION_IPV6
LogInit:      CURL_VERSION_ASYNCHDNS
LogInit:      CURL_VERSION_LARGEFILE
LogInit:      CURL_VERSION_IDN
LogInit:  CurlRequestOptions (configurable via config and command line):
LogInit:  - bVerifyPeer = false  - Libcurl will NOT verify peer certificate
LogInit:  - bUseHttpProxy = false  - Libcurl will NOT use HTTP proxy
LogInit:  - bDontReuseConnections = false  - Libcurl will reuse connections
LogInit:  - CertBundlePath = nullptr  - Libcurl will use whatever was configured at build time.
LogInit:  - MaxHostConnections = 16  - Libcurl will limit the number of connections to a host
LogInit:  - LocalHostAddr = Default
LogInit:  - BufferSize = 65536
LogInit: WinSock: version 1.1 (2.2), MaxSocks=32767, MaxUdp=65467
LogInit: Build: ++UE4+Release-4.20-CL-4369336
LogInit: Engine Version: 4.20.3-4369336+++UE4+Release-4.20
LogInit: Compatible Engine Version: 4.20.0-4212847+++UE4+Release-4.20
LogInit: Net CL: 4212847
LogInit: OS: Windows 10 (), CPU: AMD FX(tm)-6300 Six-Core Processor             , GPU: NVIDIA GeForce GTX 960
LogInit: Compiled (64-bit): Sep 17 2018 12:26:19
LogInit: Compiled with Visual C++: 19.13.26129.00
LogInit: Build Configuration: Development
LogInit: Branch Name: ++UE4+Release-4.20
LogInit: Command Line: 
LogInit: Base Directory: C:/Program Files/Epic Games/UE_4.20/Engine/Binaries/Win64/
LogInit: Installed Engine Build: 1
LogDevObjectVersion: Number of dev versions registered: 20
LogDevObjectVersion:   Dev-Blueprints (B0D832E4-1F89-4F0D-ACCF-7EB736FD4AA2): 10
LogDevObjectVersion:   Dev-Build (E1C64328-A22C-4D53-A36C-8E866417BD8C): 0
LogDevObjectVersion:   Dev-Core (375EC13C-06E4-48FB-B500-84F0262A717E): 2
LogDevObjectVersion:   Dev-Editor (E4B068ED-F494-42E9-A231-DA0B2E46BB41): 24
LogDevObjectVersion:   Dev-Framework (CFFC743F-43B0-4480-9391-14DF171D2073): 34
LogDevObjectVersion:   Dev-Mobile (B02B49B5-BB20-44E9-A304-32B752E40360): 2
LogDevObjectVersion:   Dev-Networking (A4E4105C-59A1-49B5-A7C5-40C4547EDFEE): 0
LogDevObjectVersion:   Dev-Online (39C831C9-5AE6-47DC-9A44-9C173E1C8E7C): 0
LogDevObjectVersion:   Dev-Physics (78F01B33-EBEA-4F98-B9B4-84EACCB95AA2): 0
LogDevObjectVersion:   Dev-Platform (6631380F-2D4D-43E0-8009-CF276956A95A): 0
LogDevObjectVersion:   Dev-Rendering (12F88B9F-8875-4AFC-A67C-D90C383ABD29): 26
LogDevObjectVersion:   Dev-Sequencer (7B5AE74C-D270-4C10-A958-57980B212A5A): 9
LogDevObjectVersion:   Dev-VR (D7296918-1DD6-4BDD-9DE2-64A83CC13884): 2
LogDevObjectVersion:   Dev-LoadTimes (C2A15278-BFE7-4AFE-6C17-90FF531DF755): 1
LogDevObjectVersion:   Private-Geometry (6EACA3D4-40EC-4CC1-B786-8BED09428FC5): 3
LogDevObjectVersion:   Dev-AnimPhys (29E575DD-E0A3-4627-9D10-D276232CDCEA): 17
LogDevObjectVersion:   Dev-ReflectionCapture (6B266CEC-1EC7-4B8F-A30B-E4D90942FC07): 1
LogDevObjectVersion:   Dev-Automation (0DF73D61-A23F-47EA-B727-89E90C41499A): 1
LogDevObjectVersion:   FortniteMain (601D1886-AC64-4F84-AA16-D3DE0DEAC7D6): 12
LogDevObjectVersion:   Dev-Enterprise (9DFFBCD6-494F-0158-E221-12823C92A888): 1
LogStreaming: Display: Took  0.001s to delete old logs.
LogInit: Presizing for max 8388607 objects, including 0 objects not considered by GC, pre-allocating 0 bytes for permanent pool.
LogInit: Object subsystem initialized
[2018.10.24-14.28.41:775][  0]LogInit: Selected Device Profile: [Windows]
[2018.10.24-14.28.41:775][  0]LogInit: Applying CVar settings loaded from the selected device profile: [Windows]
[2018.10.24-14.28.41:804][  0]LogHAL: Display: Platform has ~ 16 GB [17125400576 / 17179869184 / 16], which maps to Larger [LargestMinGB=32, LargerMinGB=12, DefaultMinGB=8, SmallerMinGB=6, SmallestMinGB=0)
[2018.10.24-14.28.41:804][  0]LogInit: Setting Device Profile CVar: [[r.Vulkan.UseRealUBs:1]]
[2018.10.24-14.28.41:804][  0]LogInit: Going up to parent DeviceProfile []
[2018.10.24-14.28.41:804][  0]LogInit: Computer: DESKTOP-3FK0QE0
[2018.10.24-14.28.41:804][  0]LogInit: User: Chris
[2018.10.24-14.28.41:804][  0]LogInit: CPU Page size=4096, Cores=3
[2018.10.24-14.28.41:804][  0]LogInit: High frequency timer resolution =3.674220 MHz
[2018.10.24-14.28.41:805][  0]LogMemory: Memory total: Physical=15.9GB (16GB approx)
[2018.10.24-14.28.41:805][  0]LogMemory: Platform Memory Stats for Windows
[2018.10.24-14.28.41:805][  0]LogMemory: Process Physical Memory: 103.10 MB used, 103.10 MB peak
[2018.10.24-14.28.41:805][  0]LogMemory: Process Virtual Memory: 91.16 MB used, 91.16 MB peak
[2018.10.24-14.28.41:805][  0]LogMemory: Physical Memory: 7350.03 MB used,  8982.03 MB free, 16332.05 MB total
[2018.10.24-14.28.41:805][  0]LogMemory: Virtual Memory: 4677.23 MB used,  8982.03 MB free, 134217728.00 MB total
[2018.10.24-14.28.41:828][  0]LogInit: Using OS detected language (de-DE).
[2018.10.24-14.28.41:829][  0]LogInit: Using OS detected locale (de-DE).
[2018.10.24-14.28.41:830][  0]LogTextLocalizationManager: No specific localization for 'de-DE' exists, so the 'de' localization will be used.
[2018.10.24-14.28.41:832][  0]LogStreaming: Display: Took  0.004s to InitEngineTextLocalization.
[2018.10.24-14.28.41:833][  0]LogInit: Setting process to per monitor DPI aware
[2018.10.24-14.28.41:904][  0]LogSlate: New Slate User Created.  User Index 0, Is Virtual User: 0
[2018.10.24-14.28.41:904][  0]LogSlate: Slate User Registered.  User Index 0, Is Virtual User: 0
[2018.10.24-14.28.42:200][  0]LogHMD: Failed to initialize OpenVR with code 110
[2018.10.24-14.28.42:200][  0]LogD3D11RHI: D3D11 adapters:
[2018.10.24-14.28.42:283][  0]LogD3D11RHI:    0. 'NVIDIA GeForce GTX 960' (Feature Level 11_0)
[2018.10.24-14.28.42:283][  0]LogD3D11RHI:       4053/0/8166 MB DedicatedVideo/DedicatedSystem/SharedSystem, Outputs:2, VendorId:0x10de
[2018.10.24-14.28.42:286][  0]LogD3D11RHI:    1. 'Microsoft Basic Render Driver' (Feature Level 11_0)
[2018.10.24-14.28.42:286][  0]LogD3D11RHI:       0/0/8166 MB DedicatedVideo/DedicatedSystem/SharedSystem, Outputs:0, VendorId:0x1414
[2018.10.24-14.28.42:286][  0]LogD3D11RHI: Chosen D3D11 Adapter: 0
[2018.10.24-14.28.42:296][  0]LogD3D11RHI: Creating new Direct3DDevice
[2018.10.24-14.28.42:296][  0]LogD3D11RHI:     GPU DeviceId: 0x1401 (for the marketing name, search the web for "GPU Device Id")
[2018.10.24-14.28.42:296][  0]LogWindows: EnumDisplayDevices:
[2018.10.24-14.28.42:297][  0]LogWindows:    0. 'NVIDIA GeForce GTX 960' (P:0 D:1)
[2018.10.24-14.28.42:297][  0]LogWindows:    1. 'NVIDIA GeForce GTX 960' (P:1 D:1)
[2018.10.24-14.28.42:297][  0]LogWindows:    2. 'NVIDIA GeForce GTX 960' (P:0 D:0)
[2018.10.24-14.28.42:297][  0]LogWindows:    3. 'NVIDIA GeForce GTX 960' (P:0 D:0)
[2018.10.24-14.28.42:298][  0]LogWindows: DebugString: FoundDriverCount:4 
[2018.10.24-14.28.42:298][  0]LogD3D11RHI:     Adapter Name: NVIDIA GeForce GTX 960
[2018.10.24-14.28.42:298][  0]LogD3D11RHI:   Driver Version: 416.34 (internal:25.21.14.1634, unified:416.34)
[2018.10.24-14.28.42:298][  0]LogD3D11RHI:      Driver Date: 10-10-2018
[2018.10.24-14.28.42:298][  0]LogRHI: Texture pool is 2837 MB (70% of 4053 MB)
[2018.10.24-14.28.42:361][  0]LogD3D11RHI: Async texture creation enabled
[2018.10.24-14.28.42:381][  0]LogD3D11RHI: GPU Timing Frequency: 1000.000000 (Debug: 2 2)
[2018.10.24-14.28.42:435][  0]LogShaderCompilers: Guid format shader working directory is -28 characters bigger than the processId version (../../../../../../Users/Chris/Documents/Unreal Projects/Perforce/GravRacer/Intermediate/Shaders/WorkingDirectory/8964/).
[2018.10.24-14.28.42:435][  0]LogShaderCompilers: Cleaned the shader compiler working directory 'C:/Users/Chris/AppData/Local/Temp/UnrealShaderWorkingDir/141701934690137EC2199BA78060661C/'.
[2018.10.24-14.28.42:825][  0]LogTemp: Display: Loaded TP AllDesktopTargetPlatform
[2018.10.24-14.28.42:848][  0]LogTemp: Display: Loaded TP MacClientTargetPlatform
[2018.10.24-14.28.42:874][  0]LogTemp: Display: Loaded TP MacNoEditorTargetPlatform
[2018.10.24-14.28.42:897][  0]LogTemp: Display: Loaded TP MacServerTargetPlatform
[2018.10.24-14.28.42:919][  0]LogTemp: Display: Loaded TP MacTargetPlatform
[2018.10.24-14.28.42:942][  0]LogTemp: Display: Loaded TP WindowsClientTargetPlatform
[2018.10.24-14.28.42:965][  0]LogTemp: Display: Loaded TP WindowsNoEditorTargetPlatform
[2018.10.24-14.28.42:987][  0]LogTemp: Display: Loaded TP WindowsServerTargetPlatform
[2018.10.24-14.28.42:997][  0]LogTemp: Display: Loaded TP WindowsTargetPlatform
[2018.10.24-14.28.43:134][  0]LogTemp: Display: Loaded TP AndroidTargetPlatform
[2018.10.24-14.28.43:134][  0]LogTemp: Display: Loaded TP AndroidTargetPlatform
[2018.10.24-14.28.43:134][  0]LogTemp: Display: Loaded TP AndroidTargetPlatform
[2018.10.24-14.28.43:134][  0]LogTemp: Display: Loaded TP AndroidTargetPlatform
[2018.10.24-14.28.43:134][  0]LogTemp: Display: Loaded TP AndroidTargetPlatform
[2018.10.24-14.28.43:134][  0]LogTemp: Display: Loaded TP AndroidTargetPlatform
[2018.10.24-14.28.43:134][  0]LogTemp: Display: Loaded TP AndroidTargetPlatform
[2018.10.24-14.28.43:134][  0]LogTemp: Display: Loaded TP AndroidTargetPlatform
[2018.10.24-14.28.43:134][  0]LogTemp: Display: Loaded TP AndroidTargetPlatform
[2018.10.24-14.28.43:134][  0]LogTemp: Display: Loaded TP AndroidTargetPlatform
[2018.10.24-14.28.43:134][  0]LogTemp: Display: Loaded TP AndroidTargetPlatform
[2018.10.24-14.28.43:134][  0]LogTemp: Display: Loaded TP AndroidTargetPlatform
[2018.10.24-14.28.43:134][  0]LogTemp: Display: Loaded TP AndroidTargetPlatform
[2018.10.24-14.28.43:134][  0]LogTemp: Display: Loaded TP AndroidTargetPlatform
[2018.10.24-14.28.43:134][  0]LogTemp: Display: Loaded TP AndroidTargetPlatform
[2018.10.24-14.28.43:134][  0]LogTemp: Display: Loaded TP AndroidTargetPlatform
[2018.10.24-14.28.43:134][  0]LogTemp: Display: Loaded TP AndroidTargetPlatform
[2018.10.24-14.28.43:134][  0]LogTemp: Display: Loaded TP AndroidTargetPlatform
[2018.10.24-14.28.43:136][  0]LogTemp: Display: Loaded TP HTML5TargetPlatform
[2018.10.24-14.28.43:213][  0]LogTemp: Display: Loaded TP IOSTargetPlatform
[2018.10.24-14.28.43:213][  0]LogTemp: Display: Loaded TP IOSTargetPlatform
[2018.10.24-14.28.43:254][  0]LogTemp: Display: Loaded TP TVOSTargetPlatform
[2018.10.24-14.28.43:254][  0]LogTemp: Display: Loaded TP TVOSTargetPlatform
[2018.10.24-14.28.43:275][  0]LogTemp: Display: Loaded TP LinuxClientTargetPlatform
[2018.10.24-14.28.43:295][  0]LogTemp: Display: Loaded TP LinuxNoEditorTargetPlatform
[2018.10.24-14.28.43:315][  0]LogTemp: Display: Loaded TP LinuxServerTargetPlatform
[2018.10.24-14.28.43:336][  0]LogTemp: Display: Loaded TP LinuxTargetPlatform
[2018.10.24-14.28.43:358][  0]LogTemp: Display: Loaded TP LuminTargetPlatform
[2018.10.24-14.28.43:358][  0]LogTargetPlatformManager: Display: Building Assets For Windows
[2018.10.24-14.28.43:446][  0]LogXGEController: Cannot use XGE Controller as Incredibuild is not installed on this machine.
[2018.10.24-14.28.43:446][  0]LogShaderCompilers: Cannot use XGE Shader Compiler as Incredibuild is not installed on this machine.
[2018.10.24-14.28.43:446][  0]LogShaderCompilers: Display: Using Local Shader Compiler.
[2018.10.24-14.28.44:654][  0]LogDerivedDataCache: Display: Max Cache Size: 512 MB
[2018.10.24-14.28.44:747][  0]LogDerivedDataCache: Loaded boot cache 0.09s 71MB C:/Users/Chris/AppData/Local/UnrealEngine/4.20/DerivedDataCache/Boot.ddc.
[2018.10.24-14.28.44:748][  0]LogDerivedDataCache: Display: Loaded Boot cache: C:/Users/Chris/AppData/Local/UnrealEngine/4.20/DerivedDataCache/Boot.ddc
[2018.10.24-14.28.44:748][  0]LogDerivedDataCache: FDerivedDataBackendGraph:  Pak pak cache file ../../../../../../Users/Chris/Documents/Unreal Projects/Perforce/GravRacer/DerivedDataCache/DDC.ddp not found, will not use a pak cache.
[2018.10.24-14.28.44:748][  0]LogDerivedDataCache: Unable to find inner node Pak for hierarchical cache Hierarchy.
[2018.10.24-14.28.44:748][  0]LogDerivedDataCache: FDerivedDataBackendGraph:  CompressedPak pak cache file ../../../../../../Users/Chris/Documents/Unreal Projects/Perforce/GravRacer/DerivedDataCache/Compressed.ddp not found, will not use a pak cache.
[2018.10.24-14.28.44:748][  0]LogDerivedDataCache: Unable to find inner node CompressedPak for hierarchical cache Hierarchy.
[2018.10.24-14.28.44:766][  0]LogDerivedDataCache: Display: Pak cache opened for reading ../../../Engine/DerivedDataCache/Compressed.ddp.
[2018.10.24-14.28.44:778][  0]LogDerivedDataCache: Using Local data cache path C:/Users/Chris/AppData/Local/UnrealEngine/Common/DerivedDataCache: Writable
[2018.10.24-14.28.44:778][  0]LogDerivedDataCache: Shared data cache path not found in *engine.ini, will not use an Shared cache.
[2018.10.24-14.28.44:778][  0]LogDerivedDataCache: Unable to find inner node Shared for hierarchical cache Hierarchy.
[2018.10.24-14.28.44:808][  0]LogMaterial: Verifying Global Shaders for PCD3D_SM5
[2018.10.24-14.28.44:810][  0]LogSlate: Using FreeType 2.6.0
[2018.10.24-14.28.44:810][  0]LogSlate: SlateFontServices - WITH_FREETYPE: 1, WITH_HARFBUZZ: 1
[2018.10.24-14.28.44:907][  0]LogAssetRegistry: FAssetRegistry took 0.0300 seconds to start up
[2018.10.24-14.28.45:461][  0]LogInit: Selected Device Profile: [Windows]
[2018.10.24-14.28.45:535][  0]LogSimplygon: Simplygon DLL not present - disabling.
[2018.10.24-14.28.45:540][  0]LogMeshReduction: Using SimplygonSwarm for distributed automatic mesh merging
[2018.10.24-14.28.45:540][  0]LogMeshReduction: Using ProxyLODMeshReduction for automatic mesh merging
[2018.10.24-14.28.45:540][  0]LogMeshReduction: Using QuadricMeshReduction for automatic static mesh reduction
[2018.10.24-14.28.45:540][  0]LogMeshReduction: No automatic skeletal mesh reduction module available
[2018.10.24-14.28.45:686][  0]LogNetVersion: GravRacer 1.0.0, NetCL: 4212847, EngineNetVer: 5, GameNetVer: 0 (Checksum: 321582303)
[2018.10.24-14.28.46:400][  0]LogPackageLocalizationCache: Processed 11 localized package path(s) for 2 prioritized culture(s) in 0.161927 seconds
[2018.10.24-14.28.46:409][  0]LogUObjectArray: 38425 objects as part of root set at end of initial load.
[2018.10.24-14.28.46:409][  0]LogUObjectAllocator: 6690872 out of 0 bytes used by permanent object pool.
[2018.10.24-14.28.46:409][  0]LogUObjectArray: CloseDisregardForGC: 0/0 objects in disregard for GC pool
[2018.10.24-14.28.47:538][  0]LogTcpMessaging: Initializing TcpMessaging bridge
[2018.10.24-14.28.47:553][  0]LogUdpMessaging: Initializing bridge on interface 0.0.0.0:0 to multicast group 230.0.0.1:6666.
[2018.10.24-14.28.47:739][  0]SourceControl: Source control is disabled
[2018.10.24-14.28.47:739][  0]SourceControl: Source control is disabled
[2018.10.24-14.28.47:741][  0]SourceControl: Source control is disabled
[2018.10.24-14.28.47:742][  0]SourceControl: Source control is disabled
[2018.10.24-14.28.47:948][  0]LogAndroidPermission: UAndroidPermissionCallbackProxy::GetInstance
[2018.10.24-14.28.48:010][  0]LogOcInput: OculusInput pre-init called
[2018.10.24-14.28.48:875][  0]LogEngine: Initializing Engine...
[2018.10.24-14.28.48:876][  0]LogHMD: Failed to initialize OpenVR with code 110
[2018.10.24-14.28.48:878][  0]LogStats: UGameplayTagsManager::ConstructGameplayTagTree: ImportINI prefixes -  0.000 s
[2018.10.24-14.28.48:878][  0]LogStats: UGameplayTagsManager::ConstructGameplayTagTree: Construct from data asset -  0.000 s
[2018.10.24-14.28.48:878][  0]LogStats: UGameplayTagsManager::ConstructGameplayTagTree: ImportINI -  0.000 s
[2018.10.24-14.28.48:878][  0]LogStats: UGameplayTagsManager::ConstructGameplayTagTree: GameplayTagTreeChangedEvent.Broadcast -  0.000 s
[2018.10.24-14.28.49:150][  0]LogInit: Initializing FReadOnlyCVARCache
[2018.10.24-14.28.49:167][  0]LogAIModule: Creating AISystem for world Untitled
[2018.10.24-14.28.49:182][  0]LogInit: XAudio2 using 'Lautsprecher (2- Plantronics GameCom 818)' : 2 channels at 48 kHz using 16 bits per sample (channel mask 0x3)
[2018.10.24-14.28.49:199][  0]LogInit: FAudioDevice initialized.
[2018.10.24-14.28.49:199][  0]LogNetVersion: Set ProjectVersion to 1.0.0.0. Version Checksum will be recalculated on next use.
[2018.10.24-14.28.49:342][  0]LogDerivedDataCache: Saved boot cache 0.14s 71MB C:/Users/Chris/AppData/Local/UnrealEngine/4.20/DerivedDataCache/Boot.ddc.
[2018.10.24-14.28.49:357][  0]LogInit: Texture streaming: Enabled
[2018.10.24-14.28.49:381][  0]LogEngineSessionManager: EngineSessionManager initialized
[2018.10.24-14.28.49:405][  0]LogInit: Transaction tracking system initialized
[2018.10.24-14.28.49:435][  0]BlueprintLog: New page: Editor Load
[2018.10.24-14.28.49:539][  0]LocalizationService: Localization service is disabled
[2018.10.24-14.28.50:002][  0]LogCook: Display: Max memory allowance for cook 16384mb min free memory 0mb
[2018.10.24-14.28.50:002][  0]LogCook: Display: Mobile HDR setting 1
[2018.10.24-14.28.50:002][  0]LogGameplayTags: Display: UGameplayTagsManager::DoneAddingNativeTags. DelegateIsBound: 0
[2018.10.24-14.28.50:002][  0]LogStats: UGameplayTagsManager::ConstructGameplayTagTree: ImportINI prefixes -  0.000 s
[2018.10.24-14.28.50:002][  0]LogStats: UGameplayTagsManager::ConstructGameplayTagTree: Construct from data asset -  0.000 s
[2018.10.24-14.28.50:003][  0]LogStats: UGameplayTagsManager::ConstructGameplayTagTree: ImportINI -  0.000 s
[2018.10.24-14.28.50:003][  0]LogStats: UGameplayTagsManager::ConstructGameplayTagTree: GameplayTagTreeChangedEvent.Broadcast -  0.000 s
[2018.10.24-14.28.50:167][  0]LogFileCache: Scanning file cache for directory 'C:/Users/Chris/Documents/Unreal Projects/Perforce/GravRacer/Content/' took 0.02s
[2018.10.24-14.28.50:167][  0]SourceControl: Source control is disabled
[2018.10.24-14.28.50:167][  0]Cmd: MAP LOAD FILE="../../../../../../Users/Chris/Documents/Unreal Projects/Perforce/GravRacer/Content/VehicleAdvBP/Maps/VehicleAdvExampleMap.umap" TEMPLATE=0 SHOWPROGRESS=1 FEATURELEVEL=3
[2018.10.24-14.28.50:168][  0]LightingResults: New page: Lighting Build
[2018.10.24-14.28.50:171][  0]MapCheck: New page: Map Check
[2018.10.24-14.28.50:171][  0]LightingResults: New page: Lighting Build
[2018.10.24-14.28.51:113][  0]LogAIModule: Creating AISystem for world VehicleAdvExampleMap
[2018.10.24-14.28.51:157][  0]LogEditorServer: Finished looking for orphan Actors (0.000 secs)
[2018.10.24-14.28.51:254][  0]Cmd: MAP CHECKDEP NOCLEARLOG
[2018.10.24-14.28.51:368][  0]MapCheck: Map check complete: 0 Error(s), 0 Warning(s), took 113,717ms to complete.
[2018.10.24-14.28.51:368][  0]LogFileHelpers: Loading map 'VehicleAdvExampleMap' took 1.201
[2018.10.24-14.28.51:554][  0]LogSlate: Updating window title bar state: overlay mode, drag disabled, window buttons hidden, title bar hidden
[2018.10.24-14.28.51:564][  0]LogSlate: Updating window title bar state: overlay mode, drag disabled, window buttons hidden, title bar hidden
[2018.10.24-14.28.51:576][  0]LogSlate: Updating window title bar state: overlay mode, drag disabled, window buttons hidden, title bar hidden
[2018.10.24-14.28.51:587][  0]LogSlate: Updating window title bar state: overlay mode, drag disabled, window buttons hidden, title bar hidden
[2018.10.24-14.28.51:596][  0]LogCollectionManager: Loaded 0 collections in 0.002193 seconds
[2018.10.24-14.28.51:656][  0]LogFileCache: Scanning file cache for directory 'C:/Users/Chris/Documents/Unreal Projects/Perforce/GravRacer/Saved/Collections/' took 0.01s
[2018.10.24-14.28.51:657][  0]LogFileCache: Scanning file cache for directory 'C:/Users/Chris/Documents/Unreal Projects/Perforce/GravRacer/Content/Developers/Chris/Collections/' took 0.01s
[2018.10.24-14.28.51:657][  0]LogFileCache: Scanning file cache for directory 'C:/Users/Chris/Documents/Unreal Projects/Perforce/GravRacer/Content/Collections/' took 0.01s
[2018.10.24-14.28.51:657][  0]LogCollectionManager: Rebuilt the GUID cache for 0 collections in 0.000001 seconds
[2018.10.24-14.28.51:675][  0]LogContentBrowser: Native class hierarchy populated in 0.0179 seconds. Added 2583 classes and 609 folders.
[2018.10.24-14.28.51:683][  0]LogContentBrowser: Native class hierarchy updated for 'WidgetCarousel' in 0.0003 seconds. Added 0 classes and 0 folders.
[2018.10.24-14.28.51:743][  0]LogContentBrowser: Native class hierarchy updated for 'AddContentDialog' in 0.0003 seconds. Added 0 classes and 0 folders.
[2018.10.24-14.28.51:749][  0]LogContentBrowser: Native class hierarchy updated for 'SceneOutliner' in 0.0003 seconds. Added 1 classes and 2 folders.
[2018.10.24-14.28.51:769][  0]LogSlate: Took 0.000281 seconds to synchronously load lazily loaded font '../../../Engine/Content/Slate/Fonts/Roboto-Regular.ttf' (155K)
[2018.10.24-14.28.51:773][  0]LogSlate: Took 0.000333 seconds to synchronously load lazily loaded font '../../../Engine/Content/Slate/Fonts/Roboto-Bold.ttf' (160K)
[2018.10.24-14.28.51:781][  0]LogSlate: Took 0.000358 seconds to synchronously load lazily loaded font '../../../Engine/Content/Editor/Slate/Fonts/FontAwesome.ttf' (139K)
[2018.10.24-14.28.51:898][  0]LogRenderer: Reallocating scene render targets to support 1208x576 Format 10 NumSamples 1 (Frame:1).
[2018.10.24-14.28.52:074][  0]LogContentBrowser: Native class hierarchy updated for 'HierarchicalLODOutliner' in 0.0003 seconds. Added 0 classes and 0 folders.
[2018.10.24-14.28.52:074][  0]LogLoad: (Engine Initialization) Total time: 153.45 seconds
[2018.10.24-14.28.52:074][  0]LogLoad: (Engine Initialization) Total Blueprint compile time: 0.00 seconds
[2018.10.24-14.28.52:084][  0]LogWindowsTextInputMethodSystem: Display: IME system now deactivated.
[2018.10.24-14.28.52:085][  0]LogRawInputWindows: Warning: Found device 0 devices
[2018.10.24-14.28.52:085][  0]LogRawInputWindows: Warning: Found device 0 devices
[2018.10.24-14.28.52:086][  0]LogRawInputWindows: Warning: Device was registered succesfully but not connected (Usage:4 UsagePage:1)
[2018.10.24-14.28.52:086][  0]LogRawInputWindows: Warning: Found device 1 devices
[2018.10.24-14.28.52:086][  0]LogRawInputWindows: VenderID:45e ProductID:28e
[2018.10.24-14.28.52:086][  0]LogRawInputWindows: Device was registered succesfully and is connected (Usage:5 UsagePage:1)
[2018.10.24-14.28.52:108][  0]LogContentStreaming: Texture pool size now 1000 MB
[2018.10.24-14.28.52:130][  0]LogSlate: Took 0.000286 seconds to synchronously load lazily loaded font '../../../Engine/Content/Slate/Fonts/Roboto-Light.ttf' (167K)
[2018.10.24-14.28.52:200][  2]LogAssetRegistry: Asset discovery search completed in 7.3168 seconds
[2018.10.24-14.28.52:204][  2]LogCollectionManager: Rebuilt the object cache for 0 collections in 0.000000 seconds (found 0 objects)
[2018.10.24-14.28.52:204][  2]LogCollectionManager: Fixed up redirectors for 0 collections in 0.000087 seconds (updated 0 objects)
[2018.10.24-14.29.09:469][ 55]LogSlate: FSceneViewport::OnFocusLost() reason 2
[2018.10.24-14.29.10:451][170]LogSlate: FSceneViewport::OnFocusLost() reason 2
[2018.10.24-14.29.33:337][682]SourceControl: Source control is disabled
[2018.10.24-14.29.33:338][682]LogSlate: Window 'Source Control Login' being destroyed
[2018.10.24-14.29.33:876][746]LogSlate: FSceneViewport::OnFocusLost() reason 0
[2018.10.24-14.30.00:369][883]LogSlate: FSceneViewport::OnFocusLost() reason 0
[2018.10.24-14.30.03:686][257]LogSlate: Took 0.000302 seconds to synchronously load lazily loaded font '../../../Engine/Content/Slate/Fonts/Roboto-Light.ttf' (167K)
[2018.10.24-14.30.03:695][257]LogAssetEditorManager: Opening Asset editor for Blueprint /Game/VehicleAdvBP/Blueprints/VehicleBlueprint.VehicleBlueprint
[2018.10.24-14.30.04:527][257]LogContentBrowser: Native class hierarchy updated for 'BlueprintGraph' in 0.0011 seconds. Added 116 classes and 0 folders.
[2018.10.24-14.30.05:878][257]LogSlate: Took 0.006333 seconds to synchronously load lazily loaded font '../../../Engine/Content/Slate/Fonts/Roboto-BoldCondensed.ttf' (158K)
[2018.10.24-14.30.07:410][347]LogSlate: Took 0.007165 seconds to synchronously load lazily loaded font '../../../Engine/Content/Slate/Fonts/Roboto-Italic.ttf' (157K)
[2018.10.24-14.30.09:984][505]LogSlate: Window 'VehicleBlueprint' being destroyed
[2018.10.24-14.30.09:988][505]LogSlate: Window 'VehicleBlueprint' being destroyed
[2018.10.24-14.30.12:390][774]LogSlate: FSceneViewport::OnFocusLost() reason 0
[2018.10.24-14.30.36:585][501]LogSlate: FSceneViewport::OnFocusLost() reason 0
[2018.10.24-14.31.04:335][664]LogSlate: Window 'Color Picker' being destroyed
[2018.10.24-14.32.51:058][258]LogSlate: FSceneViewport::OnFocusLost() reason 2
[2018.10.24-14.32.52:692][451]LogSlate: FSceneViewport::OnFocusLost() reason 2
[2018.10.24-14.32.52:695][451]LogAssetEditorManager: Opening Asset editor for Blueprint /Game/VehicleAdvBP/Blueprints/VehicleBlueprint.VehicleBlueprint
[2018.10.24-14.37.42:663][955]LogSlate: Window 'VehicleBlueprint' being destroyed
[2018.10.24-14.37.42:668][955]LogSlate: Window 'VehicleBlueprint' being destroyed
[2018.10.24-14.37.44:206][110]LogSlate: FSceneViewport::OnFocusLost() reason 0
[2018.10.24-14.37.44:678][165]LogTemp: Repeating last play command: Selected Viewport
[2018.10.24-14.37.44:723][165]LogPlayLevel: PlayLevel: No blueprints needed recompiling
[2018.10.24-14.37.44:742][165]PIE: New page: PIE session: VehicleAdvExampleMap (24.10.2018 18:37:44)
[2018.10.24-14.37.44:742][165]LogPlayLevel: Creating play world package: /Game/VehicleAdvBP/Maps/UEDPIE_0_VehicleAdvExampleMap
[2018.10.24-14.37.44:784][165]LogPlayLevel: PIE: StaticDuplicateObject took: (0.041064s)
[2018.10.24-14.37.44:784][165]LogAIModule: Creating AISystem for world VehicleAdvExampleMap
[2018.10.24-14.37.44:785][165]LogPlayLevel: PIE: World Init took: (0.001111s)
[2018.10.24-14.37.44:785][165]LogPlayLevel: PIE: Created PIE world by copying editor world from /Game/VehicleAdvBP/Maps/VehicleAdvExampleMap.VehicleAdvExampleMap to /Game/VehicleAdvBP/Maps/UEDPIE_0_VehicleAdvExampleMap.VehicleAdvExampleMap (0.042462s)
[2018.10.24-14.37.44:917][165]LogInit: XAudio2 using 'Lautsprecher (2- Plantronics GameCom 818)' : 2 channels at 48 kHz using 16 bits per sample (channel mask 0x3)
[2018.10.24-14.37.44:929][165]LogInit: FAudioDevice initialized.
[2018.10.24-14.37.44:987][165]LogLoad: Game class is 'VehicleAdvGameMode_C'
[2018.10.24-14.37.45:007][165]LogWorld: Bringing World /Game/VehicleAdvBP/Maps/UEDPIE_0_VehicleAdvExampleMap.VehicleAdvExampleMap up for play (max tick rate 0) at 2018.10.24-16.37.45
[2018.10.24-14.37.45:009][165]LogWorld: Bringing up level for play took: 0.013096
[2018.10.24-14.37.45:040][165]LogContentBrowser: Native class hierarchy updated for 'MovieSceneCapture' in 0.0004 seconds. Added 10 classes and 0 folders.
[2018.10.24-14.37.45:044][165]PIE: Play in editor start time for /Game/VehicleAdvBP/Maps/UEDPIE_0_VehicleAdvExampleMap -0,023
[2018.10.24-14.37.53:383][156]LogSlate: Updating window title bar state: overlay mode, drag disabled, window buttons hidden, title bar hidden
[2018.10.24-14.37.53:419][156]LogPlayLevel: Display: Shutting down PIE online subsystems
[2018.10.24-14.37.53:506][156]LogSlate: Updating window title bar state: overlay mode, drag disabled, window buttons hidden, title bar hidden
[2018.10.24-14.37.53:530][157]LogPlayLevel: Display: Destroying online subsystem :Context_4
[2018.10.24-14.37.54:793][308]LogSlate: FSceneViewport::OnFocusLost() reason 0
[2018.10.24-14.37.54:859][316]LogTemp: Repeating last play command: Selected Viewport
[2018.10.24-14.37.54:881][316]LogPlayLevel: PlayLevel: No blueprints needed recompiling
[2018.10.24-14.37.54:881][316]PIE: New page: PIE session: VehicleAdvExampleMap (24.10.2018 18:37:54)
[2018.10.24-14.37.54:881][316]LogPlayLevel: Creating play world package: /Game/VehicleAdvBP/Maps/UEDPIE_0_VehicleAdvExampleMap
[2018.10.24-14.37.54:909][316]LogPlayLevel: PIE: StaticDuplicateObject took: (0.028023s)
[2018.10.24-14.37.54:910][316]LogAIModule: Creating AISystem for world VehicleAdvExampleMap
[2018.10.24-14.37.54:910][316]LogPlayLevel: PIE: World Init took: (0.000997s)
[2018.10.24-14.37.54:911][316]LogPlayLevel: PIE: Created PIE world by copying editor world from /Game/VehicleAdvBP/Maps/VehicleAdvExampleMap.VehicleAdvExampleMap to /Game/VehicleAdvBP/Maps/UEDPIE_0_VehicleAdvExampleMap.VehicleAdvExampleMap (0.029292s)
[2018.10.24-14.37.54:980][316]LogInit: XAudio2 using 'Lautsprecher (2- Plantronics GameCom 818)' : 2 channels at 48 kHz using 16 bits per sample (channel mask 0x3)
[2018.10.24-14.37.54:991][316]LogInit: FAudioDevice initialized.
[2018.10.24-14.37.55:024][316]LogLoad: Game class is 'VehicleAdvGameMode_C'
[2018.10.24-14.37.55:034][316]LogWorld: Bringing World /Game/VehicleAdvBP/Maps/UEDPIE_0_VehicleAdvExampleMap.VehicleAdvExampleMap up for play (max tick rate 0) at 2018.10.24-16.37.55
[2018.10.24-14.37.55:034][316]LogWorld: Bringing up level for play took: 0.008078
[2018.10.24-14.37.55:048][316]PIE: Play in editor start time for /Game/VehicleAdvBP/Maps/UEDPIE_0_VehicleAdvExampleMap -0,019
[2018.10.24-14.38.04:036][389]LogSlate: Updating window title bar state: overlay mode, drag disabled, window buttons hidden, title bar hidden
[2018.10.24-14.38.04:078][389]LogPlayLevel: Display: Shutting down PIE online subsystems
[2018.10.24-14.38.04:156][389]LogSlate: Updating window title bar state: overlay mode, drag disabled, window buttons hidden, title bar hidden
[2018.10.24-14.38.04:181][390]LogPlayLevel: Display: Destroying online subsystem :Context_5
[2018.10.24-14.38.11:661][286]LogSlate: FSceneViewport::OnFocusLost() reason 0
[2018.10.24-14.38.12:621][398]LogAssetEditorManager: Opening Asset editor for Blueprint /Game/VehicleAdvBP/Blueprints/VehicleBlueprint.VehicleBlueprint
[2018.10.24-14.39.02:136][797]LogSlate: Window 'VehicleBlueprint' being destroyed
[2018.10.24-14.39.02:141][797]LogSlate: Window 'VehicleBlueprint' being destroyed
[2018.10.24-14.39.07:048][354]LogSlate: FSceneViewport::OnFocusLost() reason 0
[2018.10.24-14.39.07:132][364]LogTemp: Repeating last play command: Selected Viewport
[2018.10.24-14.39.07:153][364]LogPlayLevel: PlayLevel: No blueprints needed recompiling
[2018.10.24-14.39.07:153][364]PIE: New page: PIE session: VehicleAdvExampleMap (24.10.2018 18:39:07)
[2018.10.24-14.39.07:153][364]LogPlayLevel: Creating play world package: /Game/VehicleAdvBP/Maps/UEDPIE_0_VehicleAdvExampleMap
[2018.10.24-14.39.07:181][364]LogPlayLevel: PIE: StaticDuplicateObject took: (0.027796s)
[2018.10.24-14.39.07:182][364]LogAIModule: Creating AISystem for world VehicleAdvExampleMap
[2018.10.24-14.39.07:182][364]LogPlayLevel: PIE: World Init took: (0.000993s)
[2018.10.24-14.39.07:183][364]LogPlayLevel: PIE: Created PIE world by copying editor world from /Game/VehicleAdvBP/Maps/VehicleAdvExampleMap.VehicleAdvExampleMap to /Game/VehicleAdvBP/Maps/UEDPIE_0_VehicleAdvExampleMap.VehicleAdvExampleMap (0.029006s)
[2018.10.24-14.39.07:252][364]LogInit: XAudio2 using 'Lautsprecher (2- Plantronics GameCom 818)' : 2 channels at 48 kHz using 16 bits per sample (channel mask 0x3)
[2018.10.24-14.39.07:263][364]LogInit: FAudioDevice initialized.
[2018.10.24-14.39.07:292][364]LogLoad: Game class is 'VehicleAdvGameMode_C'
[2018.10.24-14.39.07:303][364]LogWorld: Bringing World /Game/VehicleAdvBP/Maps/UEDPIE_0_VehicleAdvExampleMap.VehicleAdvExampleMap up for play (max tick rate 0) at 2018.10.24-16.39.07
[2018.10.24-14.39.07:304][364]LogWorld: Bringing up level for play took: 0.008451
[2018.10.24-14.39.07:317][364]PIE: Play in editor start time for /Game/VehicleAdvBP/Maps/UEDPIE_0_VehicleAdvExampleMap 0,251
[2018.10.24-14.39.10:765][769]LogSlate: Updating window title bar state: overlay mode, drag disabled, window buttons hidden, title bar hidden
[2018.10.24-14.39.10:803][769]LogPlayLevel: Display: Shutting down PIE online subsystems
[2018.10.24-14.39.10:891][769]LogSlate: Updating window title bar state: overlay mode, drag disabled, window buttons hidden, title bar hidden
[2018.10.24-14.39.10:915][770]LogPlayLevel: Display: Destroying online subsystem :Context_8
[2018.10.24-14.39.16:758][468]LogSlate: FSceneViewport::OnFocusLost() reason 0
[2018.10.24-14.39.23:901][478]LogSlate: Window 'Save Content' being destroyed
[2018.10.24-14.39.27:238][877]LogSlate: FSceneViewport::OnFocusLost() reason 0
[2018.10.24-14.39.27:370][890]LogAssetEditorManager: Opening Asset editor for Blueprint /Game/VehicleAdvBP/Blueprints/VehicleBlueprint.VehicleBlueprint
[2018.10.24-14.40.30:444][359]LogTemp: Repeating last play command: Selected Viewport
[2018.10.24-14.40.30:468][359]LogPlayLevel: PlayLevel: No blueprints needed recompiling
[2018.10.24-14.40.30:468][359]PIE: New page: PIE session: VehicleAdvExampleMap (24.10.2018 18:40:30)
[2018.10.24-14.40.30:469][359]LogPlayLevel: Creating play world package: /Game/VehicleAdvBP/Maps/UEDPIE_0_VehicleAdvExampleMap
[2018.10.24-14.40.30:498][359]LogPlayLevel: PIE: StaticDuplicateObject took: (0.028828s)
[2018.10.24-14.40.30:498][359]LogAIModule: Creating AISystem for world VehicleAdvExampleMap
[2018.10.24-14.40.30:499][359]LogPlayLevel: PIE: World Init took: (0.001096s)
[2018.10.24-14.40.30:499][359]LogPlayLevel: PIE: Created PIE world by copying editor world from /Game/VehicleAdvBP/Maps/VehicleAdvExampleMap.VehicleAdvExampleMap to /Game/VehicleAdvBP/Maps/UEDPIE_0_VehicleAdvExampleMap.VehicleAdvExampleMap (0.030140s)
[2018.10.24-14.40.30:590][359]LogInit: XAudio2 using 'Lautsprecher (2- Plantronics GameCom 818)' : 2 channels at 48 kHz using 16 bits per sample (channel mask 0x3)
[2018.10.24-14.40.30:601][359]LogInit: FAudioDevice initialized.
[2018.10.24-14.40.30:632][359]LogLoad: Game class is 'VehicleAdvGameMode_C'
[2018.10.24-14.40.30:643][359]LogWorld: Bringing World /Game/VehicleAdvBP/Maps/UEDPIE_0_VehicleAdvExampleMap.VehicleAdvExampleMap up for play (max tick rate 0) at 2018.10.24-16.40.30
[2018.10.24-14.40.30:644][359]LogWorld: Bringing up level for play took: 0.008373
[2018.10.24-14.40.30:657][359]PIE: Play in editor start time for /Game/VehicleAdvBP/Maps/UEDPIE_0_VehicleAdvExampleMap -0,41
[2018.10.24-14.41.01:233][737]LogSlate: Updating window title bar state: overlay mode, drag disabled, window buttons hidden, title bar hidden
[2018.10.24-14.41.01:284][737]LogPlayLevel: Display: Shutting down PIE online subsystems
[2018.10.24-14.41.01:376][737]LogSlate: Updating window title bar state: overlay mode, drag disabled, window buttons hidden, title bar hidden
[2018.10.24-14.41.01:551][738]LogPlayLevel: Display: Destroying online subsystem :Context_10
[2018.10.24-14.41.02:739][834]LogSlate: FSceneViewport::OnFocusLost() reason 0
[2018.10.24-14.41.05:020][843]LogSlate: Window 'Save Content' being destroyed
[2018.10.24-14.41.05:131][843]LogSlate: Window 'VehicleBlueprint' being destroyed
[2018.10.24-14.41.05:219][843]LogSlate: Window 'GravRacer - Unreal Editor' being destroyed
[2018.10.24-14.41.05:434][844]Cmd: QUIT_EDITOR
[2018.10.24-14.41.06:004][844]LogWindowsTextInputMethodSystem: Display: IME system now deactivated.
[2018.10.24-14.41.06:024][844]LogExit: Preparing to exit.
[2018.10.24-14.41.06:280][844]LogExit: Editor shut down
[2018.10.24-14.41.06:280][844]LogExit: Transaction tracking system shut down
[2018.10.24-14.41.06:776][844]LogExit: Object subsystem successfully closed.
[2018.10.24-14.41.06:801][844]LogShaderCompilers: Display: Shaders left to compile 0
[2018.10.24-14.41.06:806][844]LogD3D11RHI: Shutdown
[2018.10.24-14.41.06:806][844]LogD3D11RHI: CleanupD3DDevice
[2018.10.24-14.41.06:809][844]LogD3D11RHI: ~FD3D11DynamicRHI
[2018.10.24-14.41.06:841][844]LogModuleManager: Shutting down and abandoning module MovieSceneCapture (622)
[2018.10.24-14.41.06:841][844]LogModuleManager: Shutting down and abandoning module Voice (620)
[2018.10.24-14.41.06:842][844]LogModuleManager: Shutting down and abandoning module BlueprintGraph (618)
[2018.10.24-14.41.06:842][844]LogModuleManager: Shutting down and abandoning module HierarchicalLODOutliner (616)
[2018.10.24-14.41.06:842][844]LogModuleManager: Shutting down and abandoning module SceneOutliner (614)
[2018.10.24-14.41.06:842][844]LogModuleManager: Shutting down and abandoning module AddContentDialog (612)
[2018.10.24-14.41.06:842][844]LogModuleManager: Shutting down and abandoning module WidgetCarousel (611)
[2018.10.24-14.41.06:842][844]LogModuleManager: Shutting down and abandoning module EditorWidgets (608)
[2018.10.24-14.41.06:842][844]LogModuleManager: Shutting down and abandoning module CollectionManager (606)
[2018.10.24-14.41.06:843][844]LogModuleManager: Shutting down and abandoning module StatsViewer (604)
[2018.10.24-14.41.06:843][844]LogModuleManager: Shutting down and abandoning module FoliageEdit (602)
[2018.10.24-14.41.06:843][844]LogModuleManager: Shutting down and abandoning module LandscapeEditor (600)
[2018.10.24-14.41.06:843][844]LogModuleManager: Shutting down and abandoning module MeshPaintMode (598)
[2018.10.24-14.41.06:843][844]LogModuleManager: Shutting down and abandoning module SceneDepthPickerMode (596)
[2018.10.24-14.41.06:843][844]LogModuleManager: Shutting down and abandoning module ActorPickerMode (594)
[2018.10.24-14.41.06:843][844]LogModuleManager: Shutting down and abandoning module GeometryMode (592)
[2018.10.24-14.41.06:843][844]LogModuleManager: Shutting down and abandoning module TextureAlignMode (590)
[2018.10.24-14.41.06:843][844]LogModuleManager: Shutting down and abandoning module BspMode (588)
[2018.10.24-14.41.06:843][844]LogModuleManager: Shutting down and abandoning module PIEPreviewDeviceProfileSelector (586)
[2018.10.24-14.41.06:843][844]LogModuleManager: Shutting down and abandoning module SequenceRecorderSections (584)
[2018.10.24-14.41.06:843][844]LogModuleManager: Shutting down and abandoning module AutomationWorker (582)
[2018.10.24-14.41.06:843][844]LogModuleManager: Shutting down and abandoning module AudioCaptureEditor (580)
[2018.10.24-14.41.06:843][844]LogModuleManager: Shutting down and abandoning module SequenceRecorder (579)
[2018.10.24-14.41.06:843][844]LogModuleManager: Shutting down and abandoning module MatineeToLevelSequence (576)
[2018.10.24-14.41.06:843][844]LogModuleManager: Shutting down and abandoning module LevelSequenceEditor (574)
[2018.10.24-14.41.06:843][844]LogModuleManager: Shutting down and abandoning module PlacementMode (573)
[2018.10.24-14.41.06:843][844]LogModuleManager: Shutting down and abandoning module MaterialEditor (572)
[2018.10.24-14.41.06:843][844]LogModuleManager: Shutting down and abandoning module WmfMediaFactory (568)
[2018.10.24-14.41.06:843][844]LogModuleManager: Shutting down and abandoning module WmfMediaEditor (566)
[2018.10.24-14.41.06:843][844]LogModuleManager: Shutting down and abandoning module MediaPlayerEditor (564)
[2018.10.24-14.41.06:844][844]LogModuleManager: Shutting down and abandoning module OpenExrWrapper (562)
[2018.10.24-14.41.06:844][844]LogModuleManager: Shutting down and abandoning module ImgMediaFactory (560)
[2018.10.24-14.41.06:844][844]LogModuleManager: Shutting down and abandoning module ImgMediaEditor (558)
[2018.10.24-14.41.06:844][844]LogModuleManager: Shutting down and abandoning module AvfMediaFactory (556)
[2018.10.24-14.41.06:844][844]LogModuleManager: Shutting down and abandoning module AvfMediaEditor (554)
[2018.10.24-14.41.06:844][844]LogModuleManager: Shutting down and abandoning module AndroidMediaFactory (552)
[2018.10.24-14.41.06:844][844]LogModuleManager: Shutting down and abandoning module AndroidMediaEditor (550)
[2018.10.24-14.41.06:844][844]LogModuleManager: Shutting down and abandoning module MagicLeapCameraPreviewFactory (548)
[2018.10.24-14.41.06:844][844]LogModuleManager: Shutting down and abandoning module MagicLeapMediaFactory (546)
[2018.10.24-14.41.06:844][844]LogModuleManager: Shutting down and abandoning module MagicLeapMediaEditor (544)
[2018.10.24-14.41.06:844][844]LogModuleManager: Shutting down and abandoning module CharacterAI (542)
[2018.10.24-14.41.06:844][844]LogModuleManager: Shutting down and abandoning module SmartSnapping (540)
[2018.10.24-14.41.06:844][844]LogModuleManager: Shutting down and abandoning module SessionServices (538)
[2018.10.24-14.41.06:844][844]LogModuleManager: Shutting down and abandoning module ViewportSnapping (536)
[2018.10.24-14.41.06:844][844]LogModuleManager: Shutting down and abandoning module ViewportInteraction (534)
[2018.10.24-14.41.06:844][844]LogModuleManager: Shutting down and abandoning module ClothPainter (532)
[2018.10.24-14.41.06:844][844]LogModuleManager: Shutting down and abandoning module SkeletalMeshEditor (531)
[2018.10.24-14.41.06:844][844]LogModuleManager: Shutting down and abandoning module LogVisualizer (528)
[2018.10.24-14.41.06:844][844]LogModuleManager: Shutting down and abandoning module IntroTutorials (526)
[2018.10.24-14.41.06:844][844]LogModuleManager: Shutting down and abandoning module GameProjectGeneration (525)
[2018.10.24-14.41.06:845][844]LogModuleManager: Shutting down and abandoning module LuminPlatformEditor (522)
[2018.10.24-14.41.06:845][844]LogModuleManager: Shutting down and abandoning module IOSPlatformEditor (520)
[2018.10.24-14.41.06:845][844]LogModuleManager: Shutting down and abandoning module HTML5PlatformEditor (518)
[2018.10.24-14.41.06:845][844]LogModuleManager: Shutting down and abandoning module AndroidPlatformEditor (516)
[2018.10.24-14.41.06:845][844]LogModuleManager: Shutting down and abandoning module AndroidDeviceDetection (515)
[2018.10.24-14.41.07:266][844]LogModuleManager: Shutting down and abandoning module WindowsPlatformEditor (512)
[2018.10.24-14.41.07:266][844]LogModuleManager: Shutting down and abandoning module LuminRuntimeSettings (510)
[2018.10.24-14.41.07:266][844]LogModuleManager: Shutting down and abandoning module IOSRuntimeSettings (508)
[2018.10.24-14.41.07:266][844]LogModuleManager: Shutting down and abandoning module AndroidRuntimeSettings (506)
[2018.10.24-14.41.07:266][844]LogModuleManager: Shutting down and abandoning module InputBindingEditor (504)
[2018.10.24-14.41.07:266][844]LogModuleManager: Shutting down and abandoning module MergeActors (502)
[2018.10.24-14.41.07:266][844]LogModuleManager: Shutting down and abandoning module LocalizationDashboard (500)
[2018.10.24-14.41.07:267][844]LogModuleManager: Shutting down and abandoning module LocalizationService (499)
[2018.10.24-14.41.07:267][844]LogModuleManager: Shutting down and abandoning module HardwareTargeting (496)
[2018.10.24-14.41.07:267][844]LogModuleManager: Shutting down and abandoning module DeviceProfileEditor (494)
[2018.10.24-14.41.07:267][844]LogModuleManager: Shutting down and abandoning module UndoHistory (492)
[2018.10.24-14.41.07:267][844]LogModuleManager: Shutting down and abandoning module XmlParser (490)
[2018.10.24-14.41.07:267][844]LogModuleManager: Shutting down and abandoning module Blutility (488)
[2018.10.24-14.41.07:267][844]LogModuleManager: Shutting down and abandoning module ProjectSettingsViewer (486)
[2018.10.24-14.41.07:267][844]LogModuleManager: Shutting down and abandoning module ProjectTargetPlatformEditor (485)
[2018.10.24-14.41.07:267][844]LogModuleManager: Shutting down and abandoning module EditorSettingsViewer (482)
[2018.10.24-14.41.07:267][844]LogModuleManager: Shutting down and abandoning module SettingsEditor (480)
[2018.10.24-14.41.07:267][844]LogModuleManager: Shutting down and abandoning module ProjectLauncher (478)
[2018.10.24-14.41.07:267][844]LogModuleManager: Shutting down and abandoning module SessionFrontend (476)
[2018.10.24-14.41.07:267][844]LogModuleManager: Shutting down and abandoning module ProfilerClient (474)
[2018.10.24-14.41.07:267][844]LogModuleManager: Shutting down and abandoning module DeviceManager (472)
[2018.10.24-14.41.07:267][844]LogModuleManager: Shutting down and abandoning module TargetDeviceServices (471)
[2018.10.24-14.41.07:322][844]LogModuleManager: Shutting down and abandoning module AutomationController (468)
[2018.10.24-14.41.07:322][844]LogModuleManager: Shutting down and abandoning module AutomationWindow (466)
[2018.10.24-14.41.07:322][844]LogModuleManager: Shutting down and abandoning module Layers (464)
[2018.10.24-14.41.07:322][844]LogModuleManager: Shutting down and abandoning module ComponentVisualizers (462)
[2018.10.24-14.41.07:322][844]LogModuleManager: Shutting down and abandoning module DetailCustomizations (460)
[2018.10.24-14.41.07:322][844]LogModuleManager: Shutting down and abandoning module PackagesDialog (458)
[2018.10.24-14.41.07:322][844]LogModuleManager: Shutting down and abandoning module Persona (456)
[2018.10.24-14.41.07:322][844]LogModuleManager: Shutting down and abandoning module AdvancedPreviewScene (455)
[2018.10.24-14.41.07:322][844]LogModuleManager: Shutting down and abandoning module AnimGraph (453)
[2018.10.24-14.41.07:322][844]LogModuleManager: Shutting down and abandoning module Kismet (450)
[2018.10.24-14.41.07:330][844]LogModuleManager: Shutting down and abandoning module GraphEditor (448)
[2018.10.24-14.41.07:330][844]LogModuleManager: Shutting down and abandoning module ClassViewer (446)
[2018.10.24-14.41.07:330][844]LogModuleManager: Shutting down and abandoning module Toolbox (444)
[2018.10.24-14.41.07:330][844]LogModuleManager: Shutting down and abandoning module ModuleUI (442)
[2018.10.24-14.41.07:330][844]LogModuleManager: Shutting down and abandoning module MovieSceneTools (440)
[2018.10.24-14.41.07:331][844]LogModuleManager: Shutting down and abandoning module OutputLog (438)
[2018.10.24-14.41.07:331][844]LogModuleManager: Shutting down and abandoning module GammaUI (436)
[2018.10.24-14.41.07:331][844]LogModuleManager: Shutting down and abandoning module Documentation (434)
[2018.10.24-14.41.07:331][844]LogModuleManager: Shutting down and abandoning module MovieSceneTracks (432)
[2018.10.24-14.41.07:331][844]LogModuleManager: Shutting down and abandoning module MovieScene (430)
[2018.10.24-14.41.07:331][844]LogModuleManager: Shutting down and abandoning module StreamingPauseRendering (428)
[2018.10.24-14.41.07:331][844]LogModuleManager: Shutting down and abandoning module LauncherPlatform (426)
[2018.10.24-14.41.07:331][844]LogModuleManager: Shutting down and abandoning module AnalyticsET (424)
[2018.10.24-14.41.07:331][844]LogModuleManager: Shutting down and abandoning module PortalServices (422)
[2018.10.24-14.41.07:331][844]LogModuleManager: Shutting down and abandoning module PortalRpc (420)
[2018.10.24-14.41.07:331][844]LogModuleManager: Shutting down and abandoning module MessagingRpc (418)
[2018.10.24-14.41.07:331][844]LogModuleManager: Shutting down and abandoning module AIModule (416)
[2018.10.24-14.41.07:331][844]LogModuleManager: Shutting down and abandoning module GameplayDebugger (415)
[2018.10.24-14.41.07:331][844]LogModuleManager: Shutting down and abandoning module AITestSuite (413)
[2018.10.24-14.41.07:331][844]LogModuleManager: Shutting down and abandoning module NavigationSystem (411)
[2018.10.24-14.41.07:331][844]LogModuleManager: Shutting down and abandoning module ProfilerService (408)
[2018.10.24-14.41.07:425][844]LogModuleManager: Shutting down and abandoning module TaskGraph (406)
[2018.10.24-14.41.07:426][844]LogModuleManager: Shutting down and abandoning module RuntimeMeshComponentEditor (404)
[2018.10.24-14.41.07:426][844]LogModuleManager: Shutting down and abandoning module RuntimeMeshComponent (402)
[2018.10.24-14.41.07:426][844]LogModuleManager: Shutting down and abandoning module SteamVRController (400)
[2018.10.24-14.41.07:426][844]LogModuleManager: Shutting down and abandoning module ProceduralMeshComponentEditor (398)
[2018.10.24-14.41.07:426][844]LogModuleManager: Shutting down and abandoning module ProceduralMeshComponent (396)
[2018.10.24-14.41.07:426][844]LogModuleManager: Shutting down and abandoning module OculusInput (394)
[2018.10.24-14.41.07:426][844]LogModuleManager: Shutting down and abandoning module MobilePatchingUtils (392)
[2018.10.24-14.41.07:426][844]LogModuleManager: Shutting down and abandoning module EditableMesh (390)
[2018.10.24-14.41.07:426][844]LogModuleManager: Shutting down and abandoning module CustomMeshComponent (388)
[2018.10.24-14.41.07:426][844]LogModuleManager: Shutting down and abandoning module CableComponent (386)
[2018.10.24-14.41.07:426][844]LogModuleManager: Shutting down and abandoning module AudioCapture (384)
[2018.10.24-14.41.07:426][844]LogModuleManager: Shutting down and abandoning module ArchVisCharacter (382)
[2018.10.24-14.41.07:426][844]LogModuleManager: Shutting down and abandoning module AndroidPermission (380)
[2018.10.24-14.41.07:426][844]LogModuleManager: Shutting down and abandoning module NUTUnrealEngine4 (378)
[2018.10.24-14.41.07:426][844]LogModuleManager: Shutting down and abandoning module NetcodeUnitTest (376)
[2018.10.24-14.41.07:426][844]LogModuleManager: Shutting down and abandoning module MediaCompositingEditor (374)
[2018.10.24-14.41.07:426][844]LogModuleManager: Shutting down and abandoning module MediaCompositing (372)
[2018.10.24-14.41.07:426][844]LogModuleManager: Shutting down and abandoning module LinearTimecode (370)
[2018.10.24-14.41.07:426][844]LogModuleManager: Shutting down and abandoning module ImgMedia (368)
[2018.10.24-14.41.07:431][844]LogModuleManager: Shutting down and abandoning module RawInput (366)
[2018.10.24-14.41.07:431][844]LogModuleManager: Shutting down and abandoning module HTML5Networking (364)
[2018.10.24-14.41.07:431][844]LogModuleManager: Shutting down and abandoning module GeometryCacheTracks (362)
[2018.10.24-14.41.07:431][844]LogModuleManager: Shutting down and abandoning module GeometryCacheSequencer (360)
[2018.10.24-14.41.07:431][844]LogModuleManager: Shutting down and abandoning module BackChannel (358)
[2018.10.24-14.41.07:431][844]LogModuleManager: Shutting down and abandoning module AppleVision (356)
[2018.10.24-14.41.07:431][844]LogModuleManager: Shutting down and abandoning module AppleImageUtils (354)
[2018.10.24-14.41.07:431][844]LogModuleManager: Shutting down and abandoning module AlembicImporter (352)
[2018.10.24-14.41.07:431][844]LogModuleManager: Shutting down and abandoning module AlembicLibrary (351)
[2018.10.24-14.41.07:431][844]LogModuleManager: Shutting down and abandoning module GeometryCache (350)
[2018.10.24-14.41.07:431][844]LogModuleManager: Shutting down and abandoning module GeometryCacheEd (349)
[2018.10.24-14.41.07:431][844]LogModuleManager: Shutting down and abandoning module DatasmithContentEditor (344)
[2018.10.24-14.41.07:431][844]LogModuleManager: Shutting down and abandoning module DatasmithContent (342)
[2018.10.24-14.41.07:432][844]LogModuleManager: Shutting down and abandoning module SpeedTreeImporter (340)
[2018.10.24-14.41.07:432][844]LogModuleManager: Shutting down and abandoning module PluginBrowser (338)
[2018.10.24-14.41.07:432][844]LogModuleManager: Shutting down and abandoning module MobileLauncherProfileWizard (336)
[2018.10.24-14.41.07:432][844]LogModuleManager: Shutting down and abandoning module PolygonModeling (334)
[2018.10.24-14.41.07:432][844]LogModuleManager: Shutting down and abandoning module MeshEditor (332)
[2018.10.24-14.41.07:432][844]LogModuleManager: Shutting down and abandoning module CryptoKeysOpenSSL (330)
[2018.10.24-14.41.07:432][844]LogModuleManager: Shutting down and abandoning module CryptoKeys (328)
[2018.10.24-14.41.07:432][844]LogModuleManager: Shutting down and abandoning module VisualStudioSourceCodeAccess (326)
[2018.10.24-14.41.07:432][844]LogModuleManager: Shutting down and abandoning module VisualStudioCodeSourceCodeAccess (324)
[2018.10.24-14.41.07:432][844]LogModuleManager: Shutting down and abandoning module UObjectPlugin (322)
[2018.10.24-14.41.07:432][844]LogModuleManager: Shutting down and abandoning module SubversionSourceControl (320)
[2018.10.24-14.41.07:432][844]LogModuleManager: Shutting down and abandoning module PerforceSourceControl (318)
[2018.10.24-14.41.07:432][844]LogModuleManager: Shutting down and abandoning module GitSourceControl (316)
[2018.10.24-14.41.07:432][844]LogModuleManager: Shutting down and abandoning module SourceControl (315)
[2018.10.24-14.41.07:432][844]LogModuleManager: Shutting down and abandoning module CLionSourceCodeAccess (312)
[2018.10.24-14.41.07:432][844]LogModuleManager: Shutting down and abandoning module LightPropagationVolumeEditor (310)
[2018.10.24-14.41.07:433][844]LogModuleManager: Shutting down and abandoning module PaperTiledImporter (308)
[2018.10.24-14.41.07:433][844]LogModuleManager: Shutting down and abandoning module PaperSpriteSheetImporter (306)
[2018.10.24-14.41.07:433][844]LogModuleManager: Shutting down and abandoning module Paper2DEditor (304)
[2018.10.24-14.41.07:433][844]LogModuleManager: Shutting down and abandoning module MeshPaint (303)
[2018.10.24-14.41.07:433][844]LogModuleManager: Shutting down and abandoning module RuntimePhysXCooking (300)
[2018.10.24-14.41.07:433][844]LogModuleManager: Shutting down and abandoning module PhysXVehiclesEditor (298)
[2018.10.24-14.41.07:433][844]LogModuleManager: Shutting down and abandoning module PhysXVehicles (296)
[2018.10.24-14.41.07:433][844]LogModuleManager: Shutting down and abandoning module OculusEditor (294)
[2018.10.24-14.41.07:433][844]LogModuleManager: Shutting down and abandoning module LocationServicesBPLibrary (292)
[2018.10.24-14.41.07:433][844]LogModuleManager: Shutting down and abandoning module ImmediatePhysicsEditor (290)
[2018.10.24-14.41.07:433][844]LogModuleManager: Shutting down and abandoning module ImmediatePhysics (288)
[2018.10.24-14.41.07:433][844]LogModuleManager: Shutting down and abandoning module ActorSequence (286)
[2018.10.24-14.41.07:433][844]LogModuleManager: Shutting down and abandoning module UdpMessaging (284)
[2018.10.24-14.41.07:534][844]LogModuleManager: Shutting down and abandoning module TcpMessaging (282)
[2018.10.24-14.41.07:635][844]LogModuleManager: Shutting down and abandoning module MagicLeapAudio (280)
[2018.10.24-14.41.07:635][844]LogModuleManager: Shutting down and abandoning module GameplayTagsEditor (278)
[2018.10.24-14.41.07:635][844]LogModuleManager: Shutting down and abandoning module FacialAnimationEditor (276)
[2018.10.24-14.41.07:635][844]LogModuleManager: Shutting down and abandoning module FacialAnimation (274)
[2018.10.24-14.41.07:635][844]LogModuleManager: Shutting down and abandoning module DataValidation (272)
[2018.10.24-14.41.07:635][844]LogModuleManager: Shutting down and abandoning module AssetManagerEditor (270)
[2018.10.24-14.41.07:635][844]LogModuleManager: Shutting down and abandoning module LevelEditor (269)
[2018.10.24-14.41.07:636][844]LogModuleManager: Shutting down and abandoning module PixelInspectorModule (268)
[2018.10.24-14.41.07:636][844]LogModuleManager: Shutting down and abandoning module CommonMenuExtensions (266)
[2018.10.24-14.41.07:636][844]LogModuleManager: Shutting down and abandoning module MainFrame (264)
[2018.10.24-14.41.07:637][844]LogModuleManager: Shutting down and abandoning module HotReload (263)
[2018.10.24-14.41.07:637][844]LogModuleManager: Shutting down and abandoning module ContentBrowser (259)
[2018.10.24-14.41.07:639][844]LogModuleManager: Shutting down and abandoning module TreeMap (257)
[2018.10.24-14.41.07:639][844]LogModuleManager: Shutting down and abandoning module LightPropagationVolumeRuntime (254)
[2018.10.24-14.41.07:639][844]LogModuleManager: Shutting down and abandoning module AISupportModule (252)
[2018.10.24-14.41.07:639][844]LogModuleManager: Shutting down and abandoning module Paper2D (250)
[2018.10.24-14.41.07:639][844]LogModuleManager: Shutting down and abandoning module WindowsMoviePlayer (248)
[2018.10.24-14.41.07:639][844]LogModuleManager: Shutting down and abandoning module WmfMedia (246)
[2018.10.24-14.41.07:641][844]LogModuleManager: Shutting down and abandoning module Media (245)
[2018.10.24-14.41.07:647][844]LogModuleManager: Shutting down and abandoning module PacketHandler (242)
[2018.10.24-14.41.07:647][844]LogModuleManager: Shutting down and abandoning module ClothingSystemEditor (240)
[2018.10.24-14.41.07:647][844]LogModuleManager: Shutting down and abandoning module ClothingSystemRuntime (238)
[2018.10.24-14.41.07:647][844]LogModuleManager: Shutting down and abandoning module MediaAssets (236)
[2018.10.24-14.41.07:647][844]LogModuleManager: Shutting down and abandoning module Overlay (234)
[2018.10.24-14.41.07:647][844]LogModuleManager: Shutting down and abandoning module OverlayEditor (233)
[2018.10.24-14.41.07:647][844]LogModuleManager: Shutting down and abandoning module VREditor (230)
[2018.10.24-14.41.07:647][844]LogModuleManager: Shutting down and abandoning module StringTableEditor (228)
[2018.10.24-14.41.07:647][844]LogModuleManager: Shutting down and abandoning module GameplayTasksEditor (226)
[2018.10.24-14.41.07:647][844]LogModuleManager: Shutting down and abandoning module BehaviorTreeEditor (224)
[2018.10.24-14.41.07:648][844]LogModuleManager: Shutting down and abandoning module FunctionalTesting (222)
[2018.10.24-14.41.07:648][844]LogModuleManager: Shutting down and abandoning module CollisionAnalyzer (220)
[2018.10.24-14.41.07:648][844]LogModuleManager: Shutting down and abandoning module WorkspaceMenuStructure (219)
[2018.10.24-14.41.07:648][844]LogModuleManager: Shutting down and abandoning module UMG (216)
[2018.10.24-14.41.07:648][844]LogModuleManager: Shutting down and abandoning module UMGEditor (215)
[2018.10.24-14.41.07:648][844]LogModuleManager: Shutting down and abandoning module Sequencer (214)
[2018.10.24-14.41.07:648][844]LogModuleManager: Shutting down and abandoning module MessageLog (211)
[2018.10.24-14.41.07:648][844]LogModuleManager: Shutting down and abandoning module SlateReflector (206)
[2018.10.24-14.41.07:648][844]LogModuleManager: Shutting down and abandoning module Slate (204)
[2018.10.24-14.41.07:648][844]LogModuleManager: Shutting down and abandoning module EditorStyle (202)
[2018.10.24-14.41.07:650][844]LogModuleManager: Shutting down and abandoning module MRMesh (200)
[2018.10.24-14.41.07:650][844]LogModuleManager: Shutting down and abandoning module SourceCodeAccess (198)
[2018.10.24-14.41.07:651][844]LogModuleManager: Shutting down and abandoning module HeadMountedDisplay (196)
[2018.10.24-14.41.07:651][844]LogModuleManager: Shutting down and abandoning module XAudio2 (194)
[2018.10.24-14.41.07:651][844]LogModuleManager: Shutting down and abandoning module Networking (192)
[2018.10.24-14.41.07:651][844]LogModuleManager: Shutting down and abandoning module Core (190)
[2018.10.24-14.41.07:651][844]LogModuleManager: Shutting down and abandoning module LevelSequence (188)
[2018.10.24-14.41.07:651][844]LogModuleManager: Shutting down and abandoning module KismetCompiler (186)
[2018.10.24-14.41.07:651][844]LogModuleManager: Shutting down and abandoning module MeshUtilities (184)
[2018.10.24-14.41.07:651][844]LogModuleManager: Shutting down and abandoning module MeshMergeUtilities (183)
[2018.10.24-14.41.07:651][844]LogModuleManager: Shutting down and abandoning module MeshReductionInterface (182)
[2018.10.24-14.41.07:651][844]LogModuleManager: Shutting down and abandoning module SimplygonSwarm (181)
[2018.10.24-14.41.07:651][844]LogModuleManager: Shutting down and abandoning module ProxyLODMeshReduction (179)
[2018.10.24-14.41.07:651][844]LogModuleManager: Shutting down and abandoning module SimplygonMeshReduction (177)
[2018.10.24-14.41.07:651][844]LogModuleManager: Shutting down and abandoning module QuadricMeshReduction (175)
[2018.10.24-14.41.07:651][844]LogModuleManager: Shutting down and abandoning module MaterialBaking (171)
[2018.10.24-14.41.07:651][844]LogModuleManager: Shutting down and abandoning module DirectoryWatcher (167)
[2018.10.24-14.41.07:651][844]LogModuleManager: Shutting down and abandoning module DerivedDataCache (164)
[2018.10.24-14.41.07:722][844]LogDerivedDataCache: Shutdown
[2018.10.24-14.41.07:722][844]LogModuleManager: Shutting down and abandoning module XGEController (162)
[2018.10.24-14.41.07:722][844]LogModuleManager: Shutting down and abandoning module TargetPlatform (160)
[2018.10.24-14.41.07:722][844]LogModuleManager: Shutting down and abandoning module VulkanShaderFormat (159)
[2018.10.24-14.41.07:722][844]LogModuleManager: Shutting down and abandoning module ShaderFormatVectorVM (157)
[2018.10.24-14.41.07:723][844]LogModuleManager: Shutting down and abandoning module ShaderFormatOpenGL (155)
[2018.10.24-14.41.07:723][844]LogModuleManager: Shutting down and abandoning module ShaderFormatD3D (153)
[2018.10.24-14.41.07:723][844]LogModuleManager: Shutting down and abandoning module MetalShaderFormat (151)
[2018.10.24-14.41.07:723][844]LogModuleManager: Shutting down and abandoning module TextureFormatUncompressed (149)
[2018.10.24-14.41.07:723][844]LogModuleManager: Shutting down and abandoning module TextureFormatPVR (147)
[2018.10.24-14.41.07:723][844]LogModuleManager: Shutting down and abandoning module TextureFormatDXT (145)
[2018.10.24-14.41.07:723][844]LogModuleManager: Shutting down and abandoning module TextureFormatIntelISPCTexComp (143)
[2018.10.24-14.41.07:723][844]LogModuleManager: Shutting down and abandoning module TextureFormatASTC (141)
[2018.10.24-14.41.07:723][844]LogModuleManager: Shutting down and abandoning module ImageWrapper (140)
[2018.10.24-14.41.07:723][844]LogModuleManager: Shutting down and abandoning module TextureFormatAndroid (137)
[2018.10.24-14.41.07:723][844]LogModuleManager: Shutting down and abandoning module AudioFormatOpus (135)
[2018.10.24-14.41.07:723][844]LogModuleManager: Shutting down and abandoning module AudioFormatOgg (133)
[2018.10.24-14.41.07:723][844]LogModuleManager: Shutting down and abandoning module AudioFormatADPCM (131)
[2018.10.24-14.41.07:723][844]LogModuleManager: Shutting down and abandoning module LuminTargetPlatform (129)
[2018.10.24-14.41.07:723][844]LogModuleManager: Shutting down and abandoning module LinuxTargetPlatform (127)
[2018.10.24-14.41.07:723][844]LogModuleManager: Shutting down and abandoning module LinuxServerTargetPlatform (125)
[2018.10.24-14.41.07:723][844]LogModuleManager: Shutting down and abandoning module LinuxNoEditorTargetPlatform (123)
[2018.10.24-14.41.07:723][844]LogModuleManager: Shutting down and abandoning module LinuxClientTargetPlatform (121)
[2018.10.24-14.41.07:723][844]LogModuleManager: Shutting down and abandoning module TVOSTargetPlatform (119)
[2018.10.24-14.41.07:724][844]LogModuleManager: Shutting down and abandoning module Messaging (117)
[2018.10.24-14.41.07:724][844]LogModuleManager: Shutting down and abandoning module IOSTargetPlatform (115)
[2018.10.24-14.41.07:725][844]LogModuleManager: Shutting down and abandoning module HTML5TargetPlatform (113)
[2018.10.24-14.41.07:725][844]LogModuleManager: Shutting down and abandoning module AndroidTargetPlatform (111)
[2018.10.24-14.41.07:732][844]LogModuleManager: Shutting down and abandoning module WindowsTargetPlatform (109)
[2018.10.24-14.41.07:732][844]LogModuleManager: Shutting down and abandoning module WindowsServerTargetPlatform (107)
[2018.10.24-14.41.07:732][844]LogModuleManager: Shutting down and abandoning module WindowsNoEditorTargetPlatform (105)
[2018.10.24-14.41.07:732][844]LogModuleManager: Shutting down and abandoning module WindowsClientTargetPlatform (103)
[2018.10.24-14.41.07:732][844]LogModuleManager: Shutting down and abandoning module MacTargetPlatform (101)
[2018.10.24-14.41.07:732][844]LogModuleManager: Shutting down and abandoning module MacServerTargetPlatform (99)
[2018.10.24-14.41.07:732][844]LogModuleManager: Shutting down and abandoning module MacNoEditorTargetPlatform (97)
[2018.10.24-14.41.07:732][844]LogModuleManager: Shutting down and abandoning module MacClientTargetPlatform (95)
[2018.10.24-14.41.07:732][844]LogModuleManager: Shutting down and abandoning module AllDesktopTargetPlatform (93)
[2018.10.24-14.41.07:732][844]LogModuleManager: Shutting down and abandoning module InputCore (90)
[2018.10.24-14.41.07:732][844]LogModuleManager: Shutting down and abandoning module Settings (88)
[2018.10.24-14.41.07:732][844]LogModuleManager: Shutting down and abandoning module PhysXCooking (86)
[2018.10.24-14.41.07:732][844]LogModuleManager: Shutting down and abandoning module SteamVR (84)
[2018.10.24-14.41.07:733][844]LogModuleManager: Shutting down and abandoning module OculusHMD (82)
[2018.10.24-14.41.07:733][844]LogModuleManager: Shutting down and abandoning module ExampleDeviceProfileSelector (80)
[2018.10.24-14.41.07:733][844]LogModuleManager: Shutting down and abandoning module LauncherChunkInstaller (78)
[2018.10.24-14.41.07:733][844]LogModuleManager: Shutting down and abandoning module OnlineBlueprintSupport (76)
[2018.10.24-14.41.07:733][844]LogModuleManager: Shutting down and abandoning module OnlineSubsystem (72)
[2018.10.24-14.41.07:734][844]LogModuleManager: Shutting down and abandoning module XMPP (67)
[2018.10.24-14.41.07:734][844]LogModuleManager: Shutting down and abandoning module WebSockets (66)
[2018.10.24-14.41.07:745][844]LogModuleManager: Shutting down and abandoning module HTTP (63)
[2018.10.24-14.41.07:745][844]LogHttp: Display: Http module shutting down, but needs to wait on 1 outstanding Http requests:
[2018.10.24-14.41.07:745][844]LogHttp: Display: 	verb=[POST] url=[https://datarouter.ol.epicgames.com/datarouter/api/v1/public/data?SessionID=%7B42B7B9CE-491A-C441-CECD-71B2450F8CF7%7D&AppID=UEEditor.Rocket.Release&AppVersion=4.20.3-4369336%2B%2B%2BUE4%2BRelease-4.20&UserID=15238a654308dac90c527daabc7a5a7d%7Ca11be4a29a3945f9bba89037371f6f81%7C02a762ea-af9f-4a12-9a05-6c7e282753dd&AppEnvironment=datacollector-binary&UploadType=eteventstream] status=Processing
[2018.10.24-14.41.07:755][844]LogModuleManager: Shutting down and abandoning module SSL (62)
[2018.10.24-14.41.07:756][844]LogModuleManager: Shutting down and abandoning module MagicLeapEmulator (58)
[2018.10.24-14.41.07:756][844]LogModuleManager: Shutting down and abandoning module MagicLeapPrivileges (56)
[2018.10.24-14.41.07:756][844]LogModuleManager: Shutting down and abandoning module MagicLeapIdentity (54)
[2018.10.24-14.41.07:756][844]LogModuleManager: Shutting down and abandoning module MagicLeapHelperVulkan (52)
[2018.10.24-14.41.07:756][844]LogModuleManager: Shutting down and abandoning module MagicLeapHelperOpenGL (50)
[2018.10.24-14.41.07:756][844]LogModuleManager: Shutting down and abandoning module MagicLeapSecureStorage (48)
[2018.10.24-14.41.07:756][844]LogModuleManager: Shutting down and abandoning module MagicLeapGestures (46)
[2018.10.24-14.41.07:756][844]LogModuleManager: Shutting down and abandoning module MagicLeapEyeTracker (44)
[2018.10.24-14.41.07:756][844]LogModuleManager: Shutting down and abandoning module MagicLeapController (42)
[2018.10.24-14.41.07:756][844]LogSlate: Slate User Destroyed.  User Index 0, Is Virtual User: 0
[2018.10.24-14.41.07:757][844]LogModuleManager: Shutting down and abandoning module MagicLeap (40)
[2018.10.24-14.41.07:757][844]LogModuleManager: Shutting down and abandoning module DesktopPlatform (38)
[2018.10.24-14.41.07:757][844]LogModuleManager: Shutting down and abandoning module AnimationModifiers (36)
[2018.10.24-14.41.07:757][844]LogModuleManager: Shutting down and abandoning module PropertyEditor (35)
[2018.10.24-14.41.07:757][844]LogModuleManager: Shutting down and abandoning module AudioEditor (32)
[2018.10.24-14.41.07:757][844]LogModuleManager: Shutting down and abandoning module TextureCompressor (30)
[2018.10.24-14.41.07:757][844]LogModuleManager: Shutting down and abandoning module ShaderCore (28)
[2018.10.24-14.41.07:757][844]LogModuleManager: Shutting down and abandoning module Landscape (26)
[2018.10.24-14.41.07:757][844]LogModuleManager: Shutting down and abandoning module SlateRHIRenderer (24)
[2018.10.24-14.41.07:758][844]LogModuleManager: Shutting down and abandoning module OpenGLDrv (22)
[2018.10.24-14.41.07:758][844]LogModuleManager: Shutting down and abandoning module D3D11RHI (20)
[2018.10.24-14.41.07:758][844]LogModuleManager: Shutting down and abandoning module AnimGraphRuntime (18)
[2018.10.24-14.41.07:758][844]LogModuleManager: Shutting down and abandoning module Renderer (16)
[2018.10.24-14.41.07:758][844]LogModuleManager: Shutting down and abandoning module Engine (14)
[2018.10.24-14.41.07:758][844]LogModuleManager: Shutting down and abandoning module CoreUObject (12)
[2018.10.24-14.41.07:758][844]LogModuleManager: Shutting down and abandoning module NetworkFile (10)
[2018.10.24-14.41.07:758][844]LogModuleManager: Shutting down and abandoning module CookedIterativeFile (8)
[2018.10.24-14.41.07:758][844]LogModuleManager: Shutting down and abandoning module StreamingFile (6)
[2018.10.24-14.41.07:758][844]LogModuleManager: Shutting down and abandoning module SandboxFile (4)
[2018.10.24-14.41.07:758][844]LogModuleManager: Shutting down and abandoning module PakFile (2)
[2018.10.24-14.41.07:764][844]LogExit: Exiting.
[2018.10.24-14.41.07:791][844]Log file closed, 10/24/18 16:41:07
